#
# There is insufficient memory for the Java Runtime Environment to continue.
# Native memory allocation (malloc) failed to allocate 1892176 bytes for Chunk::new
# Possible reasons:
#   The system is out of physical RAM or swap space
#   The process is running with CompressedOops enabled, and the Java Heap may be blocking the growth of the native heap
# Possible solutions:
#   Reduce memory load on the system
#   Increase physical memory or swap space
#   Check if swap backing store is full
#   Decrease Java heap size (-Xmx/-Xms)
#   Decrease number of Java threads
#   Decrease Java thread stack sizes (-Xss)
#   Set larger code cache with -XX:ReservedCodeCacheSize=
#   JVM is running with Unscaled Compressed Oops mode in which the Java heap is
#     placed in the first 4GB address space. The Java Heap base address is the
#     maximum limit for the native heap growth. Please use -XX:HeapBaseMinAddress
#     to set the Java Heap base and to place the Java Heap above 4GB virtual address.
# This output file may be truncated or incomplete.
#
#  Out of Memory Error (./open/src/hotspot/share/memory/arena.cpp:197), pid=18576, tid=18688
#
# JRE version: Java(TM) SE Runtime Environment 18.9 (11.0.17+10) (build 11.0.17+10-LTS-269)
# Java VM: Java HotSpot(TM) 64-Bit Server VM 18.9 (11.0.17+10-LTS-269, mixed mode, tiered, compressed oops, g1 gc, windows-amd64)
# No core dump will be written. Minidumps are not enabled by default on client versions of Windows
#

---------------  S U M M A R Y ------------

Command Line: -XX:MaxMetaspaceSize=512m --add-opens=java.base/java.util=ALL-UNNAMED --add-opens=java.base/java.lang=ALL-UNNAMED --add-opens=java.base/java.lang.invoke=ALL-UNNAMED --add-opens=java.prefs/java.util.prefs=ALL-UNNAMED --add-opens=java.base/java.nio.charset=ALL-UNNAMED --add-opens=java.base/java.net=ALL-UNNAMED --add-opens=java.base/java.util.concurrent.atomic=ALL-UNNAMED -Xmx2048m -Dfile.encoding=windows-1252 -Duser.country=US -Duser.language=en -Duser.variant org.gradle.launcher.daemon.bootstrap.GradleDaemon 8.0.1

Host: Intel(R) Core(TM) i5-10400F CPU @ 2.90GHz, 12 cores, 7G,  Windows 10 , 64 bit Build 19041 (10.0.19041.3570)
Time: Wed Nov 15 18:18:37 2023 India Standard Time elapsed time: 4.203521 seconds (0d 0h 0m 4s)

---------------  T H R E A D  ---------------

Current thread (0x000001ec1926d000):  JavaThread "C2 CompilerThread0" daemon [_thread_in_native, id=18688, stack(0x0000003229b00000,0x0000003229c00000)]


Current CompileTask:
C2:   4203 2248   !   4       java.net.URLClassLoader$1::run (81 bytes)

Stack: [0x0000003229b00000,0x0000003229c00000]
Native frames: (J=compiled Java code, j=interpreted, Vv=VM code, C=native code)
V  [jvm.dll+0x62b5da]
V  [jvm.dll+0x7653df]
V  [jvm.dll+0x766a89]
V  [jvm.dll+0x767113]
V  [jvm.dll+0x23dd28]
V  [jvm.dll+0xb2a1c]
V  [jvm.dll+0xb2fdc]
V  [jvm.dll+0x341552]
V  [jvm.dll+0x30ef13]
V  [jvm.dll+0x30e25a]
V  [jvm.dll+0x1f8733]
V  [jvm.dll+0x1f78fd]
V  [jvm.dll+0x177c91]
V  [jvm.dll+0x207296]
V  [jvm.dll+0x20542b]
V  [jvm.dll+0x72b2c0]
V  [jvm.dll+0x723e64]
V  [jvm.dll+0x62a485]
C  [ucrtbase.dll+0x21bb2]
C  [KERNEL32.DLL+0x17344]
C  [ntdll.dll+0x526b1]


---------------  P R O C E S S  ---------------

Threads class SMR info:
_java_thread_list=0x000001ec1d075770, length=26, elements={
0x000001ec7ad3e800, 0x000001ec19249000, 0x000001ec1924c800, 0x000001ec19266800,
0x000001ec19267800, 0x000001ec1926a000, 0x000001ec1926d000, 0x000001ec19270000,
0x000001ec19280000, 0x000001ec19d2b800, 0x000001ec1ab6b000, 0x000001ec1bc33800,
0x000001ec1bf5c000, 0x000001ec1bbb8000, 0x000001ec1bb2d000, 0x000001ec1bc2a000,
0x000001ec1c021000, 0x000001ec1c021800, 0x000001ec1ae32000, 0x000001ec1c661800,
0x000001ec1c664000, 0x000001ec1c663800, 0x000001ec1c665000, 0x000001ec1cc6f800,
0x000001ec1c665800, 0x000001ec1c660000
}

Java Threads: ( => current thread )
  0x000001ec7ad3e800 JavaThread "main" [_thread_blocked, id=10448, stack(0x0000003228f00000,0x0000003229000000)]
  0x000001ec19249000 JavaThread "Reference Handler" daemon [_thread_blocked, id=16008, stack(0x0000003229600000,0x0000003229700000)]
  0x000001ec1924c800 JavaThread "Finalizer" daemon [_thread_blocked, id=5600, stack(0x0000003229700000,0x0000003229800000)]
  0x000001ec19266800 JavaThread "Signal Dispatcher" daemon [_thread_blocked, id=7380, stack(0x0000003229800000,0x0000003229900000)]
  0x000001ec19267800 JavaThread "Attach Listener" daemon [_thread_blocked, id=6888, stack(0x0000003229900000,0x0000003229a00000)]
  0x000001ec1926a000 JavaThread "Service Thread" daemon [_thread_blocked, id=18852, stack(0x0000003229a00000,0x0000003229b00000)]
=>0x000001ec1926d000 JavaThread "C2 CompilerThread0" daemon [_thread_in_native, id=18688, stack(0x0000003229b00000,0x0000003229c00000)]
  0x000001ec19270000 JavaThread "C1 CompilerThread0" daemon [_thread_blocked, id=8708, stack(0x0000003229c00000,0x0000003229d00000)]
  0x000001ec19280000 JavaThread "Sweeper thread" daemon [_thread_blocked, id=19164, stack(0x0000003229d00000,0x0000003229e00000)]
  0x000001ec19d2b800 JavaThread "Common-Cleaner" daemon [_thread_blocked, id=17016, stack(0x0000003229e00000,0x0000003229f00000)]
  0x000001ec1ab6b000 JavaThread "Daemon health stats" [_thread_blocked, id=18480, stack(0x000000322a300000,0x000000322a400000)]
  0x000001ec1bc33800 JavaThread "Incoming local TCP Connector on port 52830" [_thread_in_native, id=12984, stack(0x000000322a400000,0x000000322a500000)]
  0x000001ec1bf5c000 JavaThread "Daemon periodic checks" [_thread_blocked, id=9732, stack(0x000000322a500000,0x000000322a600000)]
  0x000001ec1bbb8000 JavaThread "Daemon" [_thread_blocked, id=6036, stack(0x000000322a600000,0x000000322a700000)]
  0x000001ec1bb2d000 JavaThread "Handler for socket connection from /127.0.0.1:52830 to /127.0.0.1:52831" [_thread_in_native, id=17764, stack(0x000000322a700000,0x000000322a800000)]
  0x000001ec1bc2a000 JavaThread "Cancel handler" [_thread_blocked, id=5532, stack(0x000000322a800000,0x000000322a900000)]
  0x000001ec1c021000 JavaThread "Daemon worker" [_thread_in_Java, id=12040, stack(0x000000322a900000,0x000000322aa00000)]
  0x000001ec1c021800 JavaThread "Asynchronous log dispatcher for DefaultDaemonConnection: socket connection from /127.0.0.1:52830 to /127.0.0.1:52831" [_thread_blocked, id=18224, stack(0x000000322aa00000,0x000000322ab00000)]
  0x000001ec1ae32000 JavaThread "Stdin handler" [_thread_blocked, id=104, stack(0x000000322ab00000,0x000000322ac00000)]
  0x000001ec1c661800 JavaThread "Daemon client event forwarder" [_thread_blocked, id=10436, stack(0x000000322ac00000,0x000000322ad00000)]
  0x000001ec1c664000 JavaThread "Cache worker for journal cache (C:\Users\Admin\.gradle\caches\journal-1)" [_thread_blocked, id=14628, stack(0x000000322b300000,0x000000322b400000)]
  0x000001ec1c663800 JavaThread "File lock request listener" [_thread_in_native, id=8828, stack(0x000000322b400000,0x000000322b500000)]
  0x000001ec1c665000 JavaThread "Cache worker for file hash cache (C:\Users\Admin\.gradle\caches\8.0.1\fileHashes)" [_thread_blocked, id=16224, stack(0x000000322b700000,0x000000322b800000)]
  0x000001ec1cc6f800 JavaThread "C2 CompilerThread1" daemon [_thread_in_native, id=13056, stack(0x000000322b800000,0x000000322b900000)]
  0x000001ec1c665800 JavaThread "File watcher server" daemon [_thread_in_native, id=19224, stack(0x000000322b900000,0x000000322ba00000)]
  0x000001ec1c660000 JavaThread "File watcher consumer" daemon [_thread_blocked, id=15276, stack(0x000000322ba00000,0x000000322bb00000)]

Other Threads:
  0x000001ec19247000 VMThread "VM Thread" [stack: 0x0000003229500000,0x0000003229600000] [id=100]
  0x000001ec19d67800 WatcherThread [stack: 0x0000003229f00000,0x000000322a000000] [id=3052]
  0x000001ec7ad55000 GCTaskThread "GC Thread#0" [stack: 0x0000003229000000,0x0000003229100000] [id=11152]
  0x000001ec1aaa3000 GCTaskThread "GC Thread#1" [stack: 0x000000322a100000,0x000000322a200000] [id=11332]
  0x000001ec1b4fc800 GCTaskThread "GC Thread#2" [stack: 0x000000322a200000,0x000000322a300000] [id=2900]
  0x000001ec1b4fe000 GCTaskThread "GC Thread#3" [stack: 0x000000322a000000,0x000000322a100000] [id=6228]
  0x000001ec1b4f8800 GCTaskThread "GC Thread#4" [stack: 0x000000322ad00000,0x000000322ae00000] [id=11008]
  0x000001ec1b4f7800 GCTaskThread "GC Thread#5" [stack: 0x000000322ae00000,0x000000322af00000] [id=18092]
  0x000001ec1b4fa000 GCTaskThread "GC Thread#6" [stack: 0x000000322af00000,0x000000322b000000] [id=14576]
  0x000001ec1b4fa800 GCTaskThread "GC Thread#7" [stack: 0x000000322b000000,0x000000322b100000] [id=12540]
  0x000001ec1b4fb800 GCTaskThread "GC Thread#8" [stack: 0x000000322b100000,0x000000322b200000] [id=8640]
  0x000001ec1b4fd800 GCTaskThread "GC Thread#9" [stack: 0x000000322b200000,0x000000322b300000] [id=15828]
  0x000001ec7ad84800 ConcurrentGCThread "G1 Main Marker" [stack: 0x0000003229100000,0x0000003229200000] [id=16088]
  0x000001ec7ad86000 ConcurrentGCThread "G1 Conc#0" [stack: 0x0000003229200000,0x0000003229300000] [id=4364]
  0x000001ec1b4ff000 ConcurrentGCThread "G1 Conc#1" [stack: 0x000000322b500000,0x000000322b600000] [id=13180]
  0x000001ec1b4f9000 ConcurrentGCThread "G1 Conc#2" [stack: 0x000000322b600000,0x000000322b700000] [id=15880]
  0x000001ec190b2800 ConcurrentGCThread "G1 Refine#0" [stack: 0x0000003229300000,0x0000003229400000] [id=19292]
  0x000001ec190b3000 ConcurrentGCThread "G1 Young RemSet Sampling" [stack: 0x0000003229400000,0x0000003229500000] [id=17092]

Threads with active compile tasks:
C2 CompilerThread0     4228 2248   !   4       java.net.URLClassLoader$1::run (81 bytes)
C2 CompilerThread1     4228 2247       4       java.net.URLClassLoader$1::run (5 bytes)

VM state:not at safepoint (normal execution)

VM Mutex/Monitor currently owned by a thread: None

Heap address: 0x0000000080000000, size: 2048 MB, Compressed Oops mode: 32-bit
Narrow klass base: 0x0000000000000000, Narrow klass shift: 3
Compressed class space size: 528482304 Address: 0x0000000100000000

Heap:
 garbage-first heap   total 131072K, used 35270K [0x0000000080000000, 0x0000000100000000)
  region size 1024K, 19 young (19456K), 3 survivors (3072K)
 Metaspace       used 26765K, capacity 27456K, committed 27568K, reserved 540672K
  class space    used 3504K, capacity 3772K, committed 3840K, reserved 516096K
Heap Regions: E=young(eden), S=young(survivor), O=old, HS=humongous(starts), HC=humongous(continues), CS=collection set, F=free, A=archive, TAMS=top-at-mark-start (previous, next)
|   0|0x0000000080000000, 0x0000000080100000, 0x0000000080100000|100%|HS|  |TAMS 0x0000000080100000, 0x0000000080000000| Complete 
|   1|0x0000000080100000, 0x0000000080200000, 0x0000000080200000|100%|HC|  |TAMS 0x0000000080200000, 0x0000000080100000| Complete 
|   2|0x0000000080200000, 0x0000000080300000, 0x0000000080300000|100%|HC|  |TAMS 0x0000000080300000, 0x0000000080200000| Complete 
|   3|0x0000000080300000, 0x0000000080400000, 0x0000000080400000|100%|HC|  |TAMS 0x0000000080400000, 0x0000000080300000| Complete 
|   4|0x0000000080400000, 0x0000000080500000, 0x0000000080500000|100%| O|  |TAMS 0x0000000080500000, 0x0000000080400000| Untracked 
|   5|0x0000000080500000, 0x0000000080600000, 0x0000000080600000|100%| O|  |TAMS 0x0000000080600000, 0x0000000080500000| Untracked 
|   6|0x0000000080600000, 0x0000000080700000, 0x0000000080700000|100%| O|  |TAMS 0x0000000080700000, 0x0000000080600000| Untracked 
|   7|0x0000000080700000, 0x0000000080800000, 0x0000000080800000|100%| O|  |TAMS 0x0000000080800000, 0x0000000080700000| Untracked 
|   8|0x0000000080800000, 0x0000000080900000, 0x0000000080900000|100%| O|  |TAMS 0x0000000080900000, 0x0000000080800000| Untracked 
|   9|0x0000000080900000, 0x0000000080a00000, 0x0000000080a00000|100%| O|  |TAMS 0x0000000080a00000, 0x0000000080900000| Untracked 
|  10|0x0000000080a00000, 0x0000000080b00000, 0x0000000080b00000|100%| O|  |TAMS 0x0000000080b00000, 0x0000000080a00000| Untracked 
|  11|0x0000000080b00000, 0x0000000080c00000, 0x0000000080c00000|100%| O|  |TAMS 0x0000000080c00000, 0x0000000080b00000| Untracked 
|  12|0x0000000080c00000, 0x0000000080d00000, 0x0000000080d00000|100%| O|  |TAMS 0x0000000080d00000, 0x0000000080c00000| Untracked 
|  13|0x0000000080d00000, 0x0000000080e00000, 0x0000000080e00000|100%| O|  |TAMS 0x0000000080e00000, 0x0000000080d00000| Untracked 
|  14|0x0000000080e00000, 0x0000000080f00000, 0x0000000080f00000|100%| O|  |TAMS 0x0000000080f00000, 0x0000000080e00000| Untracked 
|  15|0x0000000080f00000, 0x0000000081000000, 0x0000000081000000|100%| O|  |TAMS 0x0000000081000000, 0x0000000080f00000| Untracked 
|  16|0x0000000081000000, 0x0000000081100000, 0x0000000081100000|100%| O|  |TAMS 0x0000000081100000, 0x0000000081000000| Untracked 
|  17|0x0000000081100000, 0x0000000081108600, 0x0000000081200000|  3%| O|  |TAMS 0x0000000081108600, 0x0000000081100000| Untracked 
|  18|0x0000000081200000, 0x0000000081200000, 0x0000000081300000|  0%| F|  |TAMS 0x0000000081200000, 0x0000000081200000| Untracked 
|  19|0x0000000081300000, 0x0000000081300000, 0x0000000081400000|  0%| F|  |TAMS 0x0000000081300000, 0x0000000081300000| Untracked 
|  20|0x0000000081400000, 0x0000000081400000, 0x0000000081500000|  0%| F|  |TAMS 0x0000000081400000, 0x0000000081400000| Untracked 
|  21|0x0000000081500000, 0x0000000081500000, 0x0000000081600000|  0%| F|  |TAMS 0x0000000081500000, 0x0000000081500000| Untracked 
|  22|0x0000000081600000, 0x0000000081600000, 0x0000000081700000|  0%| F|  |TAMS 0x0000000081600000, 0x0000000081600000| Untracked 
|  23|0x0000000081700000, 0x0000000081700000, 0x0000000081800000|  0%| F|  |TAMS 0x0000000081700000, 0x0000000081700000| Untracked 
|  24|0x0000000081800000, 0x0000000081800000, 0x0000000081900000|  0%| F|  |TAMS 0x0000000081800000, 0x0000000081800000| Untracked 
|  25|0x0000000081900000, 0x0000000081900000, 0x0000000081a00000|  0%| F|  |TAMS 0x0000000081900000, 0x0000000081900000| Untracked 
|  26|0x0000000081a00000, 0x0000000081a00000, 0x0000000081b00000|  0%| F|  |TAMS 0x0000000081a00000, 0x0000000081a00000| Untracked 
|  27|0x0000000081b00000, 0x0000000081b00000, 0x0000000081c00000|  0%| F|  |TAMS 0x0000000081b00000, 0x0000000081b00000| Untracked 
|  28|0x0000000081c00000, 0x0000000081c00000, 0x0000000081d00000|  0%| F|  |TAMS 0x0000000081c00000, 0x0000000081c00000| Untracked 
|  29|0x0000000081d00000, 0x0000000081d00000, 0x0000000081e00000|  0%| F|  |TAMS 0x0000000081d00000, 0x0000000081d00000| Untracked 
|  30|0x0000000081e00000, 0x0000000081e00000, 0x0000000081f00000|  0%| F|  |TAMS 0x0000000081e00000, 0x0000000081e00000| Untracked 
|  31|0x0000000081f00000, 0x0000000081f00000, 0x0000000082000000|  0%| F|  |TAMS 0x0000000081f00000, 0x0000000081f00000| Untracked 
|  32|0x0000000082000000, 0x0000000082000000, 0x0000000082100000|  0%| F|  |TAMS 0x0000000082000000, 0x0000000082000000| Untracked 
|  33|0x0000000082100000, 0x0000000082100000, 0x0000000082200000|  0%| F|  |TAMS 0x0000000082100000, 0x0000000082100000| Untracked 
|  34|0x0000000082200000, 0x0000000082200000, 0x0000000082300000|  0%| F|  |TAMS 0x0000000082200000, 0x0000000082200000| Untracked 
|  35|0x0000000082300000, 0x0000000082300000, 0x0000000082400000|  0%| F|  |TAMS 0x0000000082300000, 0x0000000082300000| Untracked 
|  36|0x0000000082400000, 0x0000000082400000, 0x0000000082500000|  0%| F|  |TAMS 0x0000000082400000, 0x0000000082400000| Untracked 
|  37|0x0000000082500000, 0x0000000082500000, 0x0000000082600000|  0%| F|  |TAMS 0x0000000082500000, 0x0000000082500000| Untracked 
|  38|0x0000000082600000, 0x0000000082600000, 0x0000000082700000|  0%| F|  |TAMS 0x0000000082600000, 0x0000000082600000| Untracked 
|  39|0x0000000082700000, 0x0000000082700000, 0x0000000082800000|  0%| F|  |TAMS 0x0000000082700000, 0x0000000082700000| Untracked 
|  40|0x0000000082800000, 0x0000000082800000, 0x0000000082900000|  0%| F|  |TAMS 0x0000000082800000, 0x0000000082800000| Untracked 
|  41|0x0000000082900000, 0x0000000082900000, 0x0000000082a00000|  0%| F|  |TAMS 0x0000000082900000, 0x0000000082900000| Untracked 
|  42|0x0000000082a00000, 0x0000000082a00000, 0x0000000082b00000|  0%| F|  |TAMS 0x0000000082a00000, 0x0000000082a00000| Untracked 
|  43|0x0000000082b00000, 0x0000000082b00000, 0x0000000082c00000|  0%| F|  |TAMS 0x0000000082b00000, 0x0000000082b00000| Untracked 
|  44|0x0000000082c00000, 0x0000000082c00000, 0x0000000082d00000|  0%| F|  |TAMS 0x0000000082c00000, 0x0000000082c00000| Untracked 
|  45|0x0000000082d00000, 0x0000000082d00000, 0x0000000082e00000|  0%| F|  |TAMS 0x0000000082d00000, 0x0000000082d00000| Untracked 
|  46|0x0000000082e00000, 0x0000000082e00000, 0x0000000082f00000|  0%| F|  |TAMS 0x0000000082e00000, 0x0000000082e00000| Untracked 
|  47|0x0000000082f00000, 0x0000000082f00000, 0x0000000083000000|  0%| F|  |TAMS 0x0000000082f00000, 0x0000000082f00000| Untracked 
|  48|0x0000000083000000, 0x0000000083000000, 0x0000000083100000|  0%| F|  |TAMS 0x0000000083000000, 0x0000000083000000| Untracked 
|  49|0x0000000083100000, 0x0000000083100000, 0x0000000083200000|  0%| F|  |TAMS 0x0000000083100000, 0x0000000083100000| Untracked 
|  50|0x0000000083200000, 0x0000000083200000, 0x0000000083300000|  0%| F|  |TAMS 0x0000000083200000, 0x0000000083200000| Untracked 
|  51|0x0000000083300000, 0x0000000083300000, 0x0000000083400000|  0%| F|  |TAMS 0x0000000083300000, 0x0000000083300000| Untracked 
|  52|0x0000000083400000, 0x0000000083400000, 0x0000000083500000|  0%| F|  |TAMS 0x0000000083400000, 0x0000000083400000| Untracked 
|  53|0x0000000083500000, 0x0000000083500000, 0x0000000083600000|  0%| F|  |TAMS 0x0000000083500000, 0x0000000083500000| Untracked 
|  54|0x0000000083600000, 0x0000000083600000, 0x0000000083700000|  0%| F|  |TAMS 0x0000000083600000, 0x0000000083600000| Untracked 
|  55|0x0000000083700000, 0x0000000083700000, 0x0000000083800000|  0%| F|  |TAMS 0x0000000083700000, 0x0000000083700000| Untracked 
|  56|0x0000000083800000, 0x0000000083800000, 0x0000000083900000|  0%| F|  |TAMS 0x0000000083800000, 0x0000000083800000| Untracked 
|  57|0x0000000083900000, 0x0000000083900000, 0x0000000083a00000|  0%| F|  |TAMS 0x0000000083900000, 0x0000000083900000| Untracked 
|  58|0x0000000083a00000, 0x0000000083a00000, 0x0000000083b00000|  0%| F|  |TAMS 0x0000000083a00000, 0x0000000083a00000| Untracked 
|  59|0x0000000083b00000, 0x0000000083b00000, 0x0000000083c00000|  0%| F|  |TAMS 0x0000000083b00000, 0x0000000083b00000| Untracked 
|  60|0x0000000083c00000, 0x0000000083c00000, 0x0000000083d00000|  0%| F|  |TAMS 0x0000000083c00000, 0x0000000083c00000| Untracked 
|  61|0x0000000083d00000, 0x0000000083d00000, 0x0000000083e00000|  0%| F|  |TAMS 0x0000000083d00000, 0x0000000083d00000| Untracked 
|  62|0x0000000083e00000, 0x0000000083e00000, 0x0000000083f00000|  0%| F|  |TAMS 0x0000000083e00000, 0x0000000083e00000| Untracked 
|  63|0x0000000083f00000, 0x0000000083f00000, 0x0000000084000000|  0%| F|  |TAMS 0x0000000083f00000, 0x0000000083f00000| Untracked 
|  64|0x0000000084000000, 0x0000000084000000, 0x0000000084100000|  0%| F|  |TAMS 0x0000000084000000, 0x0000000084000000| Untracked 
|  65|0x0000000084100000, 0x0000000084100000, 0x0000000084200000|  0%| F|  |TAMS 0x0000000084100000, 0x0000000084100000| Untracked 
|  66|0x0000000084200000, 0x0000000084200000, 0x0000000084300000|  0%| F|  |TAMS 0x0000000084200000, 0x0000000084200000| Untracked 
|  67|0x0000000084300000, 0x0000000084300000, 0x0000000084400000|  0%| F|  |TAMS 0x0000000084300000, 0x0000000084300000| Untracked 
|  68|0x0000000084400000, 0x0000000084400000, 0x0000000084500000|  0%| F|  |TAMS 0x0000000084400000, 0x0000000084400000| Untracked 
|  69|0x0000000084500000, 0x0000000084500000, 0x0000000084600000|  0%| F|  |TAMS 0x0000000084500000, 0x0000000084500000| Untracked 
|  70|0x0000000084600000, 0x0000000084600000, 0x0000000084700000|  0%| F|  |TAMS 0x0000000084600000, 0x0000000084600000| Untracked 
|  71|0x0000000084700000, 0x0000000084700000, 0x0000000084800000|  0%| F|  |TAMS 0x0000000084700000, 0x0000000084700000| Untracked 
|  72|0x0000000084800000, 0x0000000084800000, 0x0000000084900000|  0%| F|  |TAMS 0x0000000084800000, 0x0000000084800000| Untracked 
|  73|0x0000000084900000, 0x0000000084900000, 0x0000000084a00000|  0%| F|  |TAMS 0x0000000084900000, 0x0000000084900000| Untracked 
|  74|0x0000000084a00000, 0x0000000084a00000, 0x0000000084b00000|  0%| F|  |TAMS 0x0000000084a00000, 0x0000000084a00000| Untracked 
|  75|0x0000000084b00000, 0x0000000084b00000, 0x0000000084c00000|  0%| F|  |TAMS 0x0000000084b00000, 0x0000000084b00000| Untracked 
|  76|0x0000000084c00000, 0x0000000084c693f8, 0x0000000084d00000| 41%| S|CS|TAMS 0x0000000084c00000, 0x0000000084c00000| Complete 
|  77|0x0000000084d00000, 0x0000000084e00000, 0x0000000084e00000|100%| S|CS|TAMS 0x0000000084d00000, 0x0000000084d00000| Complete 
|  78|0x0000000084e00000, 0x0000000084f00000, 0x0000000084f00000|100%| S|CS|TAMS 0x0000000084e00000, 0x0000000084e00000| Complete 
|  79|0x0000000084f00000, 0x0000000084f00000, 0x0000000085000000|  0%| F|  |TAMS 0x0000000084f00000, 0x0000000084f00000| Untracked 
|  80|0x0000000085000000, 0x0000000085000000, 0x0000000085100000|  0%| F|  |TAMS 0x0000000085000000, 0x0000000085000000| Untracked 
|  81|0x0000000085100000, 0x0000000085100000, 0x0000000085200000|  0%| F|  |TAMS 0x0000000085100000, 0x0000000085100000| Untracked 
|  82|0x0000000085200000, 0x0000000085200000, 0x0000000085300000|  0%| F|  |TAMS 0x0000000085200000, 0x0000000085200000| Untracked 
|  83|0x0000000085300000, 0x0000000085300000, 0x0000000085400000|  0%| F|  |TAMS 0x0000000085300000, 0x0000000085300000| Untracked 
|  84|0x0000000085400000, 0x0000000085400000, 0x0000000085500000|  0%| F|  |TAMS 0x0000000085400000, 0x0000000085400000| Untracked 
|  85|0x0000000085500000, 0x0000000085500000, 0x0000000085600000|  0%| F|  |TAMS 0x0000000085500000, 0x0000000085500000| Untracked 
|  86|0x0000000085600000, 0x0000000085600000, 0x0000000085700000|  0%| F|  |TAMS 0x0000000085600000, 0x0000000085600000| Untracked 
|  87|0x0000000085700000, 0x0000000085700000, 0x0000000085800000|  0%| F|  |TAMS 0x0000000085700000, 0x0000000085700000| Untracked 
|  88|0x0000000085800000, 0x0000000085800000, 0x0000000085900000|  0%| F|  |TAMS 0x0000000085800000, 0x0000000085800000| Untracked 
|  89|0x0000000085900000, 0x0000000085900000, 0x0000000085a00000|  0%| F|  |TAMS 0x0000000085900000, 0x0000000085900000| Untracked 
|  90|0x0000000085a00000, 0x0000000085a00000, 0x0000000085b00000|  0%| F|  |TAMS 0x0000000085a00000, 0x0000000085a00000| Untracked 
|  91|0x0000000085b00000, 0x0000000085b00000, 0x0000000085c00000|  0%| F|  |TAMS 0x0000000085b00000, 0x0000000085b00000| Untracked 
|  92|0x0000000085c00000, 0x0000000085c00000, 0x0000000085d00000|  0%| F|  |TAMS 0x0000000085c00000, 0x0000000085c00000| Untracked 
|  93|0x0000000085d00000, 0x0000000085d00000, 0x0000000085e00000|  0%| F|  |TAMS 0x0000000085d00000, 0x0000000085d00000| Untracked 
|  94|0x0000000085e00000, 0x0000000085e00000, 0x0000000085f00000|  0%| F|  |TAMS 0x0000000085e00000, 0x0000000085e00000| Untracked 
|  95|0x0000000085f00000, 0x0000000085f00000, 0x0000000086000000|  0%| F|  |TAMS 0x0000000085f00000, 0x0000000085f00000| Untracked 
|  96|0x0000000086000000, 0x0000000086000000, 0x0000000086100000|  0%| F|  |TAMS 0x0000000086000000, 0x0000000086000000| Untracked 
|  97|0x0000000086100000, 0x0000000086100000, 0x0000000086200000|  0%| F|  |TAMS 0x0000000086100000, 0x0000000086100000| Untracked 
|  98|0x0000000086200000, 0x0000000086200000, 0x0000000086300000|  0%| F|  |TAMS 0x0000000086200000, 0x0000000086200000| Untracked 
|  99|0x0000000086300000, 0x0000000086300000, 0x0000000086400000|  0%| F|  |TAMS 0x0000000086300000, 0x0000000086300000| Untracked 
| 100|0x0000000086400000, 0x0000000086400000, 0x0000000086500000|  0%| F|  |TAMS 0x0000000086400000, 0x0000000086400000| Untracked 
| 101|0x0000000086500000, 0x0000000086500000, 0x0000000086600000|  0%| F|  |TAMS 0x0000000086500000, 0x0000000086500000| Untracked 
| 102|0x0000000086600000, 0x0000000086600000, 0x0000000086700000|  0%| F|  |TAMS 0x0000000086600000, 0x0000000086600000| Untracked 
| 103|0x0000000086700000, 0x0000000086700000, 0x0000000086800000|  0%| F|  |TAMS 0x0000000086700000, 0x0000000086700000| Untracked 
| 104|0x0000000086800000, 0x0000000086800000, 0x0000000086900000|  0%| F|  |TAMS 0x0000000086800000, 0x0000000086800000| Untracked 
| 105|0x0000000086900000, 0x0000000086900000, 0x0000000086a00000|  0%| F|  |TAMS 0x0000000086900000, 0x0000000086900000| Untracked 
| 106|0x0000000086a00000, 0x0000000086a00000, 0x0000000086b00000|  0%| F|  |TAMS 0x0000000086a00000, 0x0000000086a00000| Untracked 
| 107|0x0000000086b00000, 0x0000000086b00000, 0x0000000086c00000|  0%| F|  |TAMS 0x0000000086b00000, 0x0000000086b00000| Untracked 
| 108|0x0000000086c00000, 0x0000000086c00000, 0x0000000086d00000|  0%| F|  |TAMS 0x0000000086c00000, 0x0000000086c00000| Untracked 
| 109|0x0000000086d00000, 0x0000000086d00000, 0x0000000086e00000|  0%| F|  |TAMS 0x0000000086d00000, 0x0000000086d00000| Untracked 
| 110|0x0000000086e00000, 0x0000000086e00000, 0x0000000086f00000|  0%| F|  |TAMS 0x0000000086e00000, 0x0000000086e00000| Untracked 
| 111|0x0000000086f00000, 0x0000000086f00000, 0x0000000087000000|  0%| F|  |TAMS 0x0000000086f00000, 0x0000000086f00000| Untracked 
| 112|0x0000000087000000, 0x0000000087100000, 0x0000000087100000|100%| E|  |TAMS 0x0000000087000000, 0x0000000087000000| Complete 
| 113|0x0000000087100000, 0x0000000087200000, 0x0000000087200000|100%| E|CS|TAMS 0x0000000087100000, 0x0000000087100000| Complete 
| 114|0x0000000087200000, 0x0000000087300000, 0x0000000087300000|100%| E|CS|TAMS 0x0000000087200000, 0x0000000087200000| Complete 
| 115|0x0000000087300000, 0x0000000087400000, 0x0000000087400000|100%| E|CS|TAMS 0x0000000087300000, 0x0000000087300000| Complete 
| 116|0x0000000087400000, 0x0000000087500000, 0x0000000087500000|100%| E|CS|TAMS 0x0000000087400000, 0x0000000087400000| Complete 
| 117|0x0000000087500000, 0x0000000087600000, 0x0000000087600000|100%| E|CS|TAMS 0x0000000087500000, 0x0000000087500000| Complete 
| 118|0x0000000087600000, 0x0000000087700000, 0x0000000087700000|100%| E|CS|TAMS 0x0000000087600000, 0x0000000087600000| Complete 
| 119|0x0000000087700000, 0x0000000087800000, 0x0000000087800000|100%| E|CS|TAMS 0x0000000087700000, 0x0000000087700000| Complete 
| 120|0x0000000087800000, 0x0000000087900000, 0x0000000087900000|100%| E|CS|TAMS 0x0000000087800000, 0x0000000087800000| Complete 
| 121|0x0000000087900000, 0x0000000087a00000, 0x0000000087a00000|100%| E|CS|TAMS 0x0000000087900000, 0x0000000087900000| Complete 
| 122|0x0000000087a00000, 0x0000000087b00000, 0x0000000087b00000|100%| E|CS|TAMS 0x0000000087a00000, 0x0000000087a00000| Complete 
| 123|0x0000000087b00000, 0x0000000087c00000, 0x0000000087c00000|100%| E|CS|TAMS 0x0000000087b00000, 0x0000000087b00000| Complete 
| 124|0x0000000087c00000, 0x0000000087d00000, 0x0000000087d00000|100%| E|CS|TAMS 0x0000000087c00000, 0x0000000087c00000| Complete 
| 125|0x0000000087d00000, 0x0000000087e00000, 0x0000000087e00000|100%| E|CS|TAMS 0x0000000087d00000, 0x0000000087d00000| Complete 
| 126|0x0000000087e00000, 0x0000000087f00000, 0x0000000087f00000|100%| E|CS|TAMS 0x0000000087e00000, 0x0000000087e00000| Complete 
| 127|0x0000000087f00000, 0x0000000088000000, 0x0000000088000000|100%| E|CS|TAMS 0x0000000087f00000, 0x0000000087f00000| Complete 

Card table byte_map: [0x000001ec7b770000,0x000001ec7bb70000] _byte_map_base: 0x000001ec7b370000

Marking Bits (Prev, Next): (CMBitMap*) 0x000001ec7ad7bcc0, (CMBitMap*) 0x000001ec7ad7bc88
 Prev Bits: [0x000001ec7df70000, 0x000001ec7ff70000)
 Next Bits: [0x000001ec7bf70000, 0x000001ec7df70000)

Polling page: 0x000001ec78d30000

Metaspace:

Usage:
  Non-class:     23.13 MB capacity,    22.72 MB ( 98%) used,   356.08 KB (  2%) free+waste,    58.06 KB ( <1%) overhead. 
      Class:      3.68 MB capacity,     3.43 MB ( 93%) used,   232.99 KB (  6%) free+waste,    30.31 KB ( <1%) overhead. 
       Both:     26.81 MB capacity,    26.15 MB ( 98%) used,   589.07 KB (  2%) free+waste,    88.38 KB ( <1%) overhead. 

Virtual space:
  Non-class space:       24.00 MB reserved,      23.17 MB ( 97%) committed 
      Class space:      504.00 MB reserved,       3.75 MB ( <1%) committed 
             Both:      528.00 MB reserved,      26.92 MB (  5%) committed 

Chunk freelists:
   Non-Class:  5.50 KB
       Class:  512 bytes
        Both:  6.00 KB

CodeHeap 'non-profiled nmethods': size=120000Kb used=1104Kb max_used=1104Kb free=118895Kb
 bounds [0x000001ec0f0c0000, 0x000001ec0f330000, 0x000001ec165f0000]
CodeHeap 'profiled nmethods': size=120000Kb used=4955Kb max_used=4955Kb free=115044Kb
 bounds [0x000001ec07b90000, 0x000001ec08070000, 0x000001ec0f0c0000]
CodeHeap 'non-nmethods': size=5760Kb used=1163Kb max_used=1197Kb free=4596Kb
 bounds [0x000001ec075f0000, 0x000001ec07860000, 0x000001ec07b90000]
 total_blobs=2873 nmethods=2364 adapters=420
 compilation: enabled
              stopped_count=0, restarted_count=0
 full_count=0

Compilation events (10 events):
Event: 4.194 Thread 0x000001ec19270000 2362       3       java.lang.invoke.Invokers::checkExactType (17 bytes)
Event: 4.195 Thread 0x000001ec19270000 nmethod 2362 0x000001ec08060010 code [0x000001ec080601c0, 0x000001ec080603a8]
Event: 4.195 Thread 0x000001ec19270000 2363       3       java.lang.invoke.BoundMethodHandle::<init> (32 bytes)
Event: 4.195 Thread 0x000001ec19270000 nmethod 2363 0x000001ec08060490 code [0x000001ec08060640, 0x000001ec08060788]
Event: 4.196 Thread 0x000001ec19270000 2364       3       java.lang.invoke.MethodHandleNatives::linkCallSite (66 bytes)
Event: 4.196 Thread 0x000001ec19270000 nmethod 2364 0x000001ec08060810 code [0x000001ec08060a00, 0x000001ec08060f08]
Event: 4.196 Thread 0x000001ec19270000 2365       3       java.lang.invoke.MethodHandleNatives::linkCallSiteImpl (44 bytes)
Event: 4.196 Thread 0x000001ec19270000 nmethod 2365 0x000001ec08061090 code [0x000001ec080612a0, 0x000001ec08061a38]
Event: 4.197 Thread 0x000001ec19270000 2366       3       java.lang.invoke.ConstantCallSite::<init> (11 bytes)
Event: 4.197 Thread 0x000001ec19270000 nmethod 2366 0x000001ec08061d10 code [0x000001ec08061f20, 0x000001ec080626e8]

GC Heap History (8 events):
Event: 0.729 GC heap before
{Heap before GC invocations=0 (full 0):
 garbage-first heap   total 131072K, used 27648K [0x0000000080000000, 0x0000000100000000)
  region size 1024K, 24 young (24576K), 0 survivors (0K)
 Metaspace       used 9640K, capacity 9839K, committed 10112K, reserved 526336K
  class space    used 1003K, capacity 1069K, committed 1152K, reserved 516096K
}
Event: 0.751 GC heap after
{Heap after GC invocations=1 (full 0):
 garbage-first heap   total 131072K, used 10779K [0x0000000080000000, 0x0000000100000000)
  region size 1024K, 3 young (3072K), 3 survivors (3072K)
 Metaspace       used 9640K, capacity 9839K, committed 10112K, reserved 526336K
  class space    used 1003K, capacity 1069K, committed 1152K, reserved 516096K
}
Event: 2.845 GC heap before
{Heap before GC invocations=1 (full 0):
 garbage-first heap   total 131072K, used 85531K [0x0000000080000000, 0x0000000100000000)
  region size 1024K, 76 young (77824K), 3 survivors (3072K)
 Metaspace       used 18466K, capacity 18866K, committed 19072K, reserved 534528K
  class space    used 2177K, capacity 2314K, committed 2432K, reserved 516096K
}
Event: 2.873 GC heap after
{Heap after GC invocations=2 (full 0):
 garbage-first heap   total 131072K, used 17979K [0x0000000080000000, 0x0000000100000000)
  region size 1024K, 10 young (10240K), 10 survivors (10240K)
 Metaspace       used 18466K, capacity 18866K, committed 19072K, reserved 534528K
  class space    used 2177K, capacity 2314K, committed 2432K, reserved 516096K
}
Event: 3.398 GC heap before
{Heap before GC invocations=2 (full 0):
 garbage-first heap   total 131072K, used 37435K [0x0000000080000000, 0x0000000100000000)
  region size 1024K, 30 young (30720K), 10 survivors (10240K)
 Metaspace       used 20681K, capacity 21172K, committed 21296K, reserved 536576K
  class space    used 2522K, capacity 2687K, committed 2688K, reserved 516096K
}
Event: 3.414 GC heap after
{Heap after GC invocations=3 (full 0):
 garbage-first heap   total 131072K, used 18533K [0x0000000080000000, 0x0000000100000000)
  region size 1024K, 2 young (2048K), 2 survivors (2048K)
 Metaspace       used 20681K, capacity 21172K, committed 21296K, reserved 536576K
  class space    used 2522K, capacity 2687K, committed 2688K, reserved 516096K
}
Event: 3.977 GC heap before
{Heap before GC invocations=4 (full 0):
 garbage-first heap   total 131072K, used 66661K [0x0000000080000000, 0x0000000100000000)
  region size 1024K, 49 young (50176K), 2 survivors (2048K)
 Metaspace       used 24827K, capacity 25397K, committed 25648K, reserved 538624K
  class space    used 3209K, capacity 3418K, committed 3456K, reserved 516096K
}
Event: 3.982 GC heap after
{Heap after GC invocations=5 (full 0):
 garbage-first heap   total 131072K, used 19910K [0x0000000080000000, 0x0000000100000000)
  region size 1024K, 3 young (3072K), 3 survivors (3072K)
 Metaspace       used 24827K, capacity 25397K, committed 25648K, reserved 538624K
  class space    used 3209K, capacity 3418K, committed 3456K, reserved 516096K
}

Deoptimization events (10 events):
Event: 3.334 Thread 0x000001ec1c021000 Uncommon trap: reason=class_check action=maybe_recompile pc=0x000001ec0f0d72c4 method=java.util.regex.Matcher.match(II)Z @ 121 c2
Event: 3.358 Thread 0x000001ec1c021000 Uncommon trap: reason=unstable_if action=reinterpret pc=0x000001ec0f12e358 method=java.util.regex.Matcher.reset()Ljava/util/regex/Matcher; @ 71 c2
Event: 3.358 Thread 0x000001ec1c021000 Uncommon trap: reason=unstable_if action=reinterpret pc=0x000001ec0f0d7330 method=java.util.regex.Matcher.match(II)Z @ 76 c2
Event: 3.442 Thread 0x000001ec1c021000 Uncommon trap: reason=unstable_if action=reinterpret pc=0x000001ec0f0da7b0 method=java.io.WinNTFileSystem.resolve(Ljava/lang/String;Ljava/lang/String;)Ljava/lang/String; @ 19 c2
Event: 3.443 Thread 0x000001ec1c021000 Uncommon trap: reason=bimorphic_or_optimized_type_check action=maybe_recompile pc=0x000001ec0f13a6a4 method=java.util.AbstractList$Itr.hasNext()Z @ 8 c2
Event: 3.443 Thread 0x000001ec1c021000 Uncommon trap: reason=bimorphic_or_optimized_type_check action=maybe_recompile pc=0x000001ec0f13aa20 method=java.util.AbstractList$Itr.next()Ljava/lang/Object; @ 14 c2
Event: 3.444 Thread 0x000001ec1c021000 Uncommon trap: reason=unstable_if action=reinterpret pc=0x000001ec0f133604 method=java.io.File.getName()Ljava/lang/String; @ 16 c2
Event: 3.444 Thread 0x000001ec1c021000 Uncommon trap: reason=unstable_if action=reinterpret pc=0x000001ec0f131414 method=java.lang.String.substring(I)Ljava/lang/String; @ 34 c2
Event: 3.509 Thread 0x000001ec1c021000 Uncommon trap: reason=intrinsic_or_type_checked_inlining action=make_not_entrant pc=0x000001ec0f1ad158 method=java.util.Arrays.copyOf([Ljava/lang/Object;ILjava/lang/Class;)[Ljava/lang/Object; @ 35 c2
Event: 3.943 Thread 0x000001ec1c021000 Uncommon trap: reason=unstable_if action=reinterpret pc=0x000001ec0f193adc method=java.util.HashMap.hash(Ljava/lang/Object;)I @ 1 c2

Classes redefined (0 events):
No events

Internal exceptions (10 events):
Event: 3.654 Thread 0x000001ec1c021000 Exception <a 'java/lang/IncompatibleClassChangeError'{0x0000000087289730}: Found class java.lang.Object, but interface was expected> (0x0000000087289730) thrown at [./open/src/hotspot/share/interpreter/linkResolver.cpp, line 838]
Event: 3.830 Thread 0x000001ec1c021000 Exception <a 'java/lang/NoSuchMethodError'{0x0000000085ebcfe0}: java.lang.invoke.DirectMethodHandle$Holder.invokeVirtual(Ljava/lang/Object;Ljava/lang/Object;Ljava/lang/Object;Ljava/lang/Object;)Ljava/lang/Object;> (0x0000000085ebcfe0) thrown at [./open/sr
Event: 3.866 Thread 0x000001ec1c021000 Exception <a 'java/lang/NoSuchMethodError'{0x0000000085b955b0}: java.lang.invoke.Invokers$Holder.linkToTargetMethod(Ljava/lang/Object;Ljava/lang/Object;Ljava/lang/Object;Ljava/lang/Object;Ljava/lang/Object;Ljava/lang/Object;Ljava/lang/Object;)Ljava/lang/O
Event: 3.888 Thread 0x000001ec1c021000 Exception <a 'java/lang/NoSuchMethodError'{0x0000000085937688}: java.lang.invoke.DirectMethodHandle$Holder.invokeVirtual(Ljava/lang/Object;Ljava/lang/Object;Ljava/lang/Object;Ljava/lang/Object;Ljava/lang/Object;Ljava/lang/Object;Ljava/lang/Object;Ljava/la
Event: 3.935 Thread 0x000001ec1c021000 Exception <a 'java/lang/NoSuchMethodError'{0x0000000085207958}: java.lang.invoke.DirectMethodHandle$Holder.invokeStatic(Ljava/lang/Object;Ljava/lang/Object;Ljava/lang/Object;Ljava/lang/Object;Ljava/lang/Object;)V> (0x0000000085207958) thrown at [./open/sr
Event: 3.943 Thread 0x000001ec1c021000 Implicit null exception at 0x000001ec0f192b9e to 0x000001ec0f193ac1
Event: 4.029 Thread 0x000001ec1c021000 Exception <a 'java/lang/NoSuchMethodError'{0x0000000087c8d960}: java.lang.invoke.DirectMethodHandle$Holder.invokeStaticInit(Ljava/lang/Object;Ljava/lang/Object;)V> (0x0000000087c8d960) thrown at [./open/src/hotspot/share/interpreter/linkResolver.cpp, line
Event: 4.159 Thread 0x000001ec1c021000 Exception <a 'java/lang/NoSuchMethodError'{0x000000008752cd18}: java.lang.invoke.DirectMethodHandle$Holder.invokeStatic(Ljava/lang/Object;Ljava/lang/Object;Ljava/lang/Object;Ljava/lang/Object;)V> (0x000000008752cd18) thrown at [./open/src/hotspot/share/in
Event: 4.161 Thread 0x000001ec1c021000 Exception <a 'java/lang/NoSuchMethodError'{0x000000008754bd98}: java.lang.invoke.DirectMethodHandle$Holder.invokeVirtual(Ljava/lang/Object;Ljava/lang/Object;)I> (0x000000008754bd98) thrown at [./open/src/hotspot/share/interpreter/linkResolver.cpp, line 77
Event: 4.170 Thread 0x000001ec1c021000 Exception <a 'java/lang/NoSuchMethodError'{0x00000000875c1038}: java.lang.invoke.DirectMethodHandle$Holder.invokeVirtual(Ljava/lang/Object;Ljava/lang/Object;Ljava/lang/Object;)I> (0x00000000875c1038) thrown at [./open/src/hotspot/share/interpreter/linkRes

Events (10 events):
Event: 4.198 loading class org/gradle/internal/composite/ChildBuildRegisteringSettingsLoader
Event: 4.198 loading class org/gradle/internal/composite/ChildBuildRegisteringSettingsLoader done
Event: 4.199 loading class org/gradle/internal/composite/CommandLineIncludedBuildSettingsLoader
Event: 4.199 loading class org/gradle/internal/composite/CommandLineIncludedBuildSettingsLoader done
Event: 4.199 loading class org/gradle/initialization/SettingsAttachingSettingsLoader
Event: 4.199 loading class org/gradle/initialization/SettingsAttachingSettingsLoader done
Event: 4.199 loading class org/gradle/initialization/DefaultSettingsLoader
Event: 4.199 loading class org/gradle/initialization/DefaultSettingsLoader done
Event: 4.200 loading class org/gradle/initialization/DefaultGradlePropertiesController$Loaded
Event: 4.200 loading class org/gradle/initialization/DefaultGradlePropertiesController$Loaded done


Dynamic libraries:
0x00007ff6d7070000 - 0x00007ff6d707f000 	C:\Program Files\Java\jdk-11.0.17\bin\java.exe
0x00007ffeb54d0000 - 0x00007ffeb56c7000 	C:\WINDOWS\SYSTEM32\ntdll.dll
0x00007ffeb3920000 - 0x00007ffeb39dd000 	C:\WINDOWS\System32\KERNEL32.DLL
0x00007ffeb2c80000 - 0x00007ffeb2f76000 	C:\WINDOWS\System32\KERNELBASE.dll
0x00007ffeb3430000 - 0x00007ffeb3530000 	C:\WINDOWS\System32\ucrtbase.dll
0x00007ffeabf90000 - 0x00007ffeabfa8000 	C:\Program Files\Java\jdk-11.0.17\bin\jli.dll
0x00007ffeac050000 - 0x00007ffeac065000 	C:\Program Files\Java\jdk-11.0.17\bin\VCRUNTIME140.dll
0x00007ffeb49d0000 - 0x00007ffeb4a7e000 	C:\WINDOWS\System32\ADVAPI32.dll
0x00007ffeb3f90000 - 0x00007ffeb402e000 	C:\WINDOWS\System32\msvcrt.dll
0x00007ffeb4660000 - 0x00007ffeb46fc000 	C:\WINDOWS\System32\sechost.dll
0x00007ffeb4170000 - 0x00007ffeb4296000 	C:\WINDOWS\System32\RPCRT4.dll
0x00007ffeb5230000 - 0x00007ffeb53ce000 	C:\WINDOWS\System32\USER32.dll
0x00007ffea54b0000 - 0x00007ffea574a000 	C:\WINDOWS\WinSxS\amd64_microsoft.windows.common-controls_6595b64144ccf1df_6.0.19041.3570_none_60bb2a3971f3e41a\COMCTL32.dll
0x00007ffeb3400000 - 0x00007ffeb3422000 	C:\WINDOWS\System32\win32u.dll
0x00007ffeb5460000 - 0x00007ffeb548c000 	C:\WINDOWS\System32\GDI32.dll
0x00007ffeb32e0000 - 0x00007ffeb33fa000 	C:\WINDOWS\System32\gdi32full.dll
0x00007ffeb2be0000 - 0x00007ffeb2c7d000 	C:\WINDOWS\System32\msvcp_win.dll
0x00007ffeaca20000 - 0x00007ffeaca2a000 	C:\WINDOWS\SYSTEM32\VERSION.dll
0x00007ffeb3f60000 - 0x00007ffeb3f90000 	C:\WINDOWS\System32\IMM32.DLL
0x00007ffe8f980000 - 0x00007ffe8fa1b000 	C:\Program Files\Java\jdk-11.0.17\bin\msvcp140.dll
0x00007ffe5d520000 - 0x00007ffe5e03a000 	C:\Program Files\Java\jdk-11.0.17\bin\server\jvm.dll
0x00007ffeb4030000 - 0x00007ffeb4038000 	C:\WINDOWS\System32\PSAPI.DLL
0x00007ffeaa0e0000 - 0x00007ffeaa107000 	C:\WINDOWS\SYSTEM32\WINMM.dll
0x00007ffeae1f0000 - 0x00007ffeae1f9000 	C:\WINDOWS\SYSTEM32\WSOCK32.dll
0x00007ffeb47b0000 - 0x00007ffeb481b000 	C:\WINDOWS\System32\WS2_32.dll
0x00007ffeb0a70000 - 0x00007ffeb0a82000 	C:\WINDOWS\SYSTEM32\kernel.appcore.dll
0x00007ffeac040000 - 0x00007ffeac050000 	C:\Program Files\Java\jdk-11.0.17\bin\verify.dll
0x00007ffea7a00000 - 0x00007ffea7be4000 	C:\WINDOWS\SYSTEM32\DBGHELP.DLL
0x00007ffea74f0000 - 0x00007ffea7524000 	C:\WINDOWS\SYSTEM32\dbgcore.DLL
0x00007ffeb3250000 - 0x00007ffeb32d2000 	C:\WINDOWS\System32\bcryptPrimitives.dll
0x00007ffe9ecf0000 - 0x00007ffe9ed18000 	C:\Program Files\Java\jdk-11.0.17\bin\java.dll
0x00007ffeabac0000 - 0x00007ffeabaca000 	C:\Program Files\Java\jdk-11.0.17\bin\jimage.dll
0x00007ffea81a0000 - 0x00007ffea81b6000 	C:\Program Files\Java\jdk-11.0.17\bin\zip.dll
0x00007ffeb4ae0000 - 0x00007ffeb5224000 	C:\WINDOWS\System32\SHELL32.dll
0x00007ffeb0c70000 - 0x00007ffeb140b000 	C:\WINDOWS\SYSTEM32\windows.storage.dll
0x00007ffeb42a0000 - 0x00007ffeb45f4000 	C:\WINDOWS\System32\combase.dll
0x00007ffeb2520000 - 0x00007ffeb254d000 	C:\WINDOWS\SYSTEM32\Wldp.dll
0x00007ffeb4700000 - 0x00007ffeb47ad000 	C:\WINDOWS\System32\SHCORE.dll
0x00007ffeb4a80000 - 0x00007ffeb4ad5000 	C:\WINDOWS\System32\shlwapi.dll
0x00007ffeb2ae0000 - 0x00007ffeb2b05000 	C:\WINDOWS\SYSTEM32\profapi.dll
0x00007ffe9eca0000 - 0x00007ffe9ecb9000 	C:\Program Files\Java\jdk-11.0.17\bin\net.dll
0x00007ffeac910000 - 0x00007ffeaca1a000 	C:\WINDOWS\SYSTEM32\WINHTTP.dll
0x00007ffeb2280000 - 0x00007ffeb22ea000 	C:\WINDOWS\system32\mswsock.dll
0x00007ffe9c0f0000 - 0x00007ffe9c102000 	C:\Program Files\Java\jdk-11.0.17\bin\nio.dll
0x00007ffe9e080000 - 0x00007ffe9e0a7000 	C:\Users\Admin\.gradle\native\68d5fa5c4cc2d200863cafc0d521ce42e7d3e7ee720ec0a83991735586a16f82\windows-amd64\native-platform.dll
0x00007ffe8a1f0000 - 0x00007ffe8a334000 	C:\Users\Admin\.gradle\native\e376f236ea51e6404a007f0833ffe2c6e607c4080706a723a18a27aeea778392\windows-amd64\native-platform-file-events.dll
0x00007ffea9070000 - 0x00007ffea9079000 	C:\Program Files\Java\jdk-11.0.17\bin\management.dll
0x00007ffe9f570000 - 0x00007ffe9f57b000 	C:\Program Files\Java\jdk-11.0.17\bin\management_ext.dll
0x00007ffeb2470000 - 0x00007ffeb2488000 	C:\WINDOWS\SYSTEM32\CRYPTSP.dll
0x00007ffeb1b90000 - 0x00007ffeb1bc4000 	C:\WINDOWS\system32\rsaenh.dll
0x00007ffeb2bb0000 - 0x00007ffeb2bd7000 	C:\WINDOWS\System32\bcrypt.dll
0x00007ffeb2a60000 - 0x00007ffeb2a8e000 	C:\WINDOWS\SYSTEM32\USERENV.dll
0x00007ffeb2490000 - 0x00007ffeb249c000 	C:\WINDOWS\SYSTEM32\CRYPTBASE.dll
0x00007ffeb1f70000 - 0x00007ffeb1fab000 	C:\WINDOWS\SYSTEM32\IPHLPAPI.DLL
0x00007ffeb3590000 - 0x00007ffeb3598000 	C:\WINDOWS\System32\NSI.dll
0x00007ffead4d0000 - 0x00007ffead4e7000 	C:\WINDOWS\SYSTEM32\dhcpcsvc6.DLL
0x00007ffead240000 - 0x00007ffead25d000 	C:\WINDOWS\SYSTEM32\dhcpcsvc.DLL
0x00007ffeb1fb0000 - 0x00007ffeb207a000 	C:\WINDOWS\SYSTEM32\DNSAPI.dll

dbghelp: loaded successfully - version: 4.0.5 - missing functions: none
symbol engine: initialized successfully - sym options: 0x614 - pdb path: .;C:\Program Files\Java\jdk-11.0.17\bin;C:\WINDOWS\SYSTEM32;C:\WINDOWS\WinSxS\amd64_microsoft.windows.common-controls_6595b64144ccf1df_6.0.19041.3570_none_60bb2a3971f3e41a;C:\Program Files\Java\jdk-11.0.17\bin\server;C:\Users\Admin\.gradle\native\68d5fa5c4cc2d200863cafc0d521ce42e7d3e7ee720ec0a83991735586a16f82\windows-amd64;C:\Users\Admin\.gradle\native\e376f236ea51e6404a007f0833ffe2c6e607c4080706a723a18a27aeea778392\windows-amd64

VM Arguments:
jvm_args: -XX:MaxMetaspaceSize=512m --add-opens=java.base/java.util=ALL-UNNAMED --add-opens=java.base/java.lang=ALL-UNNAMED --add-opens=java.base/java.lang.invoke=ALL-UNNAMED --add-opens=java.prefs/java.util.prefs=ALL-UNNAMED --add-opens=java.base/java.nio.charset=ALL-UNNAMED --add-opens=java.base/java.net=ALL-UNNAMED --add-opens=java.base/java.util.concurrent.atomic=ALL-UNNAMED -Xmx2048m -Dfile.encoding=windows-1252 -Duser.country=US -Duser.language=en -Duser.variant 
java_command: org.gradle.launcher.daemon.bootstrap.GradleDaemon 8.0.1
java_class_path (initial): C:\Users\Admin\.gradle\wrapper\dists\gradle-8.0.1-all\aro4hu1c3oeioove7l0i4i14o\gradle-8.0.1\lib\gradle-launcher-8.0.1.jar
Launcher Type: SUN_STANDARD

[Global flags]
     intx CICompilerCount                          = 4                                         {product} {ergonomic}
   size_t CompressedClassSpaceSize                 = 528482304                                 {product} {ergonomic}
     uint ConcGCThreads                            = 3                                         {product} {ergonomic}
     uint G1ConcRefinementThreads                  = 10                                        {product} {ergonomic}
   size_t G1HeapRegionSize                         = 1048576                                   {product} {ergonomic}
    uintx GCDrainStackTargetSize                   = 64                                        {product} {ergonomic}
   size_t InitialHeapSize                          = 134217728                                 {product} {ergonomic}
   size_t MarkStackSize                            = 4194304                                   {product} {ergonomic}
   size_t MaxHeapSize                              = 2147483648                                {product} {command line}
   size_t MaxMetaspaceSize                         = 536870912                                 {product} {command line}
   size_t MaxNewSize                               = 1287651328                                {product} {ergonomic}
   size_t MinHeapDeltaBytes                        = 1048576                                   {product} {ergonomic}
    uintx NonNMethodCodeHeapSize                   = 5836300                                {pd product} {ergonomic}
    uintx NonProfiledCodeHeapSize                  = 122910970                              {pd product} {ergonomic}
    uintx ProfiledCodeHeapSize                     = 122910970                              {pd product} {ergonomic}
    uintx ReservedCodeCacheSize                    = 251658240                              {pd product} {ergonomic}
     bool SegmentedCodeCache                       = true                                      {product} {ergonomic}
     bool UseCompressedClassPointers               = true                                 {lp64_product} {ergonomic}
     bool UseCompressedOops                        = true                                 {lp64_product} {ergonomic}
     bool UseG1GC                                  = true                                      {product} {ergonomic}
     bool UseLargePagesIndividualAllocation        = false                                  {pd product} {ergonomic}

Logging:
Log output configuration:
 #0: stdout all=warning uptime,level,tags
 #1: stderr all=off uptime,level,tags

Environment Variables:
JAVA_HOME=C:\Program Files\Java\jdk-11.0.17
CLASSPATH=C:\Users\Admin\Desktop\REACT_NATIVE\CopePod\android\\gradle\wrapper\gradle-wrapper.jar
PATH=C:\Users\Admin\AppData\Local\Temp\yarn--1700052512242-0.5402742459195455;C:\Users\Admin\Desktop\REACT_NATIVE\CopePod\node_modules\.bin;C:\Users\Admin\AppData\Local\Yarn\Data\link\node_modules\.bin;C:\Users\Admin\AppData\Local\Yarn\bin;C:\Program Files\libexec\lib\node_modules\npm\bin\node-gyp-bin;C:\Program Files\lib\node_modules\npm\bin\node-gyp-bin;C:\Program Files\nodejs\node_modules\npm\bin\node-gyp-bin;C:\WINDOWS\system32;C:\WINDOWS;C:\WINDOWS\System32\Wbem;C:\WINDOWS\System32\WindowsPowerShell\v1.0\;C:\WINDOWS\System32\OpenSSH\;C:\Program Files\MongoDB\Server\5.0\bin;C:\Program Files\Githutrepo\cmd;C:\Program Files\nodejs\;C:\Program Files\Java\jdk-11.0.17\bin;C:\Program Files\MongoDB\Server\6.0\bin;C:\Users\Admin\AppData\Local\Programs\Python\Python311\Scripts\;C:\Users\Admin\AppData\Local\Programs\Python\Python311\;C:\Users\Admin\AppData\Local\Microsoft\WindowsApps;C:\Users\Admin\AppData\Local\Programs\Microsoft VS Code\bin;C:\Users\Admin\AppData\Roaming\npm;C:\Program Files\Java\jdk-11.0.17\bin;C:\Program Files\MongoDB\Server\6.0\bin;
USERNAME=Admin
OS=Windows_NT
PROCESSOR_IDENTIFIER=Intel64 Family 6 Model 165 Stepping 5, GenuineIntel



---------------  S Y S T E M  ---------------

OS: Windows 10 , 64 bit Build 19041 (10.0.19041.3570)

CPU:total 12 (initial active 12) (6 cores per cpu, 2 threads per core) family 6 model 165 stepping 5 microcode 0xec, cmov, cx8, fxsr, mmx, sse, sse2, sse3, ssse3, sse4.1, sse4.2, popcnt, avx, avx2, aes, clmul, erms, 3dnowpref, lzcnt, ht, tsc, tscinvbit, bmi1, bmi2, adx, fma

Memory: 4k page, system-wide physical 8089M (466M free)
TotalPageFile size 32665M (AvailPageFile size 7M)
current process WorkingSet (physical memory assigned to process): 215M, peak: 215M
current process commit charge ("private bytes"): 292M, peak: 294M

vm_info: Java HotSpot(TM) 64-Bit Server VM (11.0.17+10-LTS-269) for windows-amd64 JRE (11.0.17+10-LTS-269), built on Sep 13 2022 19:26:37 by "mach5one" with MS VC++ 15.9 (VS2017)

END.
