#
# There is insufficient memory for the Java Runtime Environment to continue.
# Native memory allocation (mmap) failed to map 134217728 bytes for Failed to commit area from 0x0000000081800000 to 0x0000000089800000 of length 134217728.
# Possible reasons:
#   The system is out of physical RAM or swap space
#   The process is running with CompressedOops enabled, and the Java Heap may be blocking the growth of the native heap
# Possible solutions:
#   Reduce memory load on the system
#   Increase physical memory or swap space
#   Check if swap backing store is full
#   Decrease Java heap size (-Xmx/-Xms)
#   Decrease number of Java threads
#   Decrease Java thread stack sizes (-Xss)
#   Set larger code cache with -XX:ReservedCodeCacheSize=
# This output file may be truncated or incomplete.
#
#  Out of Memory Error (./open/src/hotspot/os/windows/os_windows.cpp:3283), pid=9764, tid=8820
#
# JRE version:  (11.0.17+10) (build )
# Java VM: Java HotSpot(TM) 64-Bit Server VM (11.0.17+10-LTS-269, mixed mode, sharing, tiered, compressed oops, g1 gc, windows-amd64)
# No core dump will be written. Minidumps are not enabled by default on client versions of Windows
#

---------------  S U M M A R Y ------------

Command Line: org.jetbrains.kotlin.cli.jvm.K2JVMCompiler @C:\Users\Admin\Desktop\REACT_NATIVE\CopePod\node_modules\@shopify\flash-list\android\build\20231115_12324913647382745983.compiler.options

Host: Intel(R) Core(TM) i5-10400F CPU @ 2.90GHz, 12 cores, 7G,  Windows 10 , 64 bit Build 19041 (10.0.19041.3570)
Time: Wed Nov 15 18:07:06 2023 India Standard Time elapsed time: 0.193725 seconds (0d 0h 0m 0s)

---------------  T H R E A D  ---------------

Current thread (0x000001d86d99f000):  JavaThread "Unknown thread" [_thread_in_vm, id=8820, stack(0x0000005a3e400000,0x0000005a3e500000)]

Stack: [0x0000005a3e400000,0x0000005a3e500000]
Native frames: (J=compiled Java code, j=interpreted, Vv=VM code, C=native code)
V  [jvm.dll+0x62b5da]
V  [jvm.dll+0x7653df]
V  [jvm.dll+0x766a89]
V  [jvm.dll+0x767113]
V  [jvm.dll+0x23dd28]
V  [jvm.dll+0x62896a]
V  [jvm.dll+0x61d625]
V  [jvm.dll+0x2f2d3c]
V  [jvm.dll+0x2f2bc2]
V  [jvm.dll+0x2f78e6]
V  [jvm.dll+0x33a2df]
V  [jvm.dll+0x339d10]
V  [jvm.dll+0x2d0368]
V  [jvm.dll+0x2d14d6]
V  [jvm.dll+0x73f9a7]
V  [jvm.dll+0x74123f]
V  [jvm.dll+0x347039]
V  [jvm.dll+0x725280]
V  [jvm.dll+0x3b5c1f]
V  [jvm.dll+0x3b7d31]
C  [jli.dll+0x5207]
C  [ucrtbase.dll+0x21bb2]
C  [KERNEL32.DLL+0x17344]
C  [ntdll.dll+0x526b1]


---------------  P R O C E S S  ---------------

Threads class SMR info:
_java_thread_list=0x000001d86d834be0, length=0, elements={
}

Java Threads: ( => current thread )

Other Threads:
  0x000001d86d9b3800 GCTaskThread "GC Thread#0" [stack: 0x0000005a3e500000,0x0000005a3e600000] [id=18276]
  0x000001d86d9e3800 ConcurrentGCThread "G1 Main Marker" [stack: 0x0000005a3e600000,0x0000005a3e700000] [id=9324]
  0x000001d86d9e5000 ConcurrentGCThread "G1 Conc#0" [stack: 0x0000005a3e700000,0x0000005a3e800000] [id=9296]

[error occurred during error reporting (printing all threads), id 0xc0000005, EXCEPTION_ACCESS_VIOLATION (0xc0000005) at pc=0x00007ffe5d7ff5f7]

VM state:not at safepoint (not fully initialized)

VM Mutex/Monitor currently owned by a thread:  ([mutex/lock_event])
[0x000001d86d99b290] Heap_lock - owner thread: 0x000001d86d99f000

Heap address: 0x0000000081800000, size: 2024 MB, Compressed Oops mode: Non-zero based: 0x0000000081800000
Narrow klass base: 0x0000000000000000, Narrow klass shift: 0

GC Heap History (0 events):
No events

Deoptimization events (0 events):
No events

Classes redefined (0 events):
No events

Internal exceptions (0 events):
No events

Events (0 events):
No events


Dynamic libraries:
0x00007ff6d7070000 - 0x00007ff6d707f000 	C:\Program Files\Java\jdk-11.0.17\bin\java.exe
0x00007ffeb54d0000 - 0x00007ffeb56c7000 	C:\WINDOWS\SYSTEM32\ntdll.dll
0x00007ffeb3920000 - 0x00007ffeb39dd000 	C:\WINDOWS\System32\KERNEL32.DLL
0x00007ffeb2c80000 - 0x00007ffeb2f76000 	C:\WINDOWS\System32\KERNELBASE.dll
0x00007ffeb3430000 - 0x00007ffeb3530000 	C:\WINDOWS\System32\ucrtbase.dll
0x00007ffeabf90000 - 0x00007ffeabfa8000 	C:\Program Files\Java\jdk-11.0.17\bin\jli.dll
0x00007ffeb49d0000 - 0x00007ffeb4a7e000 	C:\WINDOWS\System32\ADVAPI32.dll
0x00007ffeb3f90000 - 0x00007ffeb402e000 	C:\WINDOWS\System32\msvcrt.dll
0x00007ffeb4660000 - 0x00007ffeb46fc000 	C:\WINDOWS\System32\sechost.dll
0x00007ffeb4170000 - 0x00007ffeb4296000 	C:\WINDOWS\System32\RPCRT4.dll
0x00007ffeb5230000 - 0x00007ffeb53ce000 	C:\WINDOWS\System32\USER32.dll
0x00007ffeb3400000 - 0x00007ffeb3422000 	C:\WINDOWS\System32\win32u.dll
0x00007ffeb5460000 - 0x00007ffeb548c000 	C:\WINDOWS\System32\GDI32.dll
0x00007ffeb32e0000 - 0x00007ffeb33fa000 	C:\WINDOWS\System32\gdi32full.dll
0x00007ffeb2be0000 - 0x00007ffeb2c7d000 	C:\WINDOWS\System32\msvcp_win.dll
0x00007ffeac050000 - 0x00007ffeac065000 	C:\Program Files\Java\jdk-11.0.17\bin\VCRUNTIME140.dll
0x00007ffea54b0000 - 0x00007ffea574a000 	C:\WINDOWS\WinSxS\amd64_microsoft.windows.common-controls_6595b64144ccf1df_6.0.19041.3570_none_60bb2a3971f3e41a\COMCTL32.dll
0x00007ffeaca20000 - 0x00007ffeaca2a000 	C:\WINDOWS\SYSTEM32\VERSION.dll
0x00007ffeb3f60000 - 0x00007ffeb3f90000 	C:\WINDOWS\System32\IMM32.DLL
0x00007ffe8f980000 - 0x00007ffe8fa1b000 	C:\Program Files\Java\jdk-11.0.17\bin\msvcp140.dll
0x00007ffe5d520000 - 0x00007ffe5e03a000 	C:\Program Files\Java\jdk-11.0.17\bin\server\jvm.dll
0x00007ffeb4030000 - 0x00007ffeb4038000 	C:\WINDOWS\System32\PSAPI.DLL
0x00007ffeae1f0000 - 0x00007ffeae1f9000 	C:\WINDOWS\SYSTEM32\WSOCK32.dll
0x00007ffeb47b0000 - 0x00007ffeb481b000 	C:\WINDOWS\System32\WS2_32.dll
0x00007ffeaa0e0000 - 0x00007ffeaa107000 	C:\WINDOWS\SYSTEM32\WINMM.dll
0x00007ffeb0a70000 - 0x00007ffeb0a82000 	C:\WINDOWS\SYSTEM32\kernel.appcore.dll
0x00007ffeac040000 - 0x00007ffeac050000 	C:\Program Files\Java\jdk-11.0.17\bin\verify.dll
0x00007ffea7a00000 - 0x00007ffea7be4000 	C:\WINDOWS\SYSTEM32\DBGHELP.DLL
0x00007ffea74f0000 - 0x00007ffea7524000 	C:\WINDOWS\SYSTEM32\dbgcore.DLL
0x00007ffeb3250000 - 0x00007ffeb32d2000 	C:\WINDOWS\System32\bcryptPrimitives.dll
0x00007ffe9ecf0000 - 0x00007ffe9ed18000 	C:\Program Files\Java\jdk-11.0.17\bin\java.dll
0x00007ffeabac0000 - 0x00007ffeabaca000 	C:\Program Files\Java\jdk-11.0.17\bin\jimage.dll
0x00007ffea81a0000 - 0x00007ffea81b6000 	C:\Program Files\Java\jdk-11.0.17\bin\zip.dll

dbghelp: loaded successfully - version: 4.0.5 - missing functions: none
symbol engine: initialized successfully - sym options: 0x614 - pdb path: .;C:\Program Files\Java\jdk-11.0.17\bin;C:\WINDOWS\SYSTEM32;C:\WINDOWS\WinSxS\amd64_microsoft.windows.common-controls_6595b64144ccf1df_6.0.19041.3570_none_60bb2a3971f3e41a;C:\Program Files\Java\jdk-11.0.17\bin\server

VM Arguments:
java_command: org.jetbrains.kotlin.cli.jvm.K2JVMCompiler @C:\Users\Admin\Desktop\REACT_NATIVE\CopePod\node_modules\@shopify\flash-list\android\build\20231115_12324913647382745983.compiler.options
java_class_path (initial): C:\Users\Admin\.gradle\caches\modules-2\files-2.1\org.jetbrains.kotlin\kotlin-compiler-embeddable\1.8.10\b0757fd774344d54ce93f5ad6c30ba1c1731c8ff\kotlin-compiler-embeddable-1.8.10.jar;C:\Users\Admin\.gradle\caches\modules-2\files-2.1\org.jetbrains.kotlin\kotlin-stdlib\1.8.10\6d5560a229477df9406943d5feda5618e98eb64c\kotlin-stdlib-1.8.10.jar;C:\Users\Admin\.gradle\caches\modules-2\files-2.1\org.jetbrains.kotlin\kotlin-script-runtime\1.8.10\b13ea9c7e46d589139e56086a878763290e20bd5\kotlin-script-runtime-1.8.10.jar;C:\Users\Admin\.gradle\caches\modules-2\files-2.1\org.jetbrains.kotlin\kotlin-reflect\1.6.10\1cbe9c92c12a94eea200d23c2bbaedaf3daf5132\kotlin-reflect-1.6.10.jar;C:\Users\Admin\.gradle\caches\modules-2\files-2.1\org.jetbrains.kotlin\kotlin-daemon-embeddable\1.8.10\ad8541d9bc1cf9e52c3204161247910c2cf601d4\kotlin-daemon-embeddable-1.8.10.jar;C:\Users\Admin\.gradle\caches\modules-2\files-2.1\org.jetbrains.intellij.deps\trove4j\1.0.20200330\3afb14d5f9ceb459d724e907a21145e8ff394f02\trove4j-1.0.20200330.jar;C:\Users\Admin\.gradle\caches\modules-2\files-2.1\net.java.dev.jna\jna\5.6.0\330f2244e9030119ab3030fc3fededc86713d9cc\jna-5.6.0.jar;C:\Users\Admin\.gradle\caches\modules-2\files-2.1\org.jetbrains.kotlin\kotlin-stdlib-common\1.8.10\a61b182458550492c12aee66157d7b524a63a5ec\kotlin-stdlib-common-1.8.10.jar;C:\Users\Admin\.gradle\caches\modules-2\files-2.1\org.jetbrains\annotations\13.0\919f0dfe192fb4e063e7dacadee7f8bb9a2672a9\annotations-13.0.jar
Launcher Type: SUN_STANDARD

[Global flags]
     intx CICompilerCount                          = 4                                         {product} {ergonomic}
     uint ConcGCThreads                            = 3                                         {product} {ergonomic}
     uint G1ConcRefinementThreads                  = 10                                        {product} {ergonomic}
   size_t G1HeapRegionSize                         = 1048576                                   {product} {ergonomic}
    uintx GCDrainStackTargetSize                   = 64                                        {product} {ergonomic}
   size_t InitialHeapSize                          = 134217728                                 {product} {ergonomic}
   size_t MarkStackSize                            = 4194304                                   {product} {ergonomic}
   size_t MaxHeapSize                              = 2122317824                                {product} {ergonomic}
   size_t MinHeapDeltaBytes                        = 1048576                                   {product} {ergonomic}
    uintx NonNMethodCodeHeapSize                   = 5836300                                {pd product} {ergonomic}
    uintx NonProfiledCodeHeapSize                  = 122910970                              {pd product} {ergonomic}
    uintx ProfiledCodeHeapSize                     = 122910970                              {pd product} {ergonomic}
    uintx ReservedCodeCacheSize                    = 251658240                              {pd product} {ergonomic}
     bool SegmentedCodeCache                       = true                                      {product} {ergonomic}
     bool UseCompressedClassPointers               = true                                 {lp64_product} {ergonomic}
     bool UseCompressedOops                        = true                                 {lp64_product} {ergonomic}
     bool UseG1GC                                  = true                                      {product} {ergonomic}
     bool UseLargePagesIndividualAllocation        = false                                  {pd product} {ergonomic}

Logging:
Log output configuration:
 #0: stdout all=warning uptime,level,tags
 #1: stderr all=off uptime,level,tags

Environment Variables:
JAVA_HOME=C:\Program Files\Java\jdk-11.0.17
CLASSPATH=C:\Users\Admin\Desktop\REACT_NATIVE\CopePod\android\\gradle\wrapper\gradle-wrapper.jar
PATH=C:\Users\Admin\AppData\Local\Temp\yarn--1700051756326-0.6934855528886053;C:\Users\Admin\Desktop\REACT_NATIVE\CopePod\node_modules\.bin;C:\Users\Admin\AppData\Local\Yarn\Data\link\node_modules\.bin;C:\Users\Admin\AppData\Local\Yarn\bin;C:\Program Files\libexec\lib\node_modules\npm\bin\node-gyp-bin;C:\Program Files\lib\node_modules\npm\bin\node-gyp-bin;C:\Program Files\nodejs\node_modules\npm\bin\node-gyp-bin;C:\WINDOWS\system32;C:\WINDOWS;C:\WINDOWS\System32\Wbem;C:\WINDOWS\System32\WindowsPowerShell\v1.0\;C:\WINDOWS\System32\OpenSSH\;C:\Program Files\MongoDB\Server\5.0\bin;C:\Program Files\Githutrepo\cmd;C:\Program Files\nodejs\;C:\Program Files\Java\jdk-11.0.17\bin;C:\Program Files\MongoDB\Server\6.0\bin;C:\Users\Admin\AppData\Local\Programs\Python\Python311\Scripts\;C:\Users\Admin\AppData\Local\Programs\Python\Python311\;C:\Users\Admin\AppData\Local\Microsoft\WindowsApps;C:\Users\Admin\AppData\Local\Programs\Microsoft VS Code\bin;C:\Users\Admin\AppData\Roaming\npm;C:\Program Files\Java\jdk-11.0.17\bin;C:\Program Files\MongoDB\Server\6.0\bin;
USERNAME=Admin
OS=Windows_NT
PROCESSOR_IDENTIFIER=Intel64 Family 6 Model 165 Stepping 5, GenuineIntel



---------------  S Y S T E M  ---------------

OS: Windows 10 , 64 bit Build 19041 (10.0.19041.3570)

CPU:total 12 (initial active 12) (6 cores per cpu, 2 threads per core) family 6 model 165 stepping 5 microcode 0xec, cmov, cx8, fxsr, mmx, sse, sse2, sse3, ssse3, sse4.1, sse4.2, popcnt, avx, avx2, aes, clmul, erms, 3dnowpref, lzcnt, ht, tsc, tscinvbit, bmi1, bmi2, adx, fma

Memory: 4k page, system-wide physical 8089M (736M free)
TotalPageFile size 32665M (AvailPageFile size 37M)
current process WorkingSet (physical memory assigned to process): 9M, peak: 9M
current process commit charge ("private bytes"): 64M, peak: 192M

vm_info: Java HotSpot(TM) 64-Bit Server VM (11.0.17+10-LTS-269) for windows-amd64 JRE (11.0.17+10-LTS-269), built on Sep 13 2022 19:26:37 by "mach5one" with MS VC++ 15.9 (VS2017)

END.
