#
# There is insufficient memory for the Java Runtime Environment to continue.
# Native memory allocation (malloc) failed to allocate 818576 bytes for Chunk::new
# Possible reasons:
#   The system is out of physical RAM or swap space
#   The process is running with CompressedOops enabled, and the Java Heap may be blocking the growth of the native heap
# Possible solutions:
#   Reduce memory load on the system
#   Increase physical memory or swap space
#   Check if swap backing store is full
#   Decrease Java heap size (-Xmx/-Xms)
#   Decrease number of Java threads
#   Decrease Java thread stack sizes (-Xss)
#   Set larger code cache with -XX:ReservedCodeCacheSize=
#   JVM is running with Unscaled Compressed Oops mode in which the Java heap is
#     placed in the first 4GB address space. The Java Heap base address is the
#     maximum limit for the native heap growth. Please use -XX:HeapBaseMinAddress
#     to set the Java Heap base and to place the Java Heap above 4GB virtual address.
# This output file may be truncated or incomplete.
#
#  Out of Memory Error (./open/src/hotspot/share/memory/arena.cpp:197), pid=10364, tid=2368
#
# JRE version: Java(TM) SE Runtime Environment 18.9 (11.0.17+10) (build 11.0.17+10-LTS-269)
# Java VM: Java HotSpot(TM) 64-Bit Server VM 18.9 (11.0.17+10-LTS-269, mixed mode, tiered, compressed oops, g1 gc, windows-amd64)
# No core dump will be written. Minidumps are not enabled by default on client versions of Windows
#

---------------  S U M M A R Y ------------

Command Line: org.jetbrains.kotlin.cli.jvm.K2JVMCompiler @C:\Users\Admin\Desktop\REACT_NATIVE\CopePod\node_modules\react-native-screens\android\build\20231115_16368827457553478417.compiler.options

Host: Intel(R) Core(TM) i5-10400F CPU @ 2.90GHz, 12 cores, 7G,  Windows 10 , 64 bit Build 19041 (10.0.19041.3570)
Time: Wed Nov 15 18:07:12 2023 India Standard Time elapsed time: 12.588218 seconds (0d 0h 0m 12s)

---------------  T H R E A D  ---------------

Current thread (0x00000262a2d38000):  JavaThread "C2 CompilerThread2" daemon [_thread_in_native, id=2368, stack(0x0000006f8a300000,0x0000006f8a400000)]


Current CompileTask:
C2:  12588 3462       4       org.jetbrains.kotlin.com.intellij.lang.impl.PsiBuilderImpl::insertLeaves (88 bytes)

Stack: [0x0000006f8a300000,0x0000006f8a400000]
Native frames: (J=compiled Java code, j=interpreted, Vv=VM code, C=native code)
V  [jvm.dll+0x62b5da]
V  [jvm.dll+0x7653df]
V  [jvm.dll+0x766a89]
V  [jvm.dll+0x767113]
V  [jvm.dll+0x23dd28]
V  [jvm.dll+0xb2a1c]
V  [jvm.dll+0xb2fdc]
V  [jvm.dll+0x2aeaa4]
V  [jvm.dll+0x53e83b]
V  [jvm.dll+0x200b17]
V  [jvm.dll+0x1fa89a]
V  [jvm.dll+0x1f77dd]
V  [jvm.dll+0x177c91]
V  [jvm.dll+0x207296]
V  [jvm.dll+0x20542b]
V  [jvm.dll+0x72b2c0]
V  [jvm.dll+0x723e64]
V  [jvm.dll+0x62a485]
C  [ucrtbase.dll+0x21bb2]
C  [KERNEL32.DLL+0x17344]
C  [ntdll.dll+0x526b1]


---------------  P R O C E S S  ---------------

Threads class SMR info:
_java_thread_list=0x00000262a2c48470, length=12, elements={
0x0000026281c34000, 0x00000262a0033000, 0x00000262a0021800, 0x00000262a003e000,
0x00000262a08b6800, 0x00000262a08b7800, 0x00000262a08ba800, 0x00000262a08bc000,
0x00000262a08bd000, 0x00000262a0a25000, 0x00000262a3bd3800, 0x00000262a2d38000
}

Java Threads: ( => current thread )
  0x0000026281c34000 JavaThread "main" [_thread_blocked, id=8128, stack(0x0000006f88c00000,0x0000006f88d00000)]
  0x00000262a0033000 JavaThread "Reference Handler" daemon [_thread_blocked, id=796, stack(0x0000006f89400000,0x0000006f89500000)]
  0x00000262a0021800 JavaThread "Finalizer" daemon [_thread_blocked, id=17396, stack(0x0000006f89500000,0x0000006f89600000)]
  0x00000262a003e000 JavaThread "Signal Dispatcher" daemon [_thread_blocked, id=18392, stack(0x0000006f89600000,0x0000006f89700000)]
  0x00000262a08b6800 JavaThread "Attach Listener" daemon [_thread_blocked, id=1492, stack(0x0000006f89700000,0x0000006f89800000)]
  0x00000262a08b7800 JavaThread "Service Thread" daemon [_thread_blocked, id=104, stack(0x0000006f89800000,0x0000006f89900000)]
  0x00000262a08ba800 JavaThread "C2 CompilerThread0" daemon [_thread_in_native, id=7212, stack(0x0000006f89900000,0x0000006f89a00000)]
  0x00000262a08bc000 JavaThread "C1 CompilerThread0" daemon [_thread_blocked, id=10188, stack(0x0000006f89a00000,0x0000006f89b00000)]
  0x00000262a08bd000 JavaThread "Sweeper thread" daemon [_thread_blocked, id=5908, stack(0x0000006f89b00000,0x0000006f89c00000)]
  0x00000262a0a25000 JavaThread "Common-Cleaner" daemon [_thread_blocked, id=12832, stack(0x0000006f89d00000,0x0000006f89e00000)]
  0x00000262a3bd3800 JavaThread "C2 CompilerThread1" daemon [_thread_blocked, id=17752, stack(0x0000006f8a200000,0x0000006f8a300000)]
=>0x00000262a2d38000 JavaThread "C2 CompilerThread2" daemon [_thread_in_native, id=2368, stack(0x0000006f8a300000,0x0000006f8a400000)]

Other Threads:
  0x00000262a001f800 VMThread "VM Thread" [stack: 0x0000006f89300000,0x0000006f89400000] [id=8044]
  0x00000262a0a24000 WatcherThread [stack: 0x0000006f89c00000,0x0000006f89d00000] [id=11732]
  0x0000026281c43800 GCTaskThread "GC Thread#0" [stack: 0x0000006f88e00000,0x0000006f88f00000] [id=16756]
  0x00000262a0f9f800 GCTaskThread "GC Thread#1" [stack: 0x0000006f89f00000,0x0000006f8a000000] [id=10056]
  0x00000262a0fb3000 GCTaskThread "GC Thread#2" [stack: 0x0000006f8a000000,0x0000006f8a100000] [id=8784]
  0x0000026281c73800 ConcurrentGCThread "G1 Main Marker" [stack: 0x0000006f88f00000,0x0000006f89000000] [id=15016]
  0x0000026281c75000 ConcurrentGCThread "G1 Conc#0" [stack: 0x0000006f89000000,0x0000006f89100000] [id=11892]
  0x00000262a125a800 ConcurrentGCThread "G1 Conc#1" [stack: 0x0000006f89e00000,0x0000006f89f00000] [id=5808]
  0x00000262a1164800 ConcurrentGCThread "G1 Conc#2" [stack: 0x0000006f8a100000,0x0000006f8a200000] [id=18552]
  0x000002629fe8a800 ConcurrentGCThread "G1 Refine#0" [stack: 0x0000006f89100000,0x0000006f89200000] [id=14356]
  0x000002629fe8d800 ConcurrentGCThread "G1 Young RemSet Sampling" [stack: 0x0000006f89200000,0x0000006f89300000] [id=12348]

Threads with active compile tasks:
C2 CompilerThread0    12604 3071       4       java.lang.ClassLoader::loadClass (7 bytes)
C2 CompilerThread1    12604 3558   !   4       jdk.internal.loader.BuiltinClassLoader::findClassOnClassPathOrNull (64 bytes)
C2 CompilerThread2    12604 3462       4       org.jetbrains.kotlin.com.intellij.lang.impl.PsiBuilderImpl::insertLeaves (88 bytes)

VM state:at safepoint (normal execution)

VM Mutex/Monitor currently owned by a thread:  ([mutex/lock_event])
[0x0000026281c310c0] Threads_lock - owner thread: 0x00000262a001f800
[0x0000026281c339d0] Compile_lock - owner thread: 0x0000026281c34000

Heap address: 0x0000000081800000, size: 2024 MB, Compressed Oops mode: 32-bit
Narrow klass base: 0x0000000000000000, Narrow klass shift: 3
Compressed class space size: 1073741824 Address: 0x0000000100000000

Heap:
 garbage-first heap   total 131072K, used 73728K [0x0000000081800000, 0x0000000100000000)
  region size 1024K, 52 young (53248K), 3 survivors (3072K)
 Metaspace       used 45601K, capacity 46028K, committed 46160K, reserved 1089536K
  class space    used 5389K, capacity 5604K, committed 5632K, reserved 1048576K
Heap Regions: E=young(eden), S=young(survivor), O=old, HS=humongous(starts), HC=humongous(continues), CS=collection set, F=free, A=archive, TAMS=top-at-mark-start (previous, next)
|   0|0x0000000081800000, 0x0000000081900000, 0x0000000081900000|100%|HS|  |TAMS 0x0000000081900000, 0x0000000081800000| Complete 
|   1|0x0000000081900000, 0x0000000081a00000, 0x0000000081a00000|100%|HC|  |TAMS 0x0000000081a00000, 0x0000000081900000| Complete 
|   2|0x0000000081a00000, 0x0000000081b00000, 0x0000000081b00000|100%|HC|  |TAMS 0x0000000081b00000, 0x0000000081a00000| Complete 
|   3|0x0000000081b00000, 0x0000000081c00000, 0x0000000081c00000|100%|HC|  |TAMS 0x0000000081c00000, 0x0000000081b00000| Complete 
|   4|0x0000000081c00000, 0x0000000081d00000, 0x0000000081d00000|100%|HS|  |TAMS 0x0000000081d00000, 0x0000000081c00000| Complete 
|   5|0x0000000081d00000, 0x0000000081e00000, 0x0000000081e00000|100%|HC|  |TAMS 0x0000000081e00000, 0x0000000081d00000| Complete 
|   6|0x0000000081e00000, 0x0000000081f00000, 0x0000000081f00000|100%|HC|  |TAMS 0x0000000081f00000, 0x0000000081e00000| Complete 
|   7|0x0000000081f00000, 0x0000000082000000, 0x0000000082000000|100%|HC|  |TAMS 0x0000000082000000, 0x0000000081f00000| Complete 
|   8|0x0000000082000000, 0x0000000082000000, 0x0000000082100000|  0%| F|  |TAMS 0x0000000082000000, 0x0000000082000000| Untracked 
|   9|0x0000000082100000, 0x0000000082100000, 0x0000000082200000|  0%| F|  |TAMS 0x0000000082100000, 0x0000000082100000| Untracked 
|  10|0x0000000082200000, 0x0000000082300000, 0x0000000082300000|100%| O|  |TAMS 0x0000000082300000, 0x0000000082200000| Untracked 
|  11|0x0000000082300000, 0x0000000082400000, 0x0000000082400000|100%| O|  |TAMS 0x0000000082400000, 0x0000000082300000| Untracked 
|  12|0x0000000082400000, 0x0000000082500000, 0x0000000082500000|100%| O|  |TAMS 0x0000000082500000, 0x0000000082400000| Untracked 
|  13|0x0000000082500000, 0x0000000082600000, 0x0000000082600000|100%| O|  |TAMS 0x0000000082600000, 0x0000000082500000| Untracked 
|  14|0x0000000082600000, 0x0000000082700000, 0x0000000082700000|100%| O|  |TAMS 0x0000000082700000, 0x0000000082600000| Untracked 
|  15|0x0000000082700000, 0x0000000082800000, 0x0000000082800000|100%| O|  |TAMS 0x0000000082800000, 0x0000000082700000| Untracked 
|  16|0x0000000082800000, 0x0000000082900000, 0x0000000082900000|100%| O|  |TAMS 0x0000000082900000, 0x0000000082800000| Untracked 
|  17|0x0000000082900000, 0x0000000082a00000, 0x0000000082a00000|100%| O|  |TAMS 0x0000000082a00000, 0x0000000082900000| Untracked 
|  18|0x0000000082a00000, 0x0000000082b00000, 0x0000000082b00000|100%| O|  |TAMS 0x0000000082b00000, 0x0000000082a00000| Untracked 
|  19|0x0000000082b00000, 0x0000000082c00000, 0x0000000082c00000|100%| O|  |TAMS 0x0000000082c00000, 0x0000000082b00000| Untracked 
|  20|0x0000000082c00000, 0x0000000082d00000, 0x0000000082d00000|100%| O|  |TAMS 0x0000000082d00000, 0x0000000082c00000| Untracked 
|  21|0x0000000082d00000, 0x0000000082e00000, 0x0000000082e00000|100%| O|  |TAMS 0x0000000082e00000, 0x0000000082d00000| Untracked 
|  22|0x0000000082e00000, 0x0000000082f00000, 0x0000000082f00000|100%| O|  |TAMS 0x0000000082f00000, 0x0000000082e00000| Untracked 
|  23|0x0000000082f00000, 0x0000000082f00000, 0x0000000083000000|  0%| F|  |TAMS 0x0000000082f00000, 0x0000000082f00000| Untracked 
|  24|0x0000000083000000, 0x0000000083000000, 0x0000000083100000|  0%| F|  |TAMS 0x0000000083000000, 0x0000000083000000| Untracked 
|  25|0x0000000083100000, 0x0000000083100000, 0x0000000083200000|  0%| F|  |TAMS 0x0000000083100000, 0x0000000083100000| Untracked 
|  26|0x0000000083200000, 0x0000000083200000, 0x0000000083300000|  0%| F|  |TAMS 0x0000000083200000, 0x0000000083200000| Untracked 
|  27|0x0000000083300000, 0x0000000083300000, 0x0000000083400000|  0%| F|  |TAMS 0x0000000083300000, 0x0000000083300000| Untracked 
|  28|0x0000000083400000, 0x0000000083400000, 0x0000000083500000|  0%| F|  |TAMS 0x0000000083400000, 0x0000000083400000| Untracked 
|  29|0x0000000083500000, 0x0000000083500000, 0x0000000083600000|  0%| F|  |TAMS 0x0000000083500000, 0x0000000083500000| Untracked 
|  30|0x0000000083600000, 0x0000000083600000, 0x0000000083700000|  0%| F|  |TAMS 0x0000000083600000, 0x0000000083600000| Untracked 
|  31|0x0000000083700000, 0x0000000083700000, 0x0000000083800000|  0%| F|  |TAMS 0x0000000083700000, 0x0000000083700000| Untracked 
|  32|0x0000000083800000, 0x0000000083800000, 0x0000000083900000|  0%| F|  |TAMS 0x0000000083800000, 0x0000000083800000| Untracked 
|  33|0x0000000083900000, 0x0000000083900000, 0x0000000083a00000|  0%| F|  |TAMS 0x0000000083900000, 0x0000000083900000| Untracked 
|  34|0x0000000083a00000, 0x0000000083a00000, 0x0000000083b00000|  0%| F|  |TAMS 0x0000000083a00000, 0x0000000083a00000| Untracked 
|  35|0x0000000083b00000, 0x0000000083b00000, 0x0000000083c00000|  0%| F|  |TAMS 0x0000000083b00000, 0x0000000083b00000| Untracked 
|  36|0x0000000083c00000, 0x0000000083c00000, 0x0000000083d00000|  0%| F|  |TAMS 0x0000000083c00000, 0x0000000083c00000| Untracked 
|  37|0x0000000083d00000, 0x0000000083d00000, 0x0000000083e00000|  0%| F|  |TAMS 0x0000000083d00000, 0x0000000083d00000| Untracked 
|  38|0x0000000083e00000, 0x0000000083e00000, 0x0000000083f00000|  0%| F|  |TAMS 0x0000000083e00000, 0x0000000083e00000| Untracked 
|  39|0x0000000083f00000, 0x0000000083f00000, 0x0000000084000000|  0%| F|  |TAMS 0x0000000083f00000, 0x0000000083f00000| Untracked 
|  40|0x0000000084000000, 0x0000000084000000, 0x0000000084100000|  0%| F|  |TAMS 0x0000000084000000, 0x0000000084000000| Untracked 
|  41|0x0000000084100000, 0x0000000084100000, 0x0000000084200000|  0%| F|  |TAMS 0x0000000084100000, 0x0000000084100000| Untracked 
|  42|0x0000000084200000, 0x0000000084200000, 0x0000000084300000|  0%| F|  |TAMS 0x0000000084200000, 0x0000000084200000| Untracked 
|  43|0x0000000084300000, 0x0000000084300000, 0x0000000084400000|  0%| F|  |TAMS 0x0000000084300000, 0x0000000084300000| Untracked 
|  44|0x0000000084400000, 0x0000000084400000, 0x0000000084500000|  0%| F|  |TAMS 0x0000000084400000, 0x0000000084400000| Untracked 
|  45|0x0000000084500000, 0x0000000084500000, 0x0000000084600000|  0%| F|  |TAMS 0x0000000084500000, 0x0000000084500000| Untracked 
|  46|0x0000000084600000, 0x0000000084600000, 0x0000000084700000|  0%| F|  |TAMS 0x0000000084600000, 0x0000000084600000| Untracked 
|  47|0x0000000084700000, 0x0000000084700000, 0x0000000084800000|  0%| F|  |TAMS 0x0000000084700000, 0x0000000084700000| Untracked 
|  48|0x0000000084800000, 0x0000000084800000, 0x0000000084900000|  0%| F|  |TAMS 0x0000000084800000, 0x0000000084800000| Untracked 
|  49|0x0000000084900000, 0x0000000084900000, 0x0000000084a00000|  0%| F|  |TAMS 0x0000000084900000, 0x0000000084900000| Untracked 
|  50|0x0000000084a00000, 0x0000000084a00000, 0x0000000084b00000|  0%| F|  |TAMS 0x0000000084a00000, 0x0000000084a00000| Untracked 
|  51|0x0000000084b00000, 0x0000000084b00000, 0x0000000084c00000|  0%| F|  |TAMS 0x0000000084b00000, 0x0000000084b00000| Untracked 
|  52|0x0000000084c00000, 0x0000000084c00000, 0x0000000084d00000|  0%| F|  |TAMS 0x0000000084c00000, 0x0000000084c00000| Untracked 
|  53|0x0000000084d00000, 0x0000000084d00000, 0x0000000084e00000|  0%| F|  |TAMS 0x0000000084d00000, 0x0000000084d00000| Untracked 
|  54|0x0000000084e00000, 0x0000000084e00000, 0x0000000084f00000|  0%| F|  |TAMS 0x0000000084e00000, 0x0000000084e00000| Untracked 
|  55|0x0000000084f00000, 0x0000000084f00000, 0x0000000085000000|  0%| F|  |TAMS 0x0000000084f00000, 0x0000000084f00000| Untracked 
|  56|0x0000000085000000, 0x0000000085000000, 0x0000000085100000|  0%| F|  |TAMS 0x0000000085000000, 0x0000000085000000| Untracked 
|  57|0x0000000085100000, 0x0000000085100000, 0x0000000085200000|  0%| F|  |TAMS 0x0000000085100000, 0x0000000085100000| Untracked 
|  58|0x0000000085200000, 0x0000000085200000, 0x0000000085300000|  0%| F|  |TAMS 0x0000000085200000, 0x0000000085200000| Untracked 
|  59|0x0000000085300000, 0x0000000085300000, 0x0000000085400000|  0%| F|  |TAMS 0x0000000085300000, 0x0000000085300000| Untracked 
|  60|0x0000000085400000, 0x0000000085400000, 0x0000000085500000|  0%| F|  |TAMS 0x0000000085400000, 0x0000000085400000| Untracked 
|  61|0x0000000085500000, 0x0000000085500000, 0x0000000085600000|  0%| F|  |TAMS 0x0000000085500000, 0x0000000085500000| Untracked 
|  62|0x0000000085600000, 0x0000000085600000, 0x0000000085700000|  0%| F|  |TAMS 0x0000000085600000, 0x0000000085600000| Untracked 
|  63|0x0000000085700000, 0x0000000085700000, 0x0000000085800000|  0%| F|  |TAMS 0x0000000085700000, 0x0000000085700000| Untracked 
|  64|0x0000000085800000, 0x0000000085800000, 0x0000000085900000|  0%| F|  |TAMS 0x0000000085800000, 0x0000000085800000| Untracked 
|  65|0x0000000085900000, 0x0000000085900000, 0x0000000085a00000|  0%| F|  |TAMS 0x0000000085900000, 0x0000000085900000| Untracked 
|  66|0x0000000085a00000, 0x0000000085a00000, 0x0000000085b00000|  0%| F|  |TAMS 0x0000000085a00000, 0x0000000085a00000| Untracked 
|  67|0x0000000085b00000, 0x0000000085b00000, 0x0000000085c00000|  0%| F|  |TAMS 0x0000000085b00000, 0x0000000085b00000| Untracked 
|  68|0x0000000085c00000, 0x0000000085c00000, 0x0000000085d00000|  0%| F|  |TAMS 0x0000000085c00000, 0x0000000085c00000| Untracked 
|  69|0x0000000085d00000, 0x0000000085d00000, 0x0000000085e00000|  0%| F|  |TAMS 0x0000000085d00000, 0x0000000085d00000| Untracked 
|  70|0x0000000085e00000, 0x0000000085e00000, 0x0000000085f00000|  0%| F|  |TAMS 0x0000000085e00000, 0x0000000085e00000| Untracked 
|  71|0x0000000085f00000, 0x0000000085f00000, 0x0000000086000000|  0%| F|  |TAMS 0x0000000085f00000, 0x0000000085f00000| Untracked 
|  72|0x0000000086000000, 0x0000000086000000, 0x0000000086100000|  0%| F|  |TAMS 0x0000000086000000, 0x0000000086000000| Untracked 
|  73|0x0000000086100000, 0x0000000086100000, 0x0000000086200000|  0%| F|  |TAMS 0x0000000086100000, 0x0000000086100000| Untracked 
|  74|0x0000000086200000, 0x0000000086200000, 0x0000000086300000|  0%| F|  |TAMS 0x0000000086200000, 0x0000000086200000| Untracked 
|  75|0x0000000086300000, 0x0000000086300000, 0x0000000086400000|  0%| F|  |TAMS 0x0000000086300000, 0x0000000086300000| Untracked 
|  76|0x0000000086400000, 0x0000000086500000, 0x0000000086500000|100%| E|  |TAMS 0x0000000086400000, 0x0000000086400000| Complete 
|  77|0x0000000086500000, 0x0000000086600000, 0x0000000086600000|100%| E|CS|TAMS 0x0000000086500000, 0x0000000086500000| Complete 
|  78|0x0000000086600000, 0x0000000086700000, 0x0000000086700000|100%| E|CS|TAMS 0x0000000086600000, 0x0000000086600000| Complete 
|  79|0x0000000086700000, 0x0000000086800000, 0x0000000086800000|100%| E|CS|TAMS 0x0000000086700000, 0x0000000086700000| Complete 
|  80|0x0000000086800000, 0x0000000086900000, 0x0000000086900000|100%| E|CS|TAMS 0x0000000086800000, 0x0000000086800000| Complete 
|  81|0x0000000086900000, 0x0000000086a00000, 0x0000000086a00000|100%| E|CS|TAMS 0x0000000086900000, 0x0000000086900000| Complete 
|  82|0x0000000086a00000, 0x0000000086b00000, 0x0000000086b00000|100%| E|CS|TAMS 0x0000000086a00000, 0x0000000086a00000| Complete 
|  83|0x0000000086b00000, 0x0000000086c00000, 0x0000000086c00000|100%| E|CS|TAMS 0x0000000086b00000, 0x0000000086b00000| Complete 
|  84|0x0000000086c00000, 0x0000000086d00000, 0x0000000086d00000|100%| E|CS|TAMS 0x0000000086c00000, 0x0000000086c00000| Complete 
|  85|0x0000000086d00000, 0x0000000086e00000, 0x0000000086e00000|100%| E|CS|TAMS 0x0000000086d00000, 0x0000000086d00000| Complete 
|  86|0x0000000086e00000, 0x0000000086f00000, 0x0000000086f00000|100%| E|CS|TAMS 0x0000000086e00000, 0x0000000086e00000| Complete 
|  87|0x0000000086f00000, 0x0000000087000000, 0x0000000087000000|100%| E|CS|TAMS 0x0000000086f00000, 0x0000000086f00000| Complete 
|  88|0x0000000087000000, 0x0000000087100000, 0x0000000087100000|100%| E|CS|TAMS 0x0000000087000000, 0x0000000087000000| Complete 
|  89|0x0000000087100000, 0x0000000087200000, 0x0000000087200000|100%| E|CS|TAMS 0x0000000087100000, 0x0000000087100000| Complete 
|  90|0x0000000087200000, 0x0000000087300000, 0x0000000087300000|100%| E|CS|TAMS 0x0000000087200000, 0x0000000087200000| Complete 
|  91|0x0000000087300000, 0x0000000087400000, 0x0000000087400000|100%| E|CS|TAMS 0x0000000087300000, 0x0000000087300000| Complete 
|  92|0x0000000087400000, 0x0000000087500000, 0x0000000087500000|100%| E|CS|TAMS 0x0000000087400000, 0x0000000087400000| Complete 
|  93|0x0000000087500000, 0x0000000087600000, 0x0000000087600000|100%| E|CS|TAMS 0x0000000087500000, 0x0000000087500000| Complete 
|  94|0x0000000087600000, 0x0000000087700000, 0x0000000087700000|100%| E|CS|TAMS 0x0000000087600000, 0x0000000087600000| Complete 
|  95|0x0000000087700000, 0x0000000087800000, 0x0000000087800000|100%| E|CS|TAMS 0x0000000087700000, 0x0000000087700000| Complete 
|  96|0x0000000087800000, 0x0000000087900000, 0x0000000087900000|100%| E|CS|TAMS 0x0000000087800000, 0x0000000087800000| Complete 
|  97|0x0000000087900000, 0x0000000087a00000, 0x0000000087a00000|100%| E|CS|TAMS 0x0000000087900000, 0x0000000087900000| Complete 
|  98|0x0000000087a00000, 0x0000000087b00000, 0x0000000087b00000|100%| E|CS|TAMS 0x0000000087a00000, 0x0000000087a00000| Complete 
|  99|0x0000000087b00000, 0x0000000087c00000, 0x0000000087c00000|100%| E|CS|TAMS 0x0000000087b00000, 0x0000000087b00000| Complete 
| 100|0x0000000087c00000, 0x0000000087d00000, 0x0000000087d00000|100%| E|CS|TAMS 0x0000000087c00000, 0x0000000087c00000| Complete 
| 101|0x0000000087d00000, 0x0000000087e00000, 0x0000000087e00000|100%| E|CS|TAMS 0x0000000087d00000, 0x0000000087d00000| Complete 
| 102|0x0000000087e00000, 0x0000000087f00000, 0x0000000087f00000|100%| E|CS|TAMS 0x0000000087e00000, 0x0000000087e00000| Complete 
| 103|0x0000000087f00000, 0x0000000088000000, 0x0000000088000000|100%| E|CS|TAMS 0x0000000087f00000, 0x0000000087f00000| Complete 
| 104|0x0000000088000000, 0x0000000088100000, 0x0000000088100000|100%| S|CS|TAMS 0x0000000088000000, 0x0000000088000000| Complete 
| 105|0x0000000088100000, 0x0000000088200000, 0x0000000088200000|100%| S|CS|TAMS 0x0000000088100000, 0x0000000088100000| Complete 
| 106|0x0000000088200000, 0x0000000088300000, 0x0000000088300000|100%| S|CS|TAMS 0x0000000088200000, 0x0000000088200000| Complete 
| 107|0x0000000088300000, 0x0000000088400000, 0x0000000088400000|100%| E|CS|TAMS 0x0000000088300000, 0x0000000088300000| Complete 
| 108|0x0000000088400000, 0x0000000088500000, 0x0000000088500000|100%| E|CS|TAMS 0x0000000088400000, 0x0000000088400000| Complete 
| 109|0x0000000088500000, 0x0000000088600000, 0x0000000088600000|100%| E|CS|TAMS 0x0000000088500000, 0x0000000088500000| Complete 
| 110|0x0000000088600000, 0x0000000088700000, 0x0000000088700000|100%| E|CS|TAMS 0x0000000088600000, 0x0000000088600000| Complete 
| 111|0x0000000088700000, 0x0000000088800000, 0x0000000088800000|100%| E|CS|TAMS 0x0000000088700000, 0x0000000088700000| Complete 
| 112|0x0000000088800000, 0x0000000088900000, 0x0000000088900000|100%| E|CS|TAMS 0x0000000088800000, 0x0000000088800000| Complete 
| 113|0x0000000088900000, 0x0000000088a00000, 0x0000000088a00000|100%| E|CS|TAMS 0x0000000088900000, 0x0000000088900000| Complete 
| 114|0x0000000088a00000, 0x0000000088b00000, 0x0000000088b00000|100%| E|CS|TAMS 0x0000000088a00000, 0x0000000088a00000| Complete 
| 115|0x0000000088b00000, 0x0000000088c00000, 0x0000000088c00000|100%| E|CS|TAMS 0x0000000088b00000, 0x0000000088b00000| Complete 
| 116|0x0000000088c00000, 0x0000000088d00000, 0x0000000088d00000|100%| E|CS|TAMS 0x0000000088c00000, 0x0000000088c00000| Complete 
| 117|0x0000000088d00000, 0x0000000088e00000, 0x0000000088e00000|100%| E|CS|TAMS 0x0000000088d00000, 0x0000000088d00000| Complete 
| 118|0x0000000088e00000, 0x0000000088f00000, 0x0000000088f00000|100%| E|CS|TAMS 0x0000000088e00000, 0x0000000088e00000| Complete 
| 119|0x0000000088f00000, 0x0000000089000000, 0x0000000089000000|100%| E|CS|TAMS 0x0000000088f00000, 0x0000000088f00000| Complete 
| 120|0x0000000089000000, 0x0000000089100000, 0x0000000089100000|100%| E|CS|TAMS 0x0000000089000000, 0x0000000089000000| Complete 
| 121|0x0000000089100000, 0x0000000089200000, 0x0000000089200000|100%| E|CS|TAMS 0x0000000089100000, 0x0000000089100000| Complete 
| 122|0x0000000089200000, 0x0000000089300000, 0x0000000089300000|100%| E|CS|TAMS 0x0000000089200000, 0x0000000089200000| Complete 
| 123|0x0000000089300000, 0x0000000089400000, 0x0000000089400000|100%| E|CS|TAMS 0x0000000089300000, 0x0000000089300000| Complete 
| 124|0x0000000089400000, 0x0000000089500000, 0x0000000089500000|100%| E|CS|TAMS 0x0000000089400000, 0x0000000089400000| Complete 
| 125|0x0000000089500000, 0x0000000089600000, 0x0000000089600000|100%| E|CS|TAMS 0x0000000089500000, 0x0000000089500000| Complete 
| 126|0x0000000089600000, 0x0000000089700000, 0x0000000089700000|100%| E|CS|TAMS 0x0000000089600000, 0x0000000089600000| Complete 
| 127|0x0000000089700000, 0x0000000089800000, 0x0000000089800000|100%| E|CS|TAMS 0x0000000089700000, 0x0000000089700000| Complete 

Card table byte_map: [0x0000026298c50000,0x0000026299050000] _byte_map_base: 0x0000026298844000

Marking Bits (Prev, Next): (CMBitMap*) 0x0000026281c6ae78, (CMBitMap*) 0x0000026281c6aeb0
 Prev Bits: [0x0000026299450000, 0x000002629b3f0000)
 Next Bits: [0x000002629b3f0000, 0x000002629d390000)

Polling page: 0x0000026281410000

Metaspace:

Usage:
  Non-class:     39.48 MB capacity,    39.28 MB (>99%) used,   140.63 KB ( <1%) free+waste,    65.44 KB ( <1%) overhead. 
      Class:      5.47 MB capacity,     5.26 MB ( 96%) used,   185.46 KB (  3%) free+waste,    29.13 KB ( <1%) overhead. 
       Both:     44.95 MB capacity,    44.54 MB (>99%) used,   326.09 KB ( <1%) free+waste,    94.56 KB ( <1%) overhead. 

Virtual space:
  Non-class space:       40.00 MB reserved,      39.58 MB ( 99%) committed 
      Class space:        1.00 GB reserved,       5.50 MB ( <1%) committed 
             Both:        1.04 GB reserved,      45.08 MB (  4%) committed 

Chunk freelists:
   Non-Class:  5.00 KB
       Class:  3.50 KB
        Both:  8.50 KB

CodeHeap 'non-profiled nmethods': size=120000Kb used=1446Kb max_used=1446Kb free=118553Kb
 bounds [0x0000026290dd0000, 0x0000026291040000, 0x0000026298300000]
CodeHeap 'profiled nmethods': size=120000Kb used=7421Kb max_used=7421Kb free=112578Kb
 bounds [0x00000262898a0000, 0x0000026289fe0000, 0x0000026290dd0000]
CodeHeap 'non-nmethods': size=5760Kb used=1198Kb max_used=1236Kb free=4561Kb
 bounds [0x0000026289300000, 0x0000026289570000, 0x00000262898a0000]
 total_blobs=4130 nmethods=3577 adapters=464
 compilation: enabled
              stopped_count=0, restarted_count=0
 full_count=0

Compilation events (10 events):
Event: 12.583 Thread 0x00000262a08bc000 nmethod 3584 0x0000026289fdc310 code [0x0000026289fdc4c0, 0x0000026289fdc738]
Event: 12.583 Thread 0x00000262a08bc000 3585       3       org.jetbrains.kotlin.com.intellij.openapi.util.text.StringUtilRt::lastIndexOf (58 bytes)
Event: 12.583 Thread 0x00000262a08bc000 nmethod 3585 0x0000026289fdc890 code [0x0000026289fdca80, 0x0000026289fdcfe8]
Event: 12.583 Thread 0x00000262a08bc000 3586       3       gnu.trove.TObjectHash::insertionIndex (273 bytes)
Event: 12.584 Thread 0x00000262a08bc000 nmethod 3586 0x0000026289fdd190 code [0x0000026289fdd3e0, 0x0000026289fde028]
Event: 12.584 Thread 0x00000262a08bc000 3587       3       gnu.trove.TObjectHash::equals (22 bytes)
Event: 12.584 Thread 0x00000262a08bc000 nmethod 3587 0x0000026289fde390 code [0x0000026289fde540, 0x0000026289fde7a8]
Event: 12.584 Thread 0x00000262a08bc000 3588       3       org.jetbrains.kotlin.com.intellij.openapi.vfs.VirtualFile::getExtension (24 bytes)
Event: 12.585 Thread 0x00000262a08bc000 nmethod 3588 0x0000026289fde890 code [0x0000026289fdea60, 0x0000026289fded68]
Event: 12.585 Thread 0x00000262a08bc000 3589       3       org.jetbrains.kotlin.com.intellij.openapi.util.io.FileUtilRt::getExtension (45 bytes)

GC Heap History (8 events):
Event: 1.700 GC heap before
{Heap before GC invocations=0 (full 0):
 garbage-first heap   total 131072K, used 28672K [0x0000000081800000, 0x0000000100000000)
  region size 1024K, 24 young (24576K), 0 survivors (0K)
 Metaspace       used 11906K, capacity 12022K, committed 12288K, reserved 1060864K
  class space    used 1118K, capacity 1175K, committed 1280K, reserved 1048576K
}
Event: 1.715 GC heap after
{Heap after GC invocations=1 (full 0):
 garbage-first heap   total 131072K, used 6725K [0x0000000081800000, 0x0000000100000000)
  region size 1024K, 3 young (3072K), 3 survivors (3072K)
 Metaspace       used 11906K, capacity 12022K, committed 12288K, reserved 1060864K
  class space    used 1118K, capacity 1175K, committed 1280K, reserved 1048576K
}
Event: 4.227 GC heap before
{Heap before GC invocations=1 (full 0):
 garbage-first heap   total 131072K, used 47685K [0x0000000081800000, 0x0000000100000000)
  region size 1024K, 44 young (45056K), 3 survivors (3072K)
 Metaspace       used 20901K, capacity 21070K, committed 21296K, reserved 1069056K
  class space    used 2248K, capacity 2309K, committed 2432K, reserved 1048576K
}
Event: 4.280 GC heap after
{Heap after GC invocations=2 (full 0):
 garbage-first heap   total 131072K, used 10662K [0x0000000081800000, 0x0000000100000000)
  region size 1024K, 7 young (7168K), 7 survivors (7168K)
 Metaspace       used 20901K, capacity 21070K, committed 21296K, reserved 1069056K
  class space    used 2248K, capacity 2309K, committed 2432K, reserved 1048576K
}
Event: 8.792 GC heap before
{Heap before GC invocations=3 (full 0):
 garbage-first heap   total 131072K, used 63910K [0x0000000081800000, 0x0000000100000000)
  region size 1024K, 53 young (54272K), 7 survivors (7168K)
 Metaspace       used 31305K, capacity 31673K, committed 32048K, reserved 1077248K
  class space    used 3912K, capacity 4110K, committed 4224K, reserved 1048576K
}
Event: 8.872 GC heap after
{Heap after GC invocations=4 (full 0):
 garbage-first heap   total 131072K, used 23929K [0x0000000081800000, 0x0000000100000000)
  region size 1024K, 7 young (7168K), 7 survivors (7168K)
 Metaspace       used 31305K, capacity 31673K, committed 32048K, reserved 1077248K
  class space    used 3912K, capacity 4110K, committed 4224K, reserved 1048576K
}
Event: 9.757 GC heap before
{Heap before GC invocations=4 (full 0):
 garbage-first heap   total 131072K, used 44409K [0x0000000081800000, 0x0000000100000000)
  region size 1024K, 28 young (28672K), 7 survivors (7168K)
 Metaspace       used 35449K, capacity 35787K, committed 35920K, reserved 1081344K
  class space    used 4379K, capacity 4565K, committed 4608K, reserved 1048576K
}
Event: 9.789 GC heap after
{Heap after GC invocations=5 (full 0):
 garbage-first heap   total 131072K, used 24576K [0x0000000081800000, 0x0000000100000000)
  region size 1024K, 3 young (3072K), 3 survivors (3072K)
 Metaspace       used 35449K, capacity 35787K, committed 35920K, reserved 1081344K
  class space    used 4379K, capacity 4565K, committed 4608K, reserved 1048576K
}

Deoptimization events (10 events):
Event: 11.473 Thread 0x0000026281c34000 Uncommon trap: reason=class_check action=maybe_recompile pc=0x0000026290ea2fe8 method=org.jetbrains.kotlin.com.intellij.openapi.util.text.StringUtil.getLineBreakCount(Ljava/lang/CharSequence;)I @ 15 c2
Event: 11.473 Thread 0x0000026281c34000 Uncommon trap: reason=class_check action=maybe_recompile pc=0x0000026290ea2fe8 method=org.jetbrains.kotlin.com.intellij.openapi.util.text.StringUtil.getLineBreakCount(Ljava/lang/CharSequence;)I @ 15 c2
Event: 11.473 Thread 0x0000026281c34000 Uncommon trap: reason=class_check action=maybe_recompile pc=0x0000026290ea2fe8 method=org.jetbrains.kotlin.com.intellij.openapi.util.text.StringUtil.getLineBreakCount(Ljava/lang/CharSequence;)I @ 15 c2
Event: 11.793 Thread 0x0000026281c34000 Uncommon trap: reason=class_check action=maybe_recompile pc=0x0000026290f0ed1c method=org.jetbrains.kotlin.com.intellij.util.text.ImmutableText.charAt(I)C @ 46 c2
Event: 11.793 Thread 0x0000026281c34000 Uncommon trap: reason=class_check action=maybe_recompile pc=0x0000026290f0ed1c method=org.jetbrains.kotlin.com.intellij.util.text.ImmutableText.charAt(I)C @ 46 c2
Event: 11.793 Thread 0x0000026281c34000 Uncommon trap: reason=class_check action=maybe_recompile pc=0x0000026290f0ed1c method=org.jetbrains.kotlin.com.intellij.util.text.ImmutableText.charAt(I)C @ 46 c2
Event: 11.793 Thread 0x0000026281c34000 Uncommon trap: reason=class_check action=maybe_recompile pc=0x0000026290f0ed1c method=org.jetbrains.kotlin.com.intellij.util.text.ImmutableText.charAt(I)C @ 46 c2
Event: 11.793 Thread 0x0000026281c34000 Uncommon trap: reason=class_check action=maybe_recompile pc=0x0000026290f0cd88 method=org.jetbrains.kotlin.com.intellij.util.text.ImmutableText.charAt(I)C @ 46 c2
Event: 11.805 Thread 0x0000026281c34000 Uncommon trap: reason=predicate action=maybe_recompile pc=0x0000026290ea294c method=org.jetbrains.kotlin.com.intellij.openapi.util.text.StringUtil.getLineBreakCount(Ljava/lang/CharSequence;)I @ 13 c2
Event: 11.877 Thread 0x0000026281c34000 Uncommon trap: reason=unstable_if action=reinterpret pc=0x0000026290f16f40 method=org.jetbrains.kotlin.lexer._JetLexer.advance()Lorg/jetbrains/kotlin/com/intellij/psi/tree/IElementType; @ 403 c2

Classes redefined (0 events):
No events

Internal exceptions (10 events):
Event: 5.399 Thread 0x0000026281c34000 Exception <a 'java/lang/NoSuchMethodError'{0x0000000088cd04e8}: java.lang.invoke.DirectMethodHandle$Holder.invokeStatic(Ljava/lang/Object;Ljava/lang/Object;Ljava/lang/Object;Ljava/lang/Object;I)Ljava/lang/Object;> (0x0000000088cd04e8) thrown at [./open/sr
Event: 5.561 Thread 0x0000026281c34000 Exception <a 'java/lang/NoSuchMethodError'{0x0000000088bf5200}: java.lang.invoke.DirectMethodHandle$Holder.invokeStatic(Ljava/lang/Object;Ljava/lang/Object;Ljava/lang/Object;Ljava/lang/Object;)V> (0x0000000088bf5200) thrown at [./open/src/hotspot/share/in
Event: 5.948 Thread 0x0000026281c34000 Exception <a 'java/lang/NoSuchMethodError'{0x00000000887db8d0}: java.lang.invoke.DirectMethodHandle$Holder.invokeStaticInit(Ljava/lang/Object;Ljava/lang/Object;)V> (0x00000000887db8d0) thrown at [./open/src/hotspot/share/interpreter/linkResolver.cpp, line
Event: 6.209 Thread 0x0000026281c34000 Exception <a 'java/lang/NoSuchMethodError'{0x000000008823dc70}: java.lang.invoke.DirectMethodHandle$Holder.invokeVirtual(Ljava/lang/Object;Ljava/lang/Object;)V> (0x000000008823dc70) thrown at [./open/src/hotspot/share/interpreter/linkResolver.cpp, line 77
Event: 6.262 Thread 0x0000026281c34000 Exception <a 'java/lang/NoSuchMethodError'{0x00000000882d2868}: java.lang.invoke.DirectMethodHandle$Holder.invokeVirtual(Ljava/lang/Object;Ljava/lang/Object;)I> (0x00000000882d2868) thrown at [./open/src/hotspot/share/interpreter/linkResolver.cpp, line 77
Event: 9.607 Thread 0x0000026281c34000 Exception <a 'java/lang/NoSuchMethodError'{0x000000008875f230}: java.lang.invoke.DirectMethodHandle$Holder.invokeVirtual(Ljava/lang/Object;Ljava/lang/Object;Ljava/lang/Object;)Ljava/lang/Object;> (0x000000008875f230) thrown at [./open/src/hotspot/share/in
Event: 11.462 Thread 0x0000026281c34000 Exception <a 'java/lang/NoSuchMethodError'{0x0000000087050e78}: java.lang.invoke.Invokers$Holder.linkToTargetMethod(Ljava/lang/Object;ILjava/lang/Object;)Ljava/lang/Object;> (0x0000000087050e78) thrown at [./open/src/hotspot/share/interpreter/linkResolver
Event: 12.304 Thread 0x0000026281c34000 Exception <a 'java/lang/NoSuchMethodError'{0x0000000086889928}: java.lang.invoke.DirectMethodHandle$Holder.invokeStatic(Ljava/lang/Object;Ljava/lang/Object;Ljava/lang/Object;I)Ljava/lang/Object;> (0x0000000086889928) thrown at [./open/src/hotspot/share/in
Event: 12.305 Thread 0x0000026281c34000 Exception <a 'java/lang/NoSuchMethodError'{0x000000008688d598}: java.lang.invoke.DirectMethodHandle$Holder.invokeSpecial(Ljava/lang/Object;Ljava/lang/Object;Ljava/lang/Object;Ljava/lang/Object;I)Ljava/lang/Object;> (0x000000008688d598) thrown at [./open/s
Event: 12.305 Thread 0x0000026281c34000 Exception <a 'java/lang/NoSuchMethodError'{0x00000000868908a0}: java.lang.invoke.Invokers$Holder.linkToTargetMethod(Ljava/lang/Object;Ljava/lang/Object;ILjava/lang/Object;)Ljava/lang/Object;> (0x00000000868908a0) thrown at [./open/src/hotspot/share/interp

Events (10 events):
Event: 12.578 loading class org/jetbrains/kotlin/resolve/jvm/multiplatform/OptionalAnnotationPackageFragmentProvider$packages$2$1$classDescriptors$1
Event: 12.578 loading class org/jetbrains/kotlin/resolve/jvm/multiplatform/OptionalAnnotationPackageFragmentProvider$packages$2$1$classDescriptors$1 done
Event: 12.579 loading class org/jetbrains/kotlin/resolve/jvm/multiplatform/PackageFragmentForOptionalAnnotations
Event: 12.579 loading class org/jetbrains/kotlin/resolve/jvm/multiplatform/PackageFragmentForOptionalAnnotations done
Event: 12.580 loading class org/jetbrains/kotlin/resolve/jvm/multiplatform/PackageFragmentForOptionalAnnotations$scope$1
Event: 12.580 loading class org/jetbrains/kotlin/resolve/jvm/multiplatform/PackageFragmentForOptionalAnnotations$scope$1 done
Event: 12.581 loading class org/jetbrains/kotlin/cli/jvm/compiler/KotlinCliJavaFileManagerImpl$knownClassNamesInPackage$1
Event: 12.581 loading class org/jetbrains/kotlin/cli/jvm/compiler/KotlinCliJavaFileManagerImpl$knownClassNamesInPackage$1 done
Event: 12.584 loading class org/jetbrains/kotlin/cli/jvm/index/SingleJavaFileRootsIndex$JavaSourceClassIdReader
Event: 12.584 loading class org/jetbrains/kotlin/cli/jvm/index/SingleJavaFileRootsIndex$JavaSourceClassIdReader done


Dynamic libraries:
0x00007ff6d7070000 - 0x00007ff6d707f000 	C:\Program Files\Java\jdk-11.0.17\bin\java.exe
0x00007ffeb54d0000 - 0x00007ffeb56c7000 	C:\WINDOWS\SYSTEM32\ntdll.dll
0x00007ffeb3920000 - 0x00007ffeb39dd000 	C:\WINDOWS\System32\KERNEL32.DLL
0x00007ffeb2c80000 - 0x00007ffeb2f76000 	C:\WINDOWS\System32\KERNELBASE.dll
0x00007ffeb3430000 - 0x00007ffeb3530000 	C:\WINDOWS\System32\ucrtbase.dll
0x00007ffeabf90000 - 0x00007ffeabfa8000 	C:\Program Files\Java\jdk-11.0.17\bin\jli.dll
0x00007ffeb49d0000 - 0x00007ffeb4a7e000 	C:\WINDOWS\System32\ADVAPI32.dll
0x00007ffeb3f90000 - 0x00007ffeb402e000 	C:\WINDOWS\System32\msvcrt.dll
0x00007ffeb4660000 - 0x00007ffeb46fc000 	C:\WINDOWS\System32\sechost.dll
0x00007ffeb4170000 - 0x00007ffeb4296000 	C:\WINDOWS\System32\RPCRT4.dll
0x00007ffeb5230000 - 0x00007ffeb53ce000 	C:\WINDOWS\System32\USER32.dll
0x00007ffeb3400000 - 0x00007ffeb3422000 	C:\WINDOWS\System32\win32u.dll
0x00007ffeb5460000 - 0x00007ffeb548c000 	C:\WINDOWS\System32\GDI32.dll
0x00007ffeb32e0000 - 0x00007ffeb33fa000 	C:\WINDOWS\System32\gdi32full.dll
0x00007ffeb2be0000 - 0x00007ffeb2c7d000 	C:\WINDOWS\System32\msvcp_win.dll
0x00007ffeac050000 - 0x00007ffeac065000 	C:\Program Files\Java\jdk-11.0.17\bin\VCRUNTIME140.dll
0x00007ffea54b0000 - 0x00007ffea574a000 	C:\WINDOWS\WinSxS\amd64_microsoft.windows.common-controls_6595b64144ccf1df_6.0.19041.3570_none_60bb2a3971f3e41a\COMCTL32.dll
0x00007ffeaca20000 - 0x00007ffeaca2a000 	C:\WINDOWS\SYSTEM32\VERSION.dll
0x00007ffeb3f60000 - 0x00007ffeb3f90000 	C:\WINDOWS\System32\IMM32.DLL
0x00007ffe8f980000 - 0x00007ffe8fa1b000 	C:\Program Files\Java\jdk-11.0.17\bin\msvcp140.dll
0x00007ffe5d520000 - 0x00007ffe5e03a000 	C:\Program Files\Java\jdk-11.0.17\bin\server\jvm.dll
0x00007ffeb4030000 - 0x00007ffeb4038000 	C:\WINDOWS\System32\PSAPI.DLL
0x00007ffeae1f0000 - 0x00007ffeae1f9000 	C:\WINDOWS\SYSTEM32\WSOCK32.dll
0x00007ffeb47b0000 - 0x00007ffeb481b000 	C:\WINDOWS\System32\WS2_32.dll
0x00007ffeaa0e0000 - 0x00007ffeaa107000 	C:\WINDOWS\SYSTEM32\WINMM.dll
0x00007ffeb0a70000 - 0x00007ffeb0a82000 	C:\WINDOWS\SYSTEM32\kernel.appcore.dll
0x00007ffeac040000 - 0x00007ffeac050000 	C:\Program Files\Java\jdk-11.0.17\bin\verify.dll
0x00007ffea7a00000 - 0x00007ffea7be4000 	C:\WINDOWS\SYSTEM32\DBGHELP.DLL
0x00007ffea74f0000 - 0x00007ffea7524000 	C:\WINDOWS\SYSTEM32\dbgcore.DLL
0x00007ffeb3250000 - 0x00007ffeb32d2000 	C:\WINDOWS\System32\bcryptPrimitives.dll
0x00007ffe9ecf0000 - 0x00007ffe9ed18000 	C:\Program Files\Java\jdk-11.0.17\bin\java.dll
0x00007ffeabac0000 - 0x00007ffeabaca000 	C:\Program Files\Java\jdk-11.0.17\bin\jimage.dll
0x00007ffea81a0000 - 0x00007ffea81b6000 	C:\Program Files\Java\jdk-11.0.17\bin\zip.dll
0x00007ffeb4ae0000 - 0x00007ffeb5224000 	C:\WINDOWS\System32\SHELL32.dll
0x00007ffeb0c70000 - 0x00007ffeb140b000 	C:\WINDOWS\SYSTEM32\windows.storage.dll
0x00007ffeb42a0000 - 0x00007ffeb45f4000 	C:\WINDOWS\System32\combase.dll
0x00007ffeb2520000 - 0x00007ffeb254d000 	C:\WINDOWS\SYSTEM32\Wldp.dll
0x00007ffeb4700000 - 0x00007ffeb47ad000 	C:\WINDOWS\System32\SHCORE.dll
0x00007ffeb4a80000 - 0x00007ffeb4ad5000 	C:\WINDOWS\System32\shlwapi.dll
0x00007ffeb2ae0000 - 0x00007ffeb2b05000 	C:\WINDOWS\SYSTEM32\profapi.dll
0x00007ffe9eca0000 - 0x00007ffe9ecb9000 	C:\Program Files\Java\jdk-11.0.17\bin\net.dll
0x00007ffeac910000 - 0x00007ffeaca1a000 	C:\WINDOWS\SYSTEM32\WINHTTP.dll
0x00007ffeb2280000 - 0x00007ffeb22ea000 	C:\WINDOWS\system32\mswsock.dll
0x00007ffe9c0f0000 - 0x00007ffe9c102000 	C:\Program Files\Java\jdk-11.0.17\bin\nio.dll

dbghelp: loaded successfully - version: 4.0.5 - missing functions: none
symbol engine: initialized successfully - sym options: 0x614 - pdb path: .;C:\Program Files\Java\jdk-11.0.17\bin;C:\WINDOWS\SYSTEM32;C:\WINDOWS\WinSxS\amd64_microsoft.windows.common-controls_6595b64144ccf1df_6.0.19041.3570_none_60bb2a3971f3e41a;C:\Program Files\Java\jdk-11.0.17\bin\server

VM Arguments:
java_command: org.jetbrains.kotlin.cli.jvm.K2JVMCompiler @C:\Users\Admin\Desktop\REACT_NATIVE\CopePod\node_modules\react-native-screens\android\build\20231115_16368827457553478417.compiler.options
java_class_path (initial): C:\Users\Admin\.gradle\caches\modules-2\files-2.1\org.jetbrains.kotlin\kotlin-compiler-embeddable\1.8.0\eb9118d4bcceaa2a94b2ae2a33a4ddba7c9a947f\kotlin-compiler-embeddable-1.8.0.jar;C:\Users\Admin\.gradle\caches\modules-2\files-2.1\org.jetbrains.kotlin\kotlin-stdlib\1.8.0\1796921c7a3e2e2665a83e6c8d33399336cd39bc\kotlin-stdlib-1.8.0.jar;C:\Users\Admin\.gradle\caches\modules-2\files-2.1\org.jetbrains.kotlin\kotlin-script-runtime\1.8.0\b2f7e760d283cb339974851c222a4c1d48f2d3d\kotlin-script-runtime-1.8.0.jar;C:\Users\Admin\.gradle\caches\modules-2\files-2.1\org.jetbrains.kotlin\kotlin-reflect\1.6.10\1cbe9c92c12a94eea200d23c2bbaedaf3daf5132\kotlin-reflect-1.6.10.jar;C:\Users\Admin\.gradle\caches\modules-2\files-2.1\org.jetbrains.kotlin\kotlin-daemon-embeddable\1.8.0\d255216c551685dc3a7e852b53617f5f01aaaa5c\kotlin-daemon-embeddable-1.8.0.jar;C:\Users\Admin\.gradle\caches\modules-2\files-2.1\org.jetbrains.intellij.deps\trove4j\1.0.20200330\3afb14d5f9ceb459d724e907a21145e8ff394f02\trove4j-1.0.20200330.jar;C:\Users\Admin\.gradle\caches\modules-2\files-2.1\net.java.dev.jna\jna\5.6.0\330f2244e9030119ab3030fc3fededc86713d9cc\jna-5.6.0.jar;C:\Users\Admin\.gradle\caches\modules-2\files-2.1\org.jetbrains.kotlin\kotlin-stdlib-common\1.8.0\f7197e7cc76453ac59f8b0f8d5137cc600becd36\kotlin-stdlib-common-1.8.0.jar;C:\Users\Admin\.gradle\caches\modules-2\files-2.1\org.jetbrains\annotations\13.0\919f0dfe192fb4e063e7dacadee7f8bb9a2672a9\annotations-13.0.jar
Launcher Type: SUN_STANDARD

[Global flags]
     intx CICompilerCount                          = 4                                         {product} {ergonomic}
     uint ConcGCThreads                            = 3                                         {product} {ergonomic}
     uint G1ConcRefinementThreads                  = 10                                        {product} {ergonomic}
   size_t G1HeapRegionSize                         = 1048576                                   {product} {ergonomic}
    uintx GCDrainStackTargetSize                   = 64                                        {product} {ergonomic}
   size_t InitialHeapSize                          = 134217728                                 {product} {ergonomic}
   size_t MarkStackSize                            = 4194304                                   {product} {ergonomic}
   size_t MaxHeapSize                              = 2122317824                                {product} {ergonomic}
   size_t MaxNewSize                               = 1272971264                                {product} {ergonomic}
   size_t MinHeapDeltaBytes                        = 1048576                                   {product} {ergonomic}
    uintx NonNMethodCodeHeapSize                   = 5836300                                {pd product} {ergonomic}
    uintx NonProfiledCodeHeapSize                  = 122910970                              {pd product} {ergonomic}
    uintx ProfiledCodeHeapSize                     = 122910970                              {pd product} {ergonomic}
    uintx ReservedCodeCacheSize                    = 251658240                              {pd product} {ergonomic}
     bool SegmentedCodeCache                       = true                                      {product} {ergonomic}
     bool UseCompressedClassPointers               = true                                 {lp64_product} {ergonomic}
     bool UseCompressedOops                        = true                                 {lp64_product} {ergonomic}
     bool UseG1GC                                  = true                                      {product} {ergonomic}
     bool UseLargePagesIndividualAllocation        = false                                  {pd product} {ergonomic}

Logging:
Log output configuration:
 #0: stdout all=warning uptime,level,tags
 #1: stderr all=off uptime,level,tags

Environment Variables:
JAVA_HOME=C:\Program Files\Java\jdk-11.0.17
CLASSPATH=C:\Users\Admin\Desktop\REACT_NATIVE\CopePod\android\\gradle\wrapper\gradle-wrapper.jar
PATH=C:\Users\Admin\AppData\Local\Temp\yarn--1700051756326-0.6934855528886053;C:\Users\Admin\Desktop\REACT_NATIVE\CopePod\node_modules\.bin;C:\Users\Admin\AppData\Local\Yarn\Data\link\node_modules\.bin;C:\Users\Admin\AppData\Local\Yarn\bin;C:\Program Files\libexec\lib\node_modules\npm\bin\node-gyp-bin;C:\Program Files\lib\node_modules\npm\bin\node-gyp-bin;C:\Program Files\nodejs\node_modules\npm\bin\node-gyp-bin;C:\WINDOWS\system32;C:\WINDOWS;C:\WINDOWS\System32\Wbem;C:\WINDOWS\System32\WindowsPowerShell\v1.0\;C:\WINDOWS\System32\OpenSSH\;C:\Program Files\MongoDB\Server\5.0\bin;C:\Program Files\Githutrepo\cmd;C:\Program Files\nodejs\;C:\Program Files\Java\jdk-11.0.17\bin;C:\Program Files\MongoDB\Server\6.0\bin;C:\Users\Admin\AppData\Local\Programs\Python\Python311\Scripts\;C:\Users\Admin\AppData\Local\Programs\Python\Python311\;C:\Users\Admin\AppData\Local\Microsoft\WindowsApps;C:\Users\Admin\AppData\Local\Programs\Microsoft VS Code\bin;C:\Users\Admin\AppData\Roaming\npm;C:\Program Files\Java\jdk-11.0.17\bin;C:\Program Files\MongoDB\Server\6.0\bin;
USERNAME=Admin
OS=Windows_NT
PROCESSOR_IDENTIFIER=Intel64 Family 6 Model 165 Stepping 5, GenuineIntel



---------------  S Y S T E M  ---------------

OS: Windows 10 , 64 bit Build 19041 (10.0.19041.3570)

CPU:total 12 (initial active 12) (6 cores per cpu, 2 threads per core) family 6 model 165 stepping 5 microcode 0xec, cmov, cx8, fxsr, mmx, sse, sse2, sse3, ssse3, sse4.1, sse4.2, popcnt, avx, avx2, aes, clmul, erms, 3dnowpref, lzcnt, ht, tsc, tscinvbit, bmi1, bmi2, adx, fma

Memory: 4k page, system-wide physical 8089M (595M free)
TotalPageFile size 32665M (AvailPageFile size 3M)
current process WorkingSet (physical memory assigned to process): 230M, peak: 230M
current process commit charge ("private bytes"): 324M, peak: 325M

vm_info: Java HotSpot(TM) 64-Bit Server VM (11.0.17+10-LTS-269) for windows-amd64 JRE (11.0.17+10-LTS-269), built on Sep 13 2022 19:26:37 by "mach5one" with MS VC++ 15.9 (VS2017)

END.
