#
# There is insufficient memory for the Java Runtime Environment to continue.
# Native memory allocation (malloc) failed to allocate 32744 bytes for ChunkPool::allocate
# Possible reasons:
#   The system is out of physical RAM or swap space
#   The process is running with CompressedOops enabled, and the Java Heap may be blocking the growth of the native heap
# Possible solutions:
#   Reduce memory load on the system
#   Increase physical memory or swap space
#   Check if swap backing store is full
#   Decrease Java heap size (-Xmx/-Xms)
#   Decrease number of Java threads
#   Decrease Java thread stack sizes (-Xss)
#   Set larger code cache with -XX:ReservedCodeCacheSize=
#   JVM is running with Unscaled Compressed Oops mode in which the Java heap is
#     placed in the first 4GB address space. The Java Heap base address is the
#     maximum limit for the native heap growth. Please use -XX:HeapBaseMinAddress
#     to set the Java Heap base and to place the Java Heap above 4GB virtual address.
# This output file may be truncated or incomplete.
#
#  Out of Memory Error (./open/src/hotspot/share/memory/arena.cpp:81), pid=19356, tid=12648
#
# JRE version: Java(TM) SE Runtime Environment 18.9 (11.0.17+10) (build 11.0.17+10-LTS-269)
# Java VM: Java HotSpot(TM) 64-Bit Server VM 18.9 (11.0.17+10-LTS-269, mixed mode, tiered, compressed oops, g1 gc, windows-amd64)
# No core dump will be written. Minidumps are not enabled by default on client versions of Windows
#

---------------  S U M M A R Y ------------

Command Line: org.jetbrains.kotlin.cli.jvm.K2JVMCompiler @C:\Users\Admin\Desktop\REACT_NATIVE\CopePod\node_modules\react-native-gesture-handler\android\build\20231115_10814903436829859325.compiler.options

Host: Intel(R) Core(TM) i5-10400F CPU @ 2.90GHz, 12 cores, 7G,  Windows 10 , 64 bit Build 19041 (10.0.19041.3570)
Time: Wed Nov 15 18:07:12 2023 India Standard Time elapsed time: 12.632704 seconds (0d 0h 0m 12s)

---------------  T H R E A D  ---------------

Current thread (0x00000163cf4e0800):  JavaThread "C1 CompilerThread0" daemon [_thread_in_native, id=12648, stack(0x00000014a4400000,0x00000014a4500000)]


Current CompileTask:
C1:  12632 3539       2       org.jetbrains.org.objectweb.asm.ClassReader::readUtf (161 bytes)

Stack: [0x00000014a4400000,0x00000014a4500000]
Native frames: (J=compiled Java code, j=interpreted, Vv=VM code, C=native code)
V  [jvm.dll+0x62b5da]
V  [jvm.dll+0x7653df]
V  [jvm.dll+0x766a89]
V  [jvm.dll+0x767113]
V  [jvm.dll+0x23dd28]
V  [jvm.dll+0xb2c7b]
V  [jvm.dll+0xb2fdc]
V  [jvm.dll+0x169392]
V  [jvm.dll+0x16944e]
V  [jvm.dll+0x16944e]
V  [jvm.dll+0x16944e]
V  [jvm.dll+0x16944e]
V  [jvm.dll+0x16944e]
V  [jvm.dll+0x16944e]
V  [jvm.dll+0x168c56]
V  [jvm.dll+0x169df0]
V  [jvm.dll+0x118003]
V  [jvm.dll+0x1181d0]
V  [jvm.dll+0x11848f]
V  [jvm.dll+0x117734]
V  [jvm.dll+0x119607]
V  [jvm.dll+0x207296]
V  [jvm.dll+0x20542b]
V  [jvm.dll+0x72b2c0]
V  [jvm.dll+0x723e64]
V  [jvm.dll+0x62a485]
C  [ucrtbase.dll+0x21bb2]
C  [KERNEL32.DLL+0x17344]
C  [ntdll.dll+0x526b1]


---------------  P R O C E S S  ---------------

Threads class SMR info:
_java_thread_list=0x00000163d25c6c60, length=12, elements={
0x00000163b07e4000, 0x00000163cebac800, 0x00000163cebaf000, 0x00000163cebca000,
0x00000163cebcb800, 0x00000163cebcc800, 0x00000163cebcf800, 0x00000163cf4e0800,
0x00000163cf4e4000, 0x00000163cf6c5800, 0x00000163d1804000, 0x00000163d3715000
}

Java Threads: ( => current thread )
  0x00000163b07e4000 JavaThread "main" [_thread_in_Java, id=7800, stack(0x00000014a3600000,0x00000014a3700000)]
  0x00000163cebac800 JavaThread "Reference Handler" daemon [_thread_blocked, id=6028, stack(0x00000014a3e00000,0x00000014a3f00000)]
  0x00000163cebaf000 JavaThread "Finalizer" daemon [_thread_blocked, id=16392, stack(0x00000014a3f00000,0x00000014a4000000)]
  0x00000163cebca000 JavaThread "Signal Dispatcher" daemon [_thread_blocked, id=10392, stack(0x00000014a4000000,0x00000014a4100000)]
  0x00000163cebcb800 JavaThread "Attach Listener" daemon [_thread_blocked, id=17192, stack(0x00000014a4100000,0x00000014a4200000)]
  0x00000163cebcc800 JavaThread "Service Thread" daemon [_thread_blocked, id=16432, stack(0x00000014a4200000,0x00000014a4300000)]
  0x00000163cebcf800 JavaThread "C2 CompilerThread0" daemon [_thread_in_native, id=12212, stack(0x00000014a4300000,0x00000014a4400000)]
=>0x00000163cf4e0800 JavaThread "C1 CompilerThread0" daemon [_thread_in_native, id=12648, stack(0x00000014a4400000,0x00000014a4500000)]
  0x00000163cf4e4000 JavaThread "Sweeper thread" daemon [_thread_blocked, id=19404, stack(0x00000014a4500000,0x00000014a4600000)]
  0x00000163cf6c5800 JavaThread "Common-Cleaner" daemon [_thread_blocked, id=18356, stack(0x00000014a4700000,0x00000014a4800000)]
  0x00000163d1804000 JavaThread "C2 CompilerThread1" daemon [_thread_in_native, id=10932, stack(0x00000014a4c00000,0x00000014a4d00000)]
  0x00000163d3715000 JavaThread "C2 CompilerThread2" daemon [_thread_in_native, id=15144, stack(0x00000014a4d00000,0x00000014a4e00000)]

Other Threads:
  0x00000163ceb88000 VMThread "VM Thread" [stack: 0x00000014a3d00000,0x00000014a3e00000] [id=14500]
  0x00000163cf6c4000 WatcherThread [stack: 0x00000014a4600000,0x00000014a4700000] [id=14996]
  0x00000163b07f3800 GCTaskThread "GC Thread#0" [stack: 0x00000014a3800000,0x00000014a3900000] [id=13172]
  0x00000163cfb90000 GCTaskThread "GC Thread#1" [stack: 0x00000014a4900000,0x00000014a4a00000] [id=10920]
  0x00000163cfb25800 GCTaskThread "GC Thread#2" [stack: 0x00000014a4a00000,0x00000014a4b00000] [id=16828]
  0x00000163b0823800 ConcurrentGCThread "G1 Main Marker" [stack: 0x00000014a3900000,0x00000014a3a00000] [id=16676]
  0x00000163b0825000 ConcurrentGCThread "G1 Conc#0" [stack: 0x00000014a3a00000,0x00000014a3b00000] [id=3052]
  0x00000163cff93000 ConcurrentGCThread "G1 Conc#1" [stack: 0x00000014a4800000,0x00000014a4900000] [id=10112]
  0x00000163cfbca000 ConcurrentGCThread "G1 Conc#2" [stack: 0x00000014a4b00000,0x00000014a4c00000] [id=15676]
  0x00000163ce9f0800 ConcurrentGCThread "G1 Refine#0" [stack: 0x00000014a3b00000,0x00000014a3c00000] [id=17016]
  0x00000163d0d5b000 ConcurrentGCThread "G1 Refine#1" [stack: 0x00000014a4e00000,0x00000014a4f00000] [id=9464]
  0x00000163ce9f3800 ConcurrentGCThread "G1 Young RemSet Sampling" [stack: 0x00000014a3c00000,0x00000014a3d00000] [id=10300]

Threads with active compile tasks:
C2 CompilerThread0    12695 2919       4       java.lang.ClassLoader::loadClass (7 bytes)
C1 CompilerThread0    12695 3539       2       org.jetbrains.org.objectweb.asm.ClassReader::readUtf (161 bytes)
C2 CompilerThread1    12695 3393       4       org.jetbrains.kotlin.com.intellij.lang.impl.PsiBuilderImpl::createLeaf (155 bytes)
C2 CompilerThread2    12695 3370       4       org.jetbrains.kotlin.com.intellij.lang.impl.PsiBuilderImpl::insertLeaves (88 bytes)

VM state:not at safepoint (normal execution)

VM Mutex/Monitor currently owned by a thread: None

Heap address: 0x0000000081800000, size: 2024 MB, Compressed Oops mode: 32-bit
Narrow klass base: 0x0000000000000000, Narrow klass shift: 3
Compressed class space size: 1073741824 Address: 0x0000000100000000

Heap:
 garbage-first heap   total 157696K, used 47523K [0x0000000081800000, 0x0000000100000000)
  region size 1024K, 30 young (30720K), 5 survivors (5120K)
 Metaspace       used 44597K, capacity 45008K, committed 45232K, reserved 1089536K
  class space    used 5304K, capacity 5516K, committed 5632K, reserved 1048576K
Heap Regions: E=young(eden), S=young(survivor), O=old, HS=humongous(starts), HC=humongous(continues), CS=collection set, F=free, A=archive, TAMS=top-at-mark-start (previous, next)
|   0|0x0000000081800000, 0x0000000081900000, 0x0000000081900000|100%|HS|  |TAMS 0x0000000081900000, 0x0000000081800000| Complete 
|   1|0x0000000081900000, 0x0000000081a00000, 0x0000000081a00000|100%|HC|  |TAMS 0x0000000081a00000, 0x0000000081900000| Complete 
|   2|0x0000000081a00000, 0x0000000081b00000, 0x0000000081b00000|100%|HC|  |TAMS 0x0000000081b00000, 0x0000000081a00000| Complete 
|   3|0x0000000081b00000, 0x0000000081c00000, 0x0000000081c00000|100%|HS|  |TAMS 0x0000000081c00000, 0x0000000081b00000| Complete 
|   4|0x0000000081c00000, 0x0000000081d00000, 0x0000000081d00000|100%|HC|  |TAMS 0x0000000081d00000, 0x0000000081c00000| Complete 
|   5|0x0000000081d00000, 0x0000000081e00000, 0x0000000081e00000|100%|HC|  |TAMS 0x0000000081e00000, 0x0000000081d00000| Complete 
|   6|0x0000000081e00000, 0x0000000081e00000, 0x0000000081f00000|  0%| F|  |TAMS 0x0000000081e00000, 0x0000000081e00000| Untracked 
|   7|0x0000000081f00000, 0x0000000081f00000, 0x0000000082000000|  0%| F|  |TAMS 0x0000000081f00000, 0x0000000081f00000| Untracked 
|   8|0x0000000082000000, 0x0000000082100000, 0x0000000082100000|100%| O|  |TAMS 0x0000000082100000, 0x0000000082000000| Untracked 
|   9|0x0000000082100000, 0x0000000082200000, 0x0000000082200000|100%| O|  |TAMS 0x0000000082200000, 0x0000000082100000| Untracked 
|  10|0x0000000082200000, 0x0000000082300000, 0x0000000082300000|100%| O|  |TAMS 0x0000000082300000, 0x0000000082200000| Untracked 
|  11|0x0000000082300000, 0x0000000082400000, 0x0000000082400000|100%| O|  |TAMS 0x0000000082400000, 0x0000000082300000| Untracked 
|  12|0x0000000082400000, 0x0000000082500000, 0x0000000082500000|100%| O|  |TAMS 0x0000000082500000, 0x0000000082400000| Untracked 
|  13|0x0000000082500000, 0x0000000082600000, 0x0000000082600000|100%| O|  |TAMS 0x000000008250fc00, 0x0000000082500000| Untracked 
|  14|0x0000000082600000, 0x0000000082700000, 0x0000000082700000|100%| O|  |TAMS 0x0000000082600000, 0x0000000082600000| Untracked 
|  15|0x0000000082700000, 0x0000000082800000, 0x0000000082800000|100%| O|  |TAMS 0x0000000082700000, 0x0000000082700000| Untracked 
|  16|0x0000000082800000, 0x0000000082900000, 0x0000000082900000|100%| O|  |TAMS 0x0000000082800000, 0x0000000082800000| Untracked 
|  17|0x0000000082900000, 0x0000000082a00000, 0x0000000082a00000|100%| O|  |TAMS 0x0000000082900000, 0x0000000082900000| Untracked 
|  18|0x0000000082a00000, 0x0000000082b00000, 0x0000000082b00000|100%| O|  |TAMS 0x0000000082a00000, 0x0000000082a00000| Untracked 
|  19|0x0000000082b00000, 0x0000000082c00000, 0x0000000082c00000|100%| O|  |TAMS 0x0000000082b00000, 0x0000000082b00000| Untracked 
|  20|0x0000000082c00000, 0x0000000082c00000, 0x0000000082d00000|  0%| F|  |TAMS 0x0000000082c00000, 0x0000000082c00000| Untracked 
|  21|0x0000000082d00000, 0x0000000082d00000, 0x0000000082e00000|  0%| F|  |TAMS 0x0000000082d00000, 0x0000000082d00000| Untracked 
|  22|0x0000000082e00000, 0x0000000082e00000, 0x0000000082f00000|  0%| F|  |TAMS 0x0000000082e00000, 0x0000000082e00000| Untracked 
|  23|0x0000000082f00000, 0x0000000082f00000, 0x0000000083000000|  0%| F|  |TAMS 0x0000000082f00000, 0x0000000082f00000| Untracked 
|  24|0x0000000083000000, 0x0000000083000000, 0x0000000083100000|  0%| F|  |TAMS 0x0000000083000000, 0x0000000083000000| Untracked 
|  25|0x0000000083100000, 0x0000000083100000, 0x0000000083200000|  0%| F|  |TAMS 0x0000000083100000, 0x0000000083100000| Untracked 
|  26|0x0000000083200000, 0x0000000083200000, 0x0000000083300000|  0%| F|  |TAMS 0x0000000083200000, 0x0000000083200000| Untracked 
|  27|0x0000000083300000, 0x0000000083300000, 0x0000000083400000|  0%| F|  |TAMS 0x0000000083300000, 0x0000000083300000| Untracked 
|  28|0x0000000083400000, 0x0000000083400000, 0x0000000083500000|  0%| F|  |TAMS 0x0000000083400000, 0x0000000083400000| Untracked 
|  29|0x0000000083500000, 0x0000000083500000, 0x0000000083600000|  0%| F|  |TAMS 0x0000000083500000, 0x0000000083500000| Untracked 
|  30|0x0000000083600000, 0x0000000083600000, 0x0000000083700000|  0%| F|  |TAMS 0x0000000083600000, 0x0000000083600000| Untracked 
|  31|0x0000000083700000, 0x0000000083700000, 0x0000000083800000|  0%| F|  |TAMS 0x0000000083700000, 0x0000000083700000| Untracked 
|  32|0x0000000083800000, 0x0000000083800000, 0x0000000083900000|  0%| F|  |TAMS 0x0000000083800000, 0x0000000083800000| Untracked 
|  33|0x0000000083900000, 0x0000000083900000, 0x0000000083a00000|  0%| F|  |TAMS 0x0000000083900000, 0x0000000083900000| Untracked 
|  34|0x0000000083a00000, 0x0000000083a00000, 0x0000000083b00000|  0%| F|  |TAMS 0x0000000083a00000, 0x0000000083a00000| Untracked 
|  35|0x0000000083b00000, 0x0000000083b00000, 0x0000000083c00000|  0%| F|  |TAMS 0x0000000083b00000, 0x0000000083b00000| Untracked 
|  36|0x0000000083c00000, 0x0000000083c00000, 0x0000000083d00000|  0%| F|  |TAMS 0x0000000083c00000, 0x0000000083c00000| Untracked 
|  37|0x0000000083d00000, 0x0000000083d00000, 0x0000000083e00000|  0%| F|  |TAMS 0x0000000083d00000, 0x0000000083d00000| Untracked 
|  38|0x0000000083e00000, 0x0000000083e00000, 0x0000000083f00000|  0%| F|  |TAMS 0x0000000083e00000, 0x0000000083e00000| Untracked 
|  39|0x0000000083f00000, 0x0000000083f00000, 0x0000000084000000|  0%| F|  |TAMS 0x0000000083f00000, 0x0000000083f00000| Untracked 
|  40|0x0000000084000000, 0x0000000084000000, 0x0000000084100000|  0%| F|  |TAMS 0x0000000084000000, 0x0000000084000000| Untracked 
|  41|0x0000000084100000, 0x0000000084100000, 0x0000000084200000|  0%| F|  |TAMS 0x0000000084100000, 0x0000000084100000| Untracked 
|  42|0x0000000084200000, 0x0000000084200000, 0x0000000084300000|  0%| F|  |TAMS 0x0000000084200000, 0x0000000084200000| Untracked 
|  43|0x0000000084300000, 0x0000000084300000, 0x0000000084400000|  0%| F|  |TAMS 0x0000000084300000, 0x0000000084300000| Untracked 
|  44|0x0000000084400000, 0x0000000084400000, 0x0000000084500000|  0%| F|  |TAMS 0x0000000084400000, 0x0000000084400000| Untracked 
|  45|0x0000000084500000, 0x0000000084500000, 0x0000000084600000|  0%| F|  |TAMS 0x0000000084500000, 0x0000000084500000| Untracked 
|  46|0x0000000084600000, 0x0000000084600000, 0x0000000084700000|  0%| F|  |TAMS 0x0000000084600000, 0x0000000084600000| Untracked 
|  47|0x0000000084700000, 0x0000000084700000, 0x0000000084800000|  0%| F|  |TAMS 0x0000000084700000, 0x0000000084700000| Untracked 
|  48|0x0000000084800000, 0x0000000084800000, 0x0000000084900000|  0%| F|  |TAMS 0x0000000084800000, 0x0000000084800000| Untracked 
|  49|0x0000000084900000, 0x0000000084900000, 0x0000000084a00000|  0%| F|  |TAMS 0x0000000084900000, 0x0000000084900000| Untracked 
|  50|0x0000000084a00000, 0x0000000084a00000, 0x0000000084b00000|  0%| F|  |TAMS 0x0000000084a00000, 0x0000000084a00000| Untracked 
|  51|0x0000000084b00000, 0x0000000084b00000, 0x0000000084c00000|  0%| F|  |TAMS 0x0000000084b00000, 0x0000000084b00000| Untracked 
|  52|0x0000000084c00000, 0x0000000084c00000, 0x0000000084d00000|  0%| F|  |TAMS 0x0000000084c00000, 0x0000000084c00000| Untracked 
|  53|0x0000000084d00000, 0x0000000084d00000, 0x0000000084e00000|  0%| F|  |TAMS 0x0000000084d00000, 0x0000000084d00000| Untracked 
|  54|0x0000000084e00000, 0x0000000084e00000, 0x0000000084f00000|  0%| F|  |TAMS 0x0000000084e00000, 0x0000000084e00000| Untracked 
|  55|0x0000000084f00000, 0x0000000084f00000, 0x0000000085000000|  0%| F|  |TAMS 0x0000000084f00000, 0x0000000084f00000| Untracked 
|  56|0x0000000085000000, 0x0000000085000000, 0x0000000085100000|  0%| F|  |TAMS 0x0000000085000000, 0x0000000085000000| Untracked 
|  57|0x0000000085100000, 0x0000000085100000, 0x0000000085200000|  0%| F|  |TAMS 0x0000000085100000, 0x0000000085100000| Untracked 
|  58|0x0000000085200000, 0x0000000085200000, 0x0000000085300000|  0%| F|  |TAMS 0x0000000085200000, 0x0000000085200000| Untracked 
|  59|0x0000000085300000, 0x0000000085300000, 0x0000000085400000|  0%| F|  |TAMS 0x0000000085300000, 0x0000000085300000| Untracked 
|  60|0x0000000085400000, 0x0000000085400000, 0x0000000085500000|  0%| F|  |TAMS 0x0000000085400000, 0x0000000085400000| Untracked 
|  61|0x0000000085500000, 0x0000000085500000, 0x0000000085600000|  0%| F|  |TAMS 0x0000000085500000, 0x0000000085500000| Untracked 
|  62|0x0000000085600000, 0x0000000085600000, 0x0000000085700000|  0%| F|  |TAMS 0x0000000085600000, 0x0000000085600000| Untracked 
|  63|0x0000000085700000, 0x0000000085700000, 0x0000000085800000|  0%| F|  |TAMS 0x0000000085700000, 0x0000000085700000| Untracked 
|  64|0x0000000085800000, 0x0000000085800000, 0x0000000085900000|  0%| F|  |TAMS 0x0000000085800000, 0x0000000085800000| Untracked 
|  65|0x0000000085900000, 0x0000000085900000, 0x0000000085a00000|  0%| F|  |TAMS 0x0000000085900000, 0x0000000085900000| Untracked 
|  66|0x0000000085a00000, 0x0000000085a00000, 0x0000000085b00000|  0%| F|  |TAMS 0x0000000085a00000, 0x0000000085a00000| Untracked 
|  67|0x0000000085b00000, 0x0000000085b00000, 0x0000000085c00000|  0%| F|  |TAMS 0x0000000085b00000, 0x0000000085b00000| Untracked 
|  68|0x0000000085c00000, 0x0000000085c00000, 0x0000000085d00000|  0%| F|  |TAMS 0x0000000085c00000, 0x0000000085c00000| Untracked 
|  69|0x0000000085d00000, 0x0000000085d00000, 0x0000000085e00000|  0%| F|  |TAMS 0x0000000085d00000, 0x0000000085d00000| Untracked 
|  70|0x0000000085e00000, 0x0000000085e00000, 0x0000000085f00000|  0%| F|  |TAMS 0x0000000085e00000, 0x0000000085e00000| Untracked 
|  71|0x0000000085f00000, 0x0000000085f00000, 0x0000000086000000|  0%| F|  |TAMS 0x0000000085f00000, 0x0000000085f00000| Untracked 
|  72|0x0000000086000000, 0x0000000086000000, 0x0000000086100000|  0%| F|  |TAMS 0x0000000086000000, 0x0000000086000000| Untracked 
|  73|0x0000000086100000, 0x0000000086100000, 0x0000000086200000|  0%| F|  |TAMS 0x0000000086100000, 0x0000000086100000| Untracked 
|  74|0x0000000086200000, 0x0000000086200000, 0x0000000086300000|  0%| F|  |TAMS 0x0000000086200000, 0x0000000086200000| Untracked 
|  75|0x0000000086300000, 0x0000000086300000, 0x0000000086400000|  0%| F|  |TAMS 0x0000000086300000, 0x0000000086300000| Untracked 
|  76|0x0000000086400000, 0x0000000086400000, 0x0000000086500000|  0%| F|  |TAMS 0x0000000086400000, 0x0000000086400000| Untracked 
|  77|0x0000000086500000, 0x0000000086500000, 0x0000000086600000|  0%| F|  |TAMS 0x0000000086500000, 0x0000000086500000| Untracked 
|  78|0x0000000086600000, 0x0000000086600000, 0x0000000086700000|  0%| F|  |TAMS 0x0000000086600000, 0x0000000086600000| Untracked 
|  79|0x0000000086700000, 0x0000000086700000, 0x0000000086800000|  0%| F|  |TAMS 0x0000000086700000, 0x0000000086700000| Untracked 
|  80|0x0000000086800000, 0x0000000086800000, 0x0000000086900000|  0%| F|  |TAMS 0x0000000086800000, 0x0000000086800000| Untracked 
|  81|0x0000000086900000, 0x0000000086900000, 0x0000000086a00000|  0%| F|  |TAMS 0x0000000086900000, 0x0000000086900000| Untracked 
|  82|0x0000000086a00000, 0x0000000086a68fc0, 0x0000000086b00000| 41%| S|CS|TAMS 0x0000000086a00000, 0x0000000086a00000| Complete 
|  83|0x0000000086b00000, 0x0000000086c00000, 0x0000000086c00000|100%| S|CS|TAMS 0x0000000086b00000, 0x0000000086b00000| Complete 
|  84|0x0000000086c00000, 0x0000000086d00000, 0x0000000086d00000|100%| S|CS|TAMS 0x0000000086c00000, 0x0000000086c00000| Complete 
|  85|0x0000000086d00000, 0x0000000086e00000, 0x0000000086e00000|100%| S|CS|TAMS 0x0000000086d00000, 0x0000000086d00000| Complete 
|  86|0x0000000086e00000, 0x0000000086f00000, 0x0000000086f00000|100%| S|CS|TAMS 0x0000000086e00000, 0x0000000086e00000| Complete 
|  87|0x0000000086f00000, 0x0000000086f00000, 0x0000000087000000|  0%| F|  |TAMS 0x0000000086f00000, 0x0000000086f00000| Untracked 
|  88|0x0000000087000000, 0x0000000087000000, 0x0000000087100000|  0%| F|  |TAMS 0x0000000087000000, 0x0000000087000000| Untracked 
|  89|0x0000000087100000, 0x0000000087100000, 0x0000000087200000|  0%| F|  |TAMS 0x0000000087100000, 0x0000000087100000| Untracked 
|  90|0x0000000087200000, 0x0000000087200000, 0x0000000087300000|  0%| F|  |TAMS 0x0000000087200000, 0x0000000087200000| Untracked 
|  91|0x0000000087300000, 0x0000000087300000, 0x0000000087400000|  0%| F|  |TAMS 0x0000000087300000, 0x0000000087300000| Untracked 
|  92|0x0000000087400000, 0x0000000087400000, 0x0000000087500000|  0%| F|  |TAMS 0x0000000087400000, 0x0000000087400000| Untracked 
|  93|0x0000000087500000, 0x0000000087500000, 0x0000000087600000|  0%| F|  |TAMS 0x0000000087500000, 0x0000000087500000| Untracked 
|  94|0x0000000087600000, 0x0000000087600000, 0x0000000087700000|  0%| F|  |TAMS 0x0000000087600000, 0x0000000087600000| Untracked 
|  95|0x0000000087700000, 0x0000000087700000, 0x0000000087800000|  0%| F|  |TAMS 0x0000000087700000, 0x0000000087700000| Untracked 
|  96|0x0000000087800000, 0x0000000087800000, 0x0000000087900000|  0%| F|  |TAMS 0x0000000087800000, 0x0000000087800000| Untracked 
|  97|0x0000000087900000, 0x0000000087900000, 0x0000000087a00000|  0%| F|  |TAMS 0x0000000087900000, 0x0000000087900000| Untracked 
|  98|0x0000000087a00000, 0x0000000087a00000, 0x0000000087b00000|  0%| F|  |TAMS 0x0000000087a00000, 0x0000000087a00000| Untracked 
|  99|0x0000000087b00000, 0x0000000087b00000, 0x0000000087c00000|  0%| F|  |TAMS 0x0000000087b00000, 0x0000000087b00000| Untracked 
| 100|0x0000000087c00000, 0x0000000087c00000, 0x0000000087d00000|  0%| F|  |TAMS 0x0000000087c00000, 0x0000000087c00000| Untracked 
| 101|0x0000000087d00000, 0x0000000087d00000, 0x0000000087e00000|  0%| F|  |TAMS 0x0000000087d00000, 0x0000000087d00000| Untracked 
| 102|0x0000000087e00000, 0x0000000087e00000, 0x0000000087f00000|  0%| F|  |TAMS 0x0000000087e00000, 0x0000000087e00000| Untracked 
| 103|0x0000000087f00000, 0x0000000087f00000, 0x0000000088000000|  0%| F|  |TAMS 0x0000000087f00000, 0x0000000087f00000| Untracked 
| 104|0x0000000088000000, 0x0000000088000000, 0x0000000088100000|  0%| F|  |TAMS 0x0000000088000000, 0x0000000088000000| Untracked 
| 105|0x0000000088100000, 0x0000000088100000, 0x0000000088200000|  0%| F|  |TAMS 0x0000000088100000, 0x0000000088100000| Untracked 
| 106|0x0000000088200000, 0x0000000088200000, 0x0000000088300000|  0%| F|  |TAMS 0x0000000088200000, 0x0000000088200000| Untracked 
| 107|0x0000000088300000, 0x0000000088300000, 0x0000000088400000|  0%| F|  |TAMS 0x0000000088300000, 0x0000000088300000| Untracked 
| 108|0x0000000088400000, 0x0000000088400000, 0x0000000088500000|  0%| F|  |TAMS 0x0000000088400000, 0x0000000088400000| Untracked 
| 109|0x0000000088500000, 0x0000000088500000, 0x0000000088600000|  0%| F|  |TAMS 0x0000000088500000, 0x0000000088500000| Untracked 
| 110|0x0000000088600000, 0x0000000088600000, 0x0000000088700000|  0%| F|  |TAMS 0x0000000088600000, 0x0000000088600000| Untracked 
| 111|0x0000000088700000, 0x0000000088700000, 0x0000000088800000|  0%| F|  |TAMS 0x0000000088700000, 0x0000000088700000| Untracked 
| 112|0x0000000088800000, 0x0000000088800000, 0x0000000088900000|  0%| F|  |TAMS 0x0000000088800000, 0x0000000088800000| Untracked 
| 113|0x0000000088900000, 0x0000000088900000, 0x0000000088a00000|  0%| F|  |TAMS 0x0000000088900000, 0x0000000088900000| Untracked 
| 114|0x0000000088a00000, 0x0000000088a00000, 0x0000000088b00000|  0%| F|  |TAMS 0x0000000088a00000, 0x0000000088a00000| Untracked 
| 115|0x0000000088b00000, 0x0000000088b00000, 0x0000000088c00000|  0%| F|  |TAMS 0x0000000088b00000, 0x0000000088b00000| Untracked 
| 116|0x0000000088c00000, 0x0000000088c00000, 0x0000000088d00000|  0%| F|  |TAMS 0x0000000088c00000, 0x0000000088c00000| Untracked 
| 117|0x0000000088d00000, 0x0000000088d00000, 0x0000000088e00000|  0%| F|  |TAMS 0x0000000088d00000, 0x0000000088d00000| Untracked 
| 118|0x0000000088e00000, 0x0000000088e00000, 0x0000000088f00000|  0%| F|  |TAMS 0x0000000088e00000, 0x0000000088e00000| Untracked 
| 119|0x0000000088f00000, 0x0000000088f00000, 0x0000000089000000|  0%| F|  |TAMS 0x0000000088f00000, 0x0000000088f00000| Untracked 
| 120|0x0000000089000000, 0x0000000089000000, 0x0000000089100000|  0%| F|  |TAMS 0x0000000089000000, 0x0000000089000000| Untracked 
| 121|0x0000000089100000, 0x0000000089100000, 0x0000000089200000|  0%| F|  |TAMS 0x0000000089100000, 0x0000000089100000| Untracked 
| 122|0x0000000089200000, 0x0000000089200000, 0x0000000089300000|  0%| F|  |TAMS 0x0000000089200000, 0x0000000089200000| Untracked 
| 123|0x0000000089300000, 0x0000000089300000, 0x0000000089400000|  0%| F|  |TAMS 0x0000000089300000, 0x0000000089300000| Untracked 
| 124|0x0000000089400000, 0x0000000089400000, 0x0000000089500000|  0%| F|  |TAMS 0x0000000089400000, 0x0000000089400000| Untracked 
| 125|0x0000000089500000, 0x0000000089500000, 0x0000000089600000|  0%| F|  |TAMS 0x0000000089500000, 0x0000000089500000| Untracked 
| 126|0x0000000089600000, 0x0000000089600000, 0x0000000089700000|  0%| F|  |TAMS 0x0000000089600000, 0x0000000089600000| Untracked 
| 127|0x0000000089700000, 0x0000000089700000, 0x0000000089800000|  0%| F|  |TAMS 0x0000000089700000, 0x0000000089700000| Untracked 
| 128|0x0000000089800000, 0x0000000089800000, 0x0000000089900000|  0%| F|  |TAMS 0x0000000089800000, 0x0000000089800000| Untracked 
| 129|0x0000000089900000, 0x0000000089a00000, 0x0000000089a00000|100%| E|  |TAMS 0x0000000089900000, 0x0000000089900000| Complete 
| 130|0x0000000089a00000, 0x0000000089b00000, 0x0000000089b00000|100%| E|CS|TAMS 0x0000000089a00000, 0x0000000089a00000| Complete 
| 131|0x0000000089b00000, 0x0000000089c00000, 0x0000000089c00000|100%| E|CS|TAMS 0x0000000089b00000, 0x0000000089b00000| Complete 
| 132|0x0000000089c00000, 0x0000000089d00000, 0x0000000089d00000|100%| E|CS|TAMS 0x0000000089c00000, 0x0000000089c00000| Complete 
| 133|0x0000000089d00000, 0x0000000089e00000, 0x0000000089e00000|100%| E|CS|TAMS 0x0000000089d00000, 0x0000000089d00000| Complete 
| 134|0x0000000089e00000, 0x0000000089f00000, 0x0000000089f00000|100%| E|CS|TAMS 0x0000000089e00000, 0x0000000089e00000| Complete 
| 135|0x0000000089f00000, 0x000000008a000000, 0x000000008a000000|100%| E|CS|TAMS 0x0000000089f00000, 0x0000000089f00000| Complete 
| 136|0x000000008a000000, 0x000000008a100000, 0x000000008a100000|100%| E|CS|TAMS 0x000000008a000000, 0x000000008a000000| Complete 
| 137|0x000000008a100000, 0x000000008a200000, 0x000000008a200000|100%| E|CS|TAMS 0x000000008a100000, 0x000000008a100000| Complete 
| 138|0x000000008a200000, 0x000000008a300000, 0x000000008a300000|100%| E|CS|TAMS 0x000000008a200000, 0x000000008a200000| Complete 
| 139|0x000000008a300000, 0x000000008a400000, 0x000000008a400000|100%| E|CS|TAMS 0x000000008a300000, 0x000000008a300000| Complete 
| 140|0x000000008a400000, 0x000000008a500000, 0x000000008a500000|100%| E|CS|TAMS 0x000000008a400000, 0x000000008a400000| Complete 
| 141|0x000000008a500000, 0x000000008a600000, 0x000000008a600000|100%| E|CS|TAMS 0x000000008a500000, 0x000000008a500000| Complete 
| 142|0x000000008a600000, 0x000000008a700000, 0x000000008a700000|100%| E|CS|TAMS 0x000000008a600000, 0x000000008a600000| Complete 
| 143|0x000000008a700000, 0x000000008a800000, 0x000000008a800000|100%| E|CS|TAMS 0x000000008a700000, 0x000000008a700000| Complete 
| 144|0x000000008a800000, 0x000000008a900000, 0x000000008a900000|100%| E|CS|TAMS 0x000000008a800000, 0x000000008a800000| Complete 
| 145|0x000000008a900000, 0x000000008aa00000, 0x000000008aa00000|100%| E|CS|TAMS 0x000000008a900000, 0x000000008a900000| Complete 
| 146|0x000000008aa00000, 0x000000008ab00000, 0x000000008ab00000|100%| E|CS|TAMS 0x000000008aa00000, 0x000000008aa00000| Complete 
| 147|0x000000008ab00000, 0x000000008ac00000, 0x000000008ac00000|100%| E|CS|TAMS 0x000000008ab00000, 0x000000008ab00000| Complete 
| 148|0x000000008ac00000, 0x000000008ad00000, 0x000000008ad00000|100%| E|CS|TAMS 0x000000008ac00000, 0x000000008ac00000| Complete 
| 149|0x000000008ad00000, 0x000000008ae00000, 0x000000008ae00000|100%| E|CS|TAMS 0x000000008ad00000, 0x000000008ad00000| Complete 
| 150|0x000000008ae00000, 0x000000008af00000, 0x000000008af00000|100%| E|CS|TAMS 0x000000008ae00000, 0x000000008ae00000| Complete 
| 151|0x000000008af00000, 0x000000008b000000, 0x000000008b000000|100%| E|CS|TAMS 0x000000008af00000, 0x000000008af00000| Complete 
| 152|0x000000008b000000, 0x000000008b100000, 0x000000008b100000|100%| E|CS|TAMS 0x000000008b000000, 0x000000008b000000| Complete 
| 153|0x000000008b100000, 0x000000008b200000, 0x000000008b200000|100%| E|CS|TAMS 0x000000008b100000, 0x000000008b100000| Complete 

Card table byte_map: [0x00000163c7800000,0x00000163c7c00000] _byte_map_base: 0x00000163c73f4000

Marking Bits (Prev, Next): (CMBitMap*) 0x00000163b081af68, (CMBitMap*) 0x00000163b081afa0
 Prev Bits: [0x00000163c8000000, 0x00000163c9fa0000)
 Next Bits: [0x00000163c9fa0000, 0x00000163cbf40000)

Polling page: 0x00000163ae780000

Metaspace:

Usage:
  Non-class:     38.63 MB capacity,    38.41 MB (>99%) used,   154.93 KB ( <1%) free+waste,    65.56 KB ( <1%) overhead. 
      Class:      5.39 MB capacity,     5.19 MB ( 96%) used,   176.70 KB (  3%) free+waste,    29.44 KB ( <1%) overhead. 
       Both:     44.02 MB capacity,    43.60 MB (>99%) used,   331.63 KB ( <1%) free+waste,    95.00 KB ( <1%) overhead. 

Virtual space:
  Non-class space:       40.00 MB reserved,      38.67 MB ( 97%) committed 
      Class space:        1.00 GB reserved,       5.50 MB ( <1%) committed 
             Both:        1.04 GB reserved,      44.17 MB (  4%) committed 

Chunk freelists:
   Non-Class:  5.50 KB
       Class:  2.50 KB
        Both:  8.00 KB

CodeHeap 'non-profiled nmethods': size=120000Kb used=1454Kb max_used=1454Kb free=118545Kb
 bounds [0x00000163bf980000, 0x00000163bfbf0000, 0x00000163c6eb0000]
CodeHeap 'profiled nmethods': size=120000Kb used=7163Kb max_used=7163Kb free=112836Kb
 bounds [0x00000163b8450000, 0x00000163b8b50000, 0x00000163bf980000]
CodeHeap 'non-nmethods': size=5760Kb used=1193Kb max_used=1242Kb free=4567Kb
 bounds [0x00000163b7eb0000, 0x00000163b8120000, 0x00000163b8450000]
 total_blobs=4062 nmethods=3517 adapters=455
 compilation: enabled
              stopped_count=0, restarted_count=0
 full_count=0

Compilation events (10 events):
Event: 12.546 Thread 0x00000163cf4e0800 nmethod 3530 0x00000163b8b4c990 code [0x00000163b8b4cb40, 0x00000163b8b4ccb8]
Event: 12.577 Thread 0x00000163cf4e0800 3534       3       java.lang.StringLatin1::indexOf (121 bytes)
Event: 12.578 Thread 0x00000163cf4e0800 nmethod 3534 0x00000163b8b4cd90 code [0x00000163b8b4cf60, 0x00000163b8b4d438]
Event: 12.619 Thread 0x00000163cf4e0800 3535       2       java.lang.invoke.VarHandleGuards::guard_LII_Z (70 bytes)
Event: 12.622 Thread 0x00000163cf4e0800 nmethod 3535 0x00000163b8b4d690 code [0x00000163b8b4d8c0, 0x00000163b8b4dee8]
Event: 12.622 Thread 0x00000163cf4e0800 3536       2       java.lang.invoke.VarHandleInts$FieldInstanceReadWrite::compareAndSet (24 bytes)
Event: 12.623 Thread 0x00000163cf4e0800 nmethod 3536 0x00000163b8b4e390 code [0x00000163b8b4e560, 0x00000163b8b4e848]
Event: 12.623 Thread 0x00000163cf4e0800 3538       2       org.jetbrains.org.objectweb.asm.ClassReader::readUnsignedShort (26 bytes)
Event: 12.623 Thread 0x00000163cf4e0800 nmethod 3538 0x00000163b8b4ea10 code [0x00000163b8b4eba0, 0x00000163b8b4ecf8]
Event: 12.626 Thread 0x00000163cf4e0800 3539       2       org.jetbrains.org.objectweb.asm.ClassReader::readUtf (161 bytes)

GC Heap History (10 events):
Event: 1.734 GC heap before
{Heap before GC invocations=0 (full 0):
 garbage-first heap   total 131072K, used 27648K [0x0000000081800000, 0x0000000100000000)
  region size 1024K, 24 young (24576K), 0 survivors (0K)
 Metaspace       used 12174K, capacity 12310K, committed 12544K, reserved 1060864K
  class space    used 1153K, capacity 1207K, committed 1280K, reserved 1048576K
}
Event: 1.751 GC heap after
{Heap after GC invocations=1 (full 0):
 garbage-first heap   total 131072K, used 5884K [0x0000000081800000, 0x0000000100000000)
  region size 1024K, 3 young (3072K), 3 survivors (3072K)
 Metaspace       used 12174K, capacity 12310K, committed 12544K, reserved 1060864K
  class space    used 1153K, capacity 1207K, committed 1280K, reserved 1048576K
}
Event: 4.898 GC heap before
{Heap before GC invocations=1 (full 0):
 garbage-first heap   total 131072K, used 43772K [0x0000000081800000, 0x0000000100000000)
  region size 1024K, 41 young (41984K), 3 survivors (3072K)
 Metaspace       used 20897K, capacity 21086K, committed 21296K, reserved 1069056K
  class space    used 2245K, capacity 2313K, committed 2432K, reserved 1048576K
}
Event: 4.931 GC heap after
{Heap after GC invocations=2 (full 0):
 garbage-first heap   total 131072K, used 9216K [0x0000000081800000, 0x0000000100000000)
  region size 1024K, 6 young (6144K), 6 survivors (6144K)
 Metaspace       used 20897K, capacity 21086K, committed 21296K, reserved 1069056K
  class space    used 2245K, capacity 2313K, committed 2432K, reserved 1048576K
}
Event: 9.148 GC heap before
{Heap before GC invocations=3 (full 0):
 garbage-first heap   total 131072K, used 59392K [0x0000000081800000, 0x0000000100000000)
  region size 1024K, 50 young (51200K), 6 survivors (6144K)
 Metaspace       used 31287K, capacity 31697K, committed 32048K, reserved 1077248K
  class space    used 3928K, capacity 4116K, committed 4224K, reserved 1048576K
}
Event: 9.214 GC heap after
{Heap after GC invocations=4 (full 0):
 garbage-first heap   total 131072K, used 20543K [0x0000000081800000, 0x0000000100000000)
  region size 1024K, 7 young (7168K), 7 survivors (7168K)
 Metaspace       used 31287K, capacity 31697K, committed 32048K, reserved 1077248K
  class space    used 3928K, capacity 4116K, committed 4224K, reserved 1048576K
}
Event: 9.345 GC heap before
{Heap before GC invocations=5 (full 0):
 garbage-first heap   total 131072K, used 22591K [0x0000000081800000, 0x0000000100000000)
  region size 1024K, 9 young (9216K), 7 survivors (7168K)
 Metaspace       used 31699K, capacity 32086K, committed 32304K, reserved 1077248K
  class space    used 4000K, capacity 4182K, committed 4224K, reserved 1048576K
}
Event: 9.378 GC heap after
{Heap after GC invocations=6 (full 0):
 garbage-first heap   total 131072K, used 21504K [0x0000000081800000, 0x0000000100000000)
  region size 1024K, 1 young (1024K), 1 survivors (1024K)
 Metaspace       used 31699K, capacity 32086K, committed 32304K, reserved 1077248K
  class space    used 4000K, capacity 4182K, committed 4224K, reserved 1048576K
}
Event: 11.126 GC heap before
{Heap before GC invocations=6 (full 0):
 garbage-first heap   total 131072K, used 62464K [0x0000000081800000, 0x0000000100000000)
  region size 1024K, 41 young (41984K), 1 survivors (1024K)
 Metaspace       used 39821K, capacity 40224K, committed 40624K, reserved 1085440K
  class space    used 4809K, capacity 4995K, committed 5120K, reserved 1048576K
}
Event: 11.148 GC heap after
{Heap after GC invocations=7 (full 0):
 garbage-first heap   total 157696K, used 22947K [0x0000000081800000, 0x0000000100000000)
  region size 1024K, 5 young (5120K), 5 survivors (5120K)
 Metaspace       used 39821K, capacity 40224K, committed 40624K, reserved 1085440K
  class space    used 4809K, capacity 4995K, committed 5120K, reserved 1048576K
}

Deoptimization events (10 events):
Event: 11.949 Thread 0x00000163b07e4000 Uncommon trap: reason=unstable_if action=reinterpret pc=0x00000163bfab693c method=org.jetbrains.kotlin.com.intellij.psi.tree.TokenSet.contains(Lorg/jetbrains/kotlin/com/intellij/psi/tree/IElementType;)Z @ 1 c2
Event: 12.113 Thread 0x00000163b07e4000 Uncommon trap: reason=class_check action=maybe_recompile pc=0x00000163bfad8268 method=org.jetbrains.kotlin.parsing.AbstractKotlinParsing.tt()Lorg/jetbrains/kotlin/com/intellij/psi/tree/IElementType; @ 4 c2
Event: 12.511 Thread 0x00000163b07e4000 Uncommon trap: reason=bimorphic_or_optimized_type_check action=maybe_recompile pc=0x00000163bfa32768 method=java.util.zip.ZipFile.getZipEntry(Ljava/lang/String;[BILjava/util/function/Function;)Ljava/util/zip/ZipEntry; @ 108 c2
Event: 12.512 Thread 0x00000163b07e4000 Uncommon trap: reason=bimorphic_or_optimized_type_check action=maybe_recompile pc=0x00000163bfa78a68 method=org.jetbrains.kotlin.protobuf.CodedInputStream.tryRefillBuffer(I)Z @ 177 c2
Event: 12.514 Thread 0x00000163b07e4000 Uncommon trap: reason=bimorphic_or_optimized_type_check action=maybe_recompile pc=0x00000163bfa78a68 method=org.jetbrains.kotlin.protobuf.CodedInputStream.tryRefillBuffer(I)Z @ 177 c2
Event: 12.519 Thread 0x00000163b07e4000 Uncommon trap: reason=bimorphic_or_optimized_type_check action=maybe_recompile pc=0x00000163bfa78a68 method=org.jetbrains.kotlin.protobuf.CodedInputStream.tryRefillBuffer(I)Z @ 177 c2
Event: 12.521 Thread 0x00000163b07e4000 Uncommon trap: reason=bimorphic_or_optimized_type_check action=maybe_recompile pc=0x00000163bfa78a68 method=org.jetbrains.kotlin.protobuf.CodedInputStream.tryRefillBuffer(I)Z @ 177 c2
Event: 12.578 Thread 0x00000163b07e4000 Uncommon trap: reason=bimorphic_or_optimized_type_check action=maybe_recompile pc=0x00000163bfa32768 method=java.util.zip.ZipFile.getZipEntry(Ljava/lang/String;[BILjava/util/function/Function;)Ljava/util/zip/ZipEntry; @ 108 c2
Event: 12.622 Thread 0x00000163b07e4000 Uncommon trap: reason=bimorphic_or_optimized_type_check action=maybe_recompile pc=0x00000163bfa32768 method=java.util.zip.ZipFile.getZipEntry(Ljava/lang/String;[BILjava/util/function/Function;)Ljava/util/zip/ZipEntry; @ 108 c2
Event: 12.624 Thread 0x00000163b07e4000 Uncommon trap: reason=bimorphic_or_optimized_type_check action=maybe_recompile pc=0x00000163bfa32768 method=java.util.zip.ZipFile.getZipEntry(Ljava/lang/String;[BILjava/util/function/Function;)Ljava/util/zip/ZipEntry; @ 108 c2

Classes redefined (0 events):
No events

Internal exceptions (10 events):
Event: 6.379 Thread 0x00000163b07e4000 Exception <a 'java/lang/NoSuchMethodError'{0x0000000088a03f00}: java.lang.invoke.DirectMethodHandle$Holder.invokeStatic(Ljava/lang/Object;Ljava/lang/Object;Ljava/lang/Object;Ljava/lang/Object;)V> (0x0000000088a03f00) thrown at [./open/src/hotspot/share/in
Event: 6.569 Thread 0x00000163b07e4000 Exception <a 'java/lang/NoSuchMethodError'{0x00000000887e3808}: java.lang.invoke.DirectMethodHandle$Holder.invokeStaticInit(Ljava/lang/Object;Ljava/lang/Object;)V> (0x00000000887e3808) thrown at [./open/src/hotspot/share/interpreter/linkResolver.cpp, line
Event: 6.753 Thread 0x00000163b07e4000 Exception <a 'java/lang/NoSuchMethodError'{0x0000000088200800}: java.lang.invoke.DirectMethodHandle$Holder.invokeVirtual(Ljava/lang/Object;Ljava/lang/Object;)V> (0x0000000088200800) thrown at [./open/src/hotspot/share/interpreter/linkResolver.cpp, line 77
Event: 6.794 Thread 0x00000163b07e4000 Exception <a 'java/lang/NoSuchMethodError'{0x000000008827e8e8}: java.lang.invoke.DirectMethodHandle$Holder.invokeVirtual(Ljava/lang/Object;Ljava/lang/Object;)I> (0x000000008827e8e8) thrown at [./open/src/hotspot/share/interpreter/linkResolver.cpp, line 77
Event: 9.788 Thread 0x00000163b07e4000 Exception <a 'java/lang/NoSuchMethodError'{0x0000000088c79448}: java.lang.invoke.DirectMethodHandle$Holder.invokeVirtual(Ljava/lang/Object;Ljava/lang/Object;Ljava/lang/Object;)Ljava/lang/Object;> (0x0000000088c79448) thrown at [./open/src/hotspot/share/in
Event: 11.602 Thread 0x00000163b07e4000 Exception <a 'java/lang/NoSuchMethodError'{0x000000008a62d6d0}: java.lang.invoke.Invokers$Holder.linkToTargetMethod(Ljava/lang/Object;ILjava/lang/Object;)Ljava/lang/Object;> (0x000000008a62d6d0) thrown at [./open/src/hotspot/share/interpreter/linkResolver
Event: 11.949 Thread 0x00000163b07e4000 Implicit null exception at 0x00000163bfab684c to 0x00000163bfab6928
Event: 12.274 Thread 0x00000163b07e4000 Exception <a 'java/lang/NoSuchMethodError'{0x0000000089e1dce0}: java.lang.invoke.DirectMethodHandle$Holder.invokeStatic(Ljava/lang/Object;Ljava/lang/Object;Ljava/lang/Object;I)Ljava/lang/Object;> (0x0000000089e1dce0) thrown at [./open/src/hotspot/share/in
Event: 12.275 Thread 0x00000163b07e4000 Exception <a 'java/lang/NoSuchMethodError'{0x0000000089e21950}: java.lang.invoke.DirectMethodHandle$Holder.invokeSpecial(Ljava/lang/Object;Ljava/lang/Object;Ljava/lang/Object;Ljava/lang/Object;I)Ljava/lang/Object;> (0x0000000089e21950) thrown at [./open/s
Event: 12.275 Thread 0x00000163b07e4000 Exception <a 'java/lang/NoSuchMethodError'{0x0000000089e24c58}: java.lang.invoke.Invokers$Holder.linkToTargetMethod(Ljava/lang/Object;Ljava/lang/Object;ILjava/lang/Object;)Ljava/lang/Object;> (0x0000000089e24c58) thrown at [./open/src/hotspot/share/interp

Events (10 events):
Event: 12.616 loading class org/jetbrains/kotlin/load/kotlin/KotlinClassFinder$Result$KotlinClass
Event: 12.616 loading class org/jetbrains/kotlin/load/kotlin/KotlinClassFinder$Result$KotlinClass done
Event: 12.622 Thread 0x00000163b07e4000 Uncommon trap: trap_request=0xffffffc6 fr.pc=0x00000163bfa32768 relative=0x0000000000001468
Event: 12.622 Thread 0x00000163b07e4000 DEOPT PACKING pc=0x00000163bfa32768 sp=0x00000014a36f9980
Event: 12.622 Thread 0x00000163b07e4000 DEOPT UNPACKING pc=0x00000163b7ed662f sp=0x00000014a36f9938 mode 2
Event: 12.624 Thread 0x00000163b07e4000 Uncommon trap: trap_request=0xffffffc6 fr.pc=0x00000163bfa32768 relative=0x0000000000001468
Event: 12.624 Thread 0x00000163b07e4000 DEOPT PACKING pc=0x00000163bfa32768 sp=0x00000014a36f9980
Event: 12.624 Thread 0x00000163b07e4000 DEOPT UNPACKING pc=0x00000163b7ed662f sp=0x00000014a36f9938 mode 2
Event: 12.624 loading class org/jetbrains/kotlin/load/kotlin/FileBasedKotlinClass$OuterAndInnerName
Event: 12.624 loading class org/jetbrains/kotlin/load/kotlin/FileBasedKotlinClass$OuterAndInnerName done


Dynamic libraries:
0x00007ff6d7070000 - 0x00007ff6d707f000 	C:\Program Files\Java\jdk-11.0.17\bin\java.exe
0x00007ffeb54d0000 - 0x00007ffeb56c7000 	C:\WINDOWS\SYSTEM32\ntdll.dll
0x00007ffeb3920000 - 0x00007ffeb39dd000 	C:\WINDOWS\System32\KERNEL32.DLL
0x00007ffeb2c80000 - 0x00007ffeb2f76000 	C:\WINDOWS\System32\KERNELBASE.dll
0x00007ffeb3430000 - 0x00007ffeb3530000 	C:\WINDOWS\System32\ucrtbase.dll
0x00007ffeabf90000 - 0x00007ffeabfa8000 	C:\Program Files\Java\jdk-11.0.17\bin\jli.dll
0x00007ffeb49d0000 - 0x00007ffeb4a7e000 	C:\WINDOWS\System32\ADVAPI32.dll
0x00007ffeb3f90000 - 0x00007ffeb402e000 	C:\WINDOWS\System32\msvcrt.dll
0x00007ffeb4660000 - 0x00007ffeb46fc000 	C:\WINDOWS\System32\sechost.dll
0x00007ffeb4170000 - 0x00007ffeb4296000 	C:\WINDOWS\System32\RPCRT4.dll
0x00007ffeb5230000 - 0x00007ffeb53ce000 	C:\WINDOWS\System32\USER32.dll
0x00007ffeb3400000 - 0x00007ffeb3422000 	C:\WINDOWS\System32\win32u.dll
0x00007ffeb5460000 - 0x00007ffeb548c000 	C:\WINDOWS\System32\GDI32.dll
0x00007ffeb32e0000 - 0x00007ffeb33fa000 	C:\WINDOWS\System32\gdi32full.dll
0x00007ffeb2be0000 - 0x00007ffeb2c7d000 	C:\WINDOWS\System32\msvcp_win.dll
0x00007ffeac050000 - 0x00007ffeac065000 	C:\Program Files\Java\jdk-11.0.17\bin\VCRUNTIME140.dll
0x00007ffea54b0000 - 0x00007ffea574a000 	C:\WINDOWS\WinSxS\amd64_microsoft.windows.common-controls_6595b64144ccf1df_6.0.19041.3570_none_60bb2a3971f3e41a\COMCTL32.dll
0x00007ffeaca20000 - 0x00007ffeaca2a000 	C:\WINDOWS\SYSTEM32\VERSION.dll
0x00007ffeb3f60000 - 0x00007ffeb3f90000 	C:\WINDOWS\System32\IMM32.DLL
0x00007ffe8f980000 - 0x00007ffe8fa1b000 	C:\Program Files\Java\jdk-11.0.17\bin\msvcp140.dll
0x00007ffe5d520000 - 0x00007ffe5e03a000 	C:\Program Files\Java\jdk-11.0.17\bin\server\jvm.dll
0x00007ffeb4030000 - 0x00007ffeb4038000 	C:\WINDOWS\System32\PSAPI.DLL
0x00007ffeae1f0000 - 0x00007ffeae1f9000 	C:\WINDOWS\SYSTEM32\WSOCK32.dll
0x00007ffeb47b0000 - 0x00007ffeb481b000 	C:\WINDOWS\System32\WS2_32.dll
0x00007ffeaa0e0000 - 0x00007ffeaa107000 	C:\WINDOWS\SYSTEM32\WINMM.dll
0x00007ffeb0a70000 - 0x00007ffeb0a82000 	C:\WINDOWS\SYSTEM32\kernel.appcore.dll
0x00007ffeac040000 - 0x00007ffeac050000 	C:\Program Files\Java\jdk-11.0.17\bin\verify.dll
0x00007ffea7a00000 - 0x00007ffea7be4000 	C:\WINDOWS\SYSTEM32\DBGHELP.DLL
0x00007ffea74f0000 - 0x00007ffea7524000 	C:\WINDOWS\SYSTEM32\dbgcore.DLL
0x00007ffeb3250000 - 0x00007ffeb32d2000 	C:\WINDOWS\System32\bcryptPrimitives.dll
0x00007ffe9ecf0000 - 0x00007ffe9ed18000 	C:\Program Files\Java\jdk-11.0.17\bin\java.dll
0x00007ffeabac0000 - 0x00007ffeabaca000 	C:\Program Files\Java\jdk-11.0.17\bin\jimage.dll
0x00007ffea81a0000 - 0x00007ffea81b6000 	C:\Program Files\Java\jdk-11.0.17\bin\zip.dll
0x00007ffeb4ae0000 - 0x00007ffeb5224000 	C:\WINDOWS\System32\SHELL32.dll
0x00007ffeb0c70000 - 0x00007ffeb140b000 	C:\WINDOWS\SYSTEM32\windows.storage.dll
0x00007ffeb42a0000 - 0x00007ffeb45f4000 	C:\WINDOWS\System32\combase.dll
0x00007ffeb2520000 - 0x00007ffeb254d000 	C:\WINDOWS\SYSTEM32\Wldp.dll
0x00007ffeb4700000 - 0x00007ffeb47ad000 	C:\WINDOWS\System32\SHCORE.dll
0x00007ffeb4a80000 - 0x00007ffeb4ad5000 	C:\WINDOWS\System32\shlwapi.dll
0x00007ffeb2ae0000 - 0x00007ffeb2b05000 	C:\WINDOWS\SYSTEM32\profapi.dll
0x00007ffe9eca0000 - 0x00007ffe9ecb9000 	C:\Program Files\Java\jdk-11.0.17\bin\net.dll
0x00007ffeac910000 - 0x00007ffeaca1a000 	C:\WINDOWS\SYSTEM32\WINHTTP.dll
0x00007ffeb2280000 - 0x00007ffeb22ea000 	C:\WINDOWS\system32\mswsock.dll
0x00007ffe9c0f0000 - 0x00007ffe9c102000 	C:\Program Files\Java\jdk-11.0.17\bin\nio.dll

dbghelp: loaded successfully - version: 4.0.5 - missing functions: none
symbol engine: initialized successfully - sym options: 0x614 - pdb path: .;C:\Program Files\Java\jdk-11.0.17\bin;C:\WINDOWS\SYSTEM32;C:\WINDOWS\WinSxS\amd64_microsoft.windows.common-controls_6595b64144ccf1df_6.0.19041.3570_none_60bb2a3971f3e41a;C:\Program Files\Java\jdk-11.0.17\bin\server

VM Arguments:
java_command: org.jetbrains.kotlin.cli.jvm.K2JVMCompiler @C:\Users\Admin\Desktop\REACT_NATIVE\CopePod\node_modules\react-native-gesture-handler\android\build\20231115_10814903436829859325.compiler.options
java_class_path (initial): C:\Users\Admin\.gradle\caches\modules-2\files-2.1\org.jetbrains.kotlin\kotlin-compiler-embeddable\1.6.21\97bdd5a752ce73b58ef16c17bc7f0ea2faff7a2e\kotlin-compiler-embeddable-1.6.21.jar;C:\Users\Admin\.gradle\caches\modules-2\files-2.1\org.jetbrains.kotlin\kotlin-reflect\1.6.21\5dc3574d9b7bebfcb4ec6b10ada4aaa9e140bd0b\kotlin-reflect-1.6.21.jar;C:\Users\Admin\.gradle\caches\modules-2\files-2.1\org.jetbrains.kotlin\kotlin-stdlib\1.6.21\11ef67f1900634fd951bad28c53ec957fabbe5b8\kotlin-stdlib-1.6.21.jar;C:\Users\Admin\.gradle\caches\modules-2\files-2.1\org.jetbrains.kotlin\kotlin-script-runtime\1.6.21\99c6675100da5d6d5b1c5a1032f27f28008d101b\kotlin-script-runtime-1.6.21.jar;C:\Users\Admin\.gradle\caches\modules-2\files-2.1\org.jetbrains.kotlin\kotlin-daemon-embeddable\1.6.21\46b78cf392e1c4f10854c3cadba44abb7b82250f\kotlin-daemon-embeddable-1.6.21.jar;C:\Users\Admin\.gradle\caches\modules-2\files-2.1\org.jetbrains.intellij.deps\trove4j\1.0.20200330\3afb14d5f9ceb459d724e907a21145e8ff394f02\trove4j-1.0.20200330.jar;C:\Users\Admin\.gradle\caches\modules-2\files-2.1\net.java.dev.jna\jna\5.6.0\330f2244e9030119ab3030fc3fededc86713d9cc\jna-5.6.0.jar;C:\Users\Admin\.gradle\caches\modules-2\files-2.1\org.jetbrains.kotlin\kotlin-stdlib-common\1.6.21\5e5b55c26dbc80372a920aef60eb774b714559b8\kotlin-stdlib-common-1.6.21.jar;C:\Users\Admin\.gradle\caches\modules-2\files-2.1\org.jetbrains\annotations\13.0\919f0dfe192fb4e063e7dacadee7f8bb9a2672a9\annotations-13.0.jar
Launcher Type: SUN_STANDARD

[Global flags]
     intx CICompilerCount                          = 4                                         {product} {ergonomic}
     uint ConcGCThreads                            = 3                                         {product} {ergonomic}
     uint G1ConcRefinementThreads                  = 10                                        {product} {ergonomic}
   size_t G1HeapRegionSize                         = 1048576                                   {product} {ergonomic}
    uintx GCDrainStackTargetSize                   = 64                                        {product} {ergonomic}
   size_t InitialHeapSize                          = 134217728                                 {product} {ergonomic}
   size_t MarkStackSize                            = 4194304                                   {product} {ergonomic}
   size_t MaxHeapSize                              = 2122317824                                {product} {ergonomic}
   size_t MaxNewSize                               = 1272971264                                {product} {ergonomic}
   size_t MinHeapDeltaBytes                        = 1048576                                   {product} {ergonomic}
    uintx NonNMethodCodeHeapSize                   = 5836300                                {pd product} {ergonomic}
    uintx NonProfiledCodeHeapSize                  = 122910970                              {pd product} {ergonomic}
    uintx ProfiledCodeHeapSize                     = 122910970                              {pd product} {ergonomic}
    uintx ReservedCodeCacheSize                    = 251658240                              {pd product} {ergonomic}
     bool SegmentedCodeCache                       = true                                      {product} {ergonomic}
     bool UseCompressedClassPointers               = true                                 {lp64_product} {ergonomic}
     bool UseCompressedOops                        = true                                 {lp64_product} {ergonomic}
     bool UseG1GC                                  = true                                      {product} {ergonomic}
     bool UseLargePagesIndividualAllocation        = false                                  {pd product} {ergonomic}

Logging:
Log output configuration:
 #0: stdout all=warning uptime,level,tags
 #1: stderr all=off uptime,level,tags

Environment Variables:
JAVA_HOME=C:\Program Files\Java\jdk-11.0.17
CLASSPATH=C:\Users\Admin\Desktop\REACT_NATIVE\CopePod\android\\gradle\wrapper\gradle-wrapper.jar
PATH=C:\Users\Admin\AppData\Local\Temp\yarn--1700051756326-0.6934855528886053;C:\Users\Admin\Desktop\REACT_NATIVE\CopePod\node_modules\.bin;C:\Users\Admin\AppData\Local\Yarn\Data\link\node_modules\.bin;C:\Users\Admin\AppData\Local\Yarn\bin;C:\Program Files\libexec\lib\node_modules\npm\bin\node-gyp-bin;C:\Program Files\lib\node_modules\npm\bin\node-gyp-bin;C:\Program Files\nodejs\node_modules\npm\bin\node-gyp-bin;C:\WINDOWS\system32;C:\WINDOWS;C:\WINDOWS\System32\Wbem;C:\WINDOWS\System32\WindowsPowerShell\v1.0\;C:\WINDOWS\System32\OpenSSH\;C:\Program Files\MongoDB\Server\5.0\bin;C:\Program Files\Githutrepo\cmd;C:\Program Files\nodejs\;C:\Program Files\Java\jdk-11.0.17\bin;C:\Program Files\MongoDB\Server\6.0\bin;C:\Users\Admin\AppData\Local\Programs\Python\Python311\Scripts\;C:\Users\Admin\AppData\Local\Programs\Python\Python311\;C:\Users\Admin\AppData\Local\Microsoft\WindowsApps;C:\Users\Admin\AppData\Local\Programs\Microsoft VS Code\bin;C:\Users\Admin\AppData\Roaming\npm;C:\Program Files\Java\jdk-11.0.17\bin;C:\Program Files\MongoDB\Server\6.0\bin;
USERNAME=Admin
OS=Windows_NT
PROCESSOR_IDENTIFIER=Intel64 Family 6 Model 165 Stepping 5, GenuineIntel



---------------  S Y S T E M  ---------------

OS: Windows 10 , 64 bit Build 19041 (10.0.19041.3570)

CPU:total 12 (initial active 12) (6 cores per cpu, 2 threads per core) family 6 model 165 stepping 5 microcode 0xec, cmov, cx8, fxsr, mmx, sse, sse2, sse3, ssse3, sse4.1, sse4.2, popcnt, avx, avx2, aes, clmul, erms, 3dnowpref, lzcnt, ht, tsc, tscinvbit, bmi1, bmi2, adx, fma

Memory: 4k page, system-wide physical 8089M (595M free)
TotalPageFile size 32665M (AvailPageFile size 3M)
current process WorkingSet (physical memory assigned to process): 254M, peak: 254M
current process commit charge ("private bytes"): 353M, peak: 354M

vm_info: Java HotSpot(TM) 64-Bit Server VM (11.0.17+10-LTS-269) for windows-amd64 JRE (11.0.17+10-LTS-269), built on Sep 13 2022 19:26:37 by "mach5one" with MS VC++ 15.9 (VS2017)

END.
